<?xml version="1.0" encoding="UTF-8"?>
<testsuite name="com.app.server.service.defaultcontext.defaultdomain.PersonalInfoTestCase" tests="5" skipped="0" failures="0" errors="0" timestamp="2016-03-22T12:29:51" hostname="1d7012e6195a" time="17.579">
  <properties/>
  <testcase name="test1Save" classname="com.app.server.service.defaultcontext.defaultdomain.PersonalInfoTestCase" time="17.335"/>
  <testcase name="test2Update" classname="com.app.server.service.defaultcontext.defaultdomain.PersonalInfoTestCase" time="0.066"/>
  <testcase name="test3FindById" classname="com.app.server.service.defaultcontext.defaultdomain.PersonalInfoTestCase" time="0.005"/>
  <testcase name="test4Delete" classname="com.app.server.service.defaultcontext.defaultdomain.PersonalInfoTestCase" time="0.143"/>
  <testcase name="test5NegativeTesting" classname="com.app.server.service.defaultcontext.defaultdomain.PersonalInfoTestCase" time="0.029"/>
  <system-out><![CDATA[[EL Config]: metadata: 2016-03-22 12:29:55.648--ServerSession(801766456)--Thread(Thread[Test worker,5,main])--The access type for the persistent class [class com.athena.shared.entity.ArtEntity] is set to [FIELD].
[EL Config]: metadata: 2016-03-22 12:29:55.665--ServerSession(801766456)--Thread(Thread[Test worker,5,main])--The access type for the persistent class [class com.athena.shared.entity.AuditPropertiesEntity] is set to [FIELD].
[EL Config]: metadata: 2016-03-22 12:29:55.666--ServerSession(801766456)--Thread(Thread[Test worker,5,main])--The access type for the persistent class [class com.athena.shared.entity.query.ArtQuery] is set to [FIELD].
[EL Config]: metadata: 2016-03-22 12:29:55.668--ServerSession(801766456)--Thread(Thread[Test worker,5,main])--The access type for the persistent class [class com.app.shared.salesboundedcontext.sales.Material] is set to [FIELD].
[EL Config]: metadata: 2016-03-22 12:29:55.67--ServerSession(801766456)--Thread(Thread[Test worker,5,main])--The access type for the persistent class [class com.app.shared.aaaboundedcontext.authentication.PasswordPolicy] is set to [FIELD].
[EL Config]: metadata: 2016-03-22 12:29:55.671--ServerSession(801766456)--Thread(Thread[Test worker,5,main])--The access type for the persistent class [class com.app.shared.organizationboundedcontext.location.Language] is set to [FIELD].
[EL Config]: metadata: 2016-03-22 12:29:55.672--ServerSession(801766456)--Thread(Thread[Test worker,5,main])--The access type for the persistent class [class com.app.shared.organizationboundedcontext.contacts.CommunicationData] is set to [FIELD].
[EL Config]: metadata: 2016-03-22 12:29:55.672--ServerSession(801766456)--Thread(Thread[Test worker,5,main])--The access type for the persistent class [class com.app.shared.aaaboundedcontext.authorization.Roles] is set to [FIELD].
[EL Config]: metadata: 2016-03-22 12:29:55.678--ServerSession(801766456)--Thread(Thread[Test worker,5,main])--The target entity (reference) class for the one to many mapping element [field roleMenuBridge] is being defaulted to: class com.app.shared.aaaboundedcontext.authorization.RoleMenuBridge.
[EL Config]: metadata: 2016-03-22 12:29:55.679--ServerSession(801766456)--Thread(Thread[Test worker,5,main])--The access type for the persistent class [class com.app.shared.aaaboundedcontext.authentication.LoginSession] is set to [FIELD].
[EL Config]: metadata: 2016-03-22 12:29:55.68--ServerSession(801766456)--Thread(Thread[Test worker,5,main])--The access type for the persistent class [class com.athena.shared.entity.report.ArtChartTemplate] is set to [FIELD].
[EL Config]: metadata: 2016-03-22 12:29:55.681--ServerSession(801766456)--Thread(Thread[Test worker,5,main])--The access type for the persistent class [class com.app.shared.organizationboundedcontext.location.Country] is set to [FIELD].
[EL Config]: metadata: 2016-03-22 12:29:55.682--ServerSession(801766456)--Thread(Thread[Test worker,5,main])--The access type for the persistent class [class com.spartan.sprinkler.entity.AuditPropertiesEntity] is set to [FIELD].
[EL Config]: metadata: 2016-03-22 12:29:55.682--ServerSession(801766456)--Thread(Thread[Test worker,5,main])--The access type for the persistent class [class com.spartan.sprinkler.entity.ArtLogConfig] is set to [FIELD].
[EL Config]: metadata: 2016-03-22 12:29:55.682--ServerSession(801766456)--Thread(Thread[Test worker,5,main])--The target entity (reference) class for the one to many mapping element [field logConnectors] is being defaulted to: class com.spartan.sprinkler.entity.ArtLogConnector.
[EL Config]: metadata: 2016-03-22 12:29:55.683--ServerSession(801766456)--Thread(Thread[Test worker,5,main])--The target entity (reference) class for the one to many mapping element [field loggingProperties] is being defaulted to: class com.spartan.sprinkler.entity.ArtLoggingProperties.
[EL Config]: metadata: 2016-03-22 12:29:55.683--ServerSession(801766456)--Thread(Thread[Test worker,5,main])--The target entity (reference) class for the one to many mapping element [field logSeverity] is being defaulted to: class com.spartan.sprinkler.entity.ArtLogSeverity.
[EL Config]: metadata: 2016-03-22 12:29:55.684--ServerSession(801766456)--Thread(Thread[Test worker,5,main])--The access type for the persistent class [class com.spartan.healthmeter.entity.ArtHealthStatusConfiguration] is set to [FIELD].
[EL Config]: metadata: 2016-03-22 12:29:55.684--ServerSession(801766456)--Thread(Thread[Test worker,5,main])--The access type for the persistent class [class com.spartan.sprinkler.entity.ArtLogModule] is set to [FIELD].
[EL Config]: metadata: 2016-03-22 12:29:55.685--ServerSession(801766456)--Thread(Thread[Test worker,5,main])--The target entity (reference) class for the one to many mapping element [field appAlarm] is being defaulted to: class com.spartan.sprinkler.entity.ArtAppAlarm.
[EL Config]: metadata: 2016-03-22 12:29:55.685--ServerSession(801766456)--Thread(Thread[Test worker,5,main])--The access type for the persistent class [class com.app.shared.salesboundedcontext.sales.Brand] is set to [FIELD].
[EL Config]: metadata: 2016-03-22 12:29:55.686--ServerSession(801766456)--Thread(Thread[Test worker,5,main])--The access type for the persistent class [class com.spartan.sprinkler.entity.ArtAppAlarm] is set to [FIELD].
[EL Config]: metadata: 2016-03-22 12:29:55.688--ServerSession(801766456)--Thread(Thread[Test worker,5,main])--The target entity (reference) class for the many to one mapping element [field logmodule] is being defaulted to: class com.spartan.sprinkler.entity.ArtLogModule.
[EL Config]: metadata: 2016-03-22 12:29:55.689--ServerSession(801766456)--Thread(Thread[Test worker,5,main])--The access type for the persistent class [class com.app.shared.aaaboundedcontext.authentication.SessionData] is set to [FIELD].
[EL Config]: metadata: 2016-03-22 12:29:55.69--ServerSession(801766456)--Thread(Thread[Test worker,5,main])--The access type for the persistent class [class com.app.shared.salesboundedcontext.sales.Category] is set to [FIELD].
[EL Config]: metadata: 2016-03-22 12:29:55.69--ServerSession(801766456)--Thread(Thread[Test worker,5,main])--The access type for the persistent class [class com.app.shared.organizationboundedcontext.location.Timezone] is set to [FIELD].
[EL Config]: metadata: 2016-03-22 12:29:55.691--ServerSession(801766456)--Thread(Thread[Test worker,5,main])--The access type for the persistent class [class com.athena.shared.entity.report.ArtChartCategory] is set to [FIELD].
[EL Config]: metadata: 2016-03-22 12:29:55.691--ServerSession(801766456)--Thread(Thread[Test worker,5,main])--The target entity (reference) class for the one to one mapping element [field chart_json_id] is being defaulted to: class com.athena.shared.entity.report.ArtChartJson.
[EL Config]: metadata: 2016-03-22 12:29:55.691--ServerSession(801766456)--Thread(Thread[Test worker,5,main])--The access type for the persistent class [class com.app.shared.salesboundedcontext.sales.CurrentMonth] is set to [FIELD].
[EL Config]: metadata: 2016-03-22 12:29:55.692--ServerSession(801766456)--Thread(Thread[Test worker,5,main])--The access type for the persistent class [class com.athena.shared.entity.report.ArtChartJson] is set to [FIELD].
[EL Config]: metadata: 2016-03-22 12:29:55.692--ServerSession(801766456)--Thread(Thread[Test worker,5,main])--The target entity (reference) class for the one to one mapping element [field data_field_id] is being defaulted to: class com.athena.shared.entity.report.ArtChartDataFieldJson.
[EL Config]: metadata: 2016-03-22 12:29:55.693--ServerSession(801766456)--Thread(Thread[Test worker,5,main])--The access type for the persistent class [class com.app.shared.organizationboundedcontext.contacts.ContactType] is set to [FIELD].
[EL Config]: metadata: 2016-03-22 12:29:55.693--ServerSession(801766456)--Thread(Thread[Test worker,5,main])--The access type for the persistent class [class com.spartan.sprinkler.entity.ArtLoggingProperties] is set to [FIELD].
[EL Config]: metadata: 2016-03-22 12:29:55.693--ServerSession(801766456)--Thread(Thread[Test worker,5,main])--The target entity (reference) class for the many to one mapping element [field logConfig] is being defaulted to: class com.spartan.sprinkler.entity.ArtLogConfig.
[EL Config]: metadata: 2016-03-22 12:29:55.694--ServerSession(801766456)--Thread(Thread[Test worker,5,main])--The access type for the persistent class [class com.spartan.healthmeter.entity.ZenHealthGauge] is set to [FIELD].
[EL Config]: metadata: 2016-03-22 12:29:55.694--ServerSession(801766456)--Thread(Thread[Test worker,5,main])--The access type for the persistent class [class com.app.shared.salesboundedcontext.sales.Distributor] is set to [FIELD].
[EL Config]: metadata: 2016-03-22 12:29:55.695--ServerSession(801766456)--Thread(Thread[Test worker,5,main])--The access type for the persistent class [class com.athena.shared.entity.report.ArtChartProperties] is set to [FIELD].
[EL Config]: metadata: 2016-03-22 12:29:55.695--ServerSession(801766456)--Thread(Thread[Test worker,5,main])--The access type for the persistent class [class com.athena.shared.entity.query.ArtUserLastStatus] is set to [FIELD].
[EL Config]: metadata: 2016-03-22 12:29:55.696--ServerSession(801766456)--Thread(Thread[Test worker,5,main])--The access type for the persistent class [class com.app.shared.organizationboundedcontext.location.Address] is set to [FIELD].
[EL Config]: metadata: 2016-03-22 12:29:55.697--ServerSession(801766456)--Thread(Thread[Test worker,5,main])--The access type for the persistent class [class com.app.shared.defaultcontext.defaultdomain.BankInfo] is set to [FIELD].
[EL Config]: metadata: 2016-03-22 12:29:55.697--ServerSession(801766456)--Thread(Thread[Test worker,5,main])--The access type for the persistent class [class com.app.shared.salesboundedcontext.sales.SalesData] is set to [FIELD].
[EL Config]: metadata: 2016-03-22 12:29:55.698--ServerSession(801766456)--Thread(Thread[Test worker,5,main])--The access type for the persistent class [class com.app.shared.aaaboundedcontext.authentication.Login] is set to [FIELD].
[EL Config]: metadata: 2016-03-22 12:29:55.698--ServerSession(801766456)--Thread(Thread[Test worker,5,main])--The target entity (reference) class for the one to one mapping element [field coreContacts] is being defaulted to: class com.app.shared.organizationboundedcontext.contacts.CoreContacts.
[EL Config]: metadata: 2016-03-22 12:29:55.698--ServerSession(801766456)--Thread(Thread[Test worker,5,main])--The target entity (reference) class for the one to one mapping element [field user] is being defaulted to: class com.app.shared.aaaboundedcontext.authentication.User.
[EL Config]: metadata: 2016-03-22 12:29:55.699--ServerSession(801766456)--Thread(Thread[Test worker,5,main])--The access type for the persistent class [class com.app.shared.organizationboundedcontext.location.State] is set to [FIELD].
[EL Config]: metadata: 2016-03-22 12:29:55.699--ServerSession(801766456)--Thread(Thread[Test worker,5,main])--The access type for the persistent class [class com.spartan.healthmeter.entity.HealthSchedulerConfiguration] is set to [FIELD].
[EL Config]: metadata: 2016-03-22 12:29:55.699--ServerSession(801766456)--Thread(Thread[Test worker,5,main])--The access type for the persistent class [class com.spartan.healthmeter.entity.ZenSchedulerHealth] is set to [FIELD].
[EL Config]: metadata: 2016-03-22 12:29:55.701--ServerSession(801766456)--Thread(Thread[Test worker,5,main])--The access type for the persistent class [class com.app.shared.salesboundedcontext.sales.Retailer] is set to [FIELD].
[EL Config]: metadata: 2016-03-22 12:29:55.701--ServerSession(801766456)--Thread(Thread[Test worker,5,main])--The access type for the persistent class [class com.athena.shared.entity.report.ArtChartType] is set to [FIELD].
[EL Config]: metadata: 2016-03-22 12:29:55.701--ServerSession(801766456)--Thread(Thread[Test worker,5,main])--The target entity (reference) class for the one to one mapping element [field chart_id] is being defaulted to: class com.athena.shared.entity.report.ArtChartCategory.
[EL Config]: metadata: 2016-03-22 12:29:55.702--ServerSession(801766456)--Thread(Thread[Test worker,5,main])--The access type for the persistent class [class com.app.shared.organizationboundedcontext.location.City] is set to [FIELD].
[EL Config]: metadata: 2016-03-22 12:29:55.702--ServerSession(801766456)--Thread(Thread[Test worker,5,main])--The access type for the persistent class [class com.app.shared.salesboundedcontext.sales.SalesRegion] is set to [FIELD].
[EL Config]: metadata: 2016-03-22 12:29:55.702--ServerSession(801766456)--Thread(Thread[Test worker,5,main])--The access type for the persistent class [class com.app.shared.aaaboundedcontext.authentication.UserAccessLevel] is set to [FIELD].
[EL Config]: metadata: 2016-03-22 12:29:55.703--ServerSession(801766456)--Thread(Thread[Test worker,5,main])--The access type for the persistent class [class com.spartan.shield.server.entity.AppSessionConfig] is set to [FIELD].
[EL Config]: metadata: 2016-03-22 12:29:55.703--ServerSession(801766456)--Thread(Thread[Test worker,5,main])--The access type for the persistent class [class com.athena.shared.entity.report.ArtChartPropLanguage] is set to [FIELD].
[EL Config]: metadata: 2016-03-22 12:29:55.703--ServerSession(801766456)--Thread(Thread[Test worker,5,main])--The target entity (reference) class for the one to one mapping element [field property_id] is being defaulted to: class com.athena.shared.entity.report.ArtChartProperties.
[EL Config]: metadata: 2016-03-22 12:29:55.703--ServerSession(801766456)--Thread(Thread[Test worker,5,main])--The target entity (reference) class for the one to one mapping element [field lang_id] is being defaulted to: class com.athena.shared.entity.report.ArtLangMaster.
[EL Config]: metadata: 2016-03-22 12:29:55.704--ServerSession(801766456)--Thread(Thread[Test worker,5,main])--The access type for the persistent class [class com.app.shared.salesboundedcontext.sales.UserAccess] is set to [FIELD].
[EL Config]: metadata: 2016-03-22 12:29:55.704--ServerSession(801766456)--Thread(Thread[Test worker,5,main])--The access type for the persistent class [class com.athena.shared.entity.report.ArtLangMaster] is set to [FIELD].
[EL Config]: metadata: 2016-03-22 12:29:55.704--ServerSession(801766456)--Thread(Thread[Test worker,5,main])--The access type for the persistent class [class com.app.shared.aaaboundedcontext.authentication.UserData] is set to [FIELD].
[EL Config]: metadata: 2016-03-22 12:29:55.705--ServerSession(801766456)--Thread(Thread[Test worker,5,main])--The target entity (reference) class for the one to one mapping element [field user] is being defaulted to: class com.app.shared.aaaboundedcontext.authentication.User.
[EL Config]: metadata: 2016-03-22 12:29:55.705--ServerSession(801766456)--Thread(Thread[Test worker,5,main])--The access type for the persistent class [class com.app.shared.aaaboundedcontext.authentication.PassRecovery] is set to [FIELD].
[EL Config]: metadata: 2016-03-22 12:29:55.705--ServerSession(801766456)--Thread(Thread[Test worker,5,main])--The target entity (reference) class for the one to one mapping element [field user] is being defaulted to: class com.app.shared.aaaboundedcontext.authentication.User.
[EL Config]: metadata: 2016-03-22 12:29:55.705--ServerSession(801766456)--Thread(Thread[Test worker,5,main])--The access type for the persistent class [class com.spartan.sprinkler.entity.ArtLogConnector] is set to [FIELD].
[EL Config]: metadata: 2016-03-22 12:29:55.705--ServerSession(801766456)--Thread(Thread[Test worker,5,main])--The target entity (reference) class for the one to many mapping element [field logConnectorAttributes] is being defaulted to: class com.spartan.sprinkler.entity.ArtLogConnectorAttributes.
[EL Config]: metadata: 2016-03-22 12:29:55.706--ServerSession(801766456)--Thread(Thread[Test worker,5,main])--The target entity (reference) class for the many to one mapping element [field logConfig] is being defaulted to: class com.spartan.sprinkler.entity.ArtLogConfig.
[EL Config]: metadata: 2016-03-22 12:29:55.706--ServerSession(801766456)--Thread(Thread[Test worker,5,main])--The access type for the persistent class [class com.app.shared.organizationboundedcontext.contacts.CommunicationType] is set to [FIELD].
[EL Config]: metadata: 2016-03-22 12:29:55.706--ServerSession(801766456)--Thread(Thread[Test worker,5,main])--The access type for the persistent class [class com.app.shared.aaaboundedcontext.authentication.PasswordAlgo] is set to [FIELD].
[EL Config]: metadata: 2016-03-22 12:29:55.707--ServerSession(801766456)--Thread(Thread[Test worker,5,main])--The access type for the persistent class [class com.app.shared.organizationboundedcontext.contacts.Title] is set to [FIELD].
[EL Config]: metadata: 2016-03-22 12:29:55.707--ServerSession(801766456)--Thread(Thread[Test worker,5,main])--The access type for the persistent class [class com.app.shared.salesboundedcontext.sales.Channel] is set to [FIELD].
[EL Config]: metadata: 2016-03-22 12:29:55.707--ServerSession(801766456)--Thread(Thread[Test worker,5,main])--The access type for the persistent class [class com.app.shared.aaaboundedcontext.authentication.Question] is set to [FIELD].
[EL Config]: metadata: 2016-03-22 12:29:55.707--ServerSession(801766456)--Thread(Thread[Test worker,5,main])--The access type for the persistent class [class com.app.shared.aaaboundedcontext.authentication.User] is set to [FIELD].
[EL Config]: metadata: 2016-03-22 12:29:55.708--ServerSession(801766456)--Thread(Thread[Test worker,5,main])--The target entity (reference) class for the one to one mapping element [field userData] is being defaulted to: class com.app.shared.aaaboundedcontext.authentication.UserData.
[EL Config]: metadata: 2016-03-22 12:29:55.708--ServerSession(801766456)--Thread(Thread[Test worker,5,main])--The target entity (reference) class for the one to many mapping element [field passRecovery] is being defaulted to: class com.app.shared.aaaboundedcontext.authentication.PassRecovery.
[EL Config]: metadata: 2016-03-22 12:29:55.708--ServerSession(801766456)--Thread(Thread[Test worker,5,main])--The access type for the persistent class [class com.spartan.healthmeter.entity.ZenHealthStatus] is set to [FIELD].
[EL Config]: metadata: 2016-03-22 12:29:55.709--ServerSession(801766456)--Thread(Thread[Test worker,5,main])--The access type for the persistent class [class com.app.shared.aaaboundedcontext.authentication.UserAccessDomain] is set to [FIELD].
[EL Config]: metadata: 2016-03-22 12:29:55.709--ServerSession(801766456)--Thread(Thread[Test worker,5,main])--The access type for the persistent class [class com.app.shared.aaaboundedcontext.authorization.AppMenus] is set to [FIELD].
[EL Config]: metadata: 2016-03-22 12:29:55.71--ServerSession(801766456)--Thread(Thread[Test worker,5,main])--The access type for the persistent class [class com.spartan.healthmeter.entity.ZenRequestDetails] is set to [FIELD].
[EL Config]: metadata: 2016-03-22 12:29:55.71--ServerSession(801766456)--Thread(Thread[Test worker,5,main])--The access type for the persistent class [class com.spartan.healthmeter.entity.ArtHealthSchedulerConfiguration] is set to [FIELD].
[EL Config]: metadata: 2016-03-22 12:29:55.711--ServerSession(801766456)--Thread(Thread[Test worker,5,main])--The access type for the persistent class [class com.athena.shared.entity.report.ArtReportBuilderDetails] is set to [FIELD].
[EL Config]: metadata: 2016-03-22 12:29:55.711--ServerSession(801766456)--Thread(Thread[Test worker,5,main])--The access type for the persistent class [class com.app.shared.aaaboundedcontext.authorization.RoleMenuBridge] is set to [FIELD].
[EL Config]: metadata: 2016-03-22 12:29:55.711--ServerSession(801766456)--Thread(Thread[Test worker,5,main])--The target entity (reference) class for the one to one mapping element [field roles] is being defaulted to: class com.app.shared.aaaboundedcontext.authorization.Roles.
[EL Config]: metadata: 2016-03-22 12:29:55.712--ServerSession(801766456)--Thread(Thread[Test worker,5,main])--The access type for the persistent class [class com.app.shared.organizationboundedcontext.contacts.CommunicationGroup] is set to [FIELD].
[EL Config]: metadata: 2016-03-22 12:29:55.712--ServerSession(801766456)--Thread(Thread[Test worker,5,main])--The access type for the persistent class [class com.app.shared.organizationboundedcontext.location.AddressType] is set to [FIELD].
[EL Config]: metadata: 2016-03-22 12:29:55.712--ServerSession(801766456)--Thread(Thread[Test worker,5,main])--The access type for the persistent class [class com.spartan.healthmeter.entity.ZenHealthCounter] is set to [FIELD].
[EL Config]: metadata: 2016-03-22 12:29:55.713--ServerSession(801766456)--Thread(Thread[Test worker,5,main])--The access type for the persistent class [class com.app.shared.organizationboundedcontext.contacts.Gender] is set to [FIELD].
[EL Config]: metadata: 2016-03-22 12:29:55.713--ServerSession(801766456)--Thread(Thread[Test worker,5,main])--The access type for the persistent class [class com.spartan.healthmeter.entity.ZenHealth] is set to [FIELD].
[EL Config]: metadata: 2016-03-22 12:29:55.714--ServerSession(801766456)--Thread(Thread[Test worker,5,main])--The access type for the persistent class [class com.app.shared.organizationboundedcontext.contacts.CoreContacts] is set to [FIELD].
[EL Config]: metadata: 2016-03-22 12:29:55.714--ServerSession(801766456)--Thread(Thread[Test worker,5,main])--The target entity (reference) class for the one to one mapping element [field timezone] is being defaulted to: class com.app.shared.organizationboundedcontext.location.Timezone.
[EL Config]: metadata: 2016-03-22 12:29:55.715--ServerSession(801766456)--Thread(Thread[Test worker,5,main])--The target entity (reference) class for the one to many mapping element [field address] is being defaulted to: class com.app.shared.organizationboundedcontext.location.Address.
[EL Config]: metadata: 2016-03-22 12:29:55.715--ServerSession(801766456)--Thread(Thread[Test worker,5,main])--The target entity (reference) class for the one to many mapping element [field communicationData] is being defaulted to: class com.app.shared.organizationboundedcontext.contacts.CommunicationData.
[EL Config]: metadata: 2016-03-22 12:29:55.715--ServerSession(801766456)--Thread(Thread[Test worker,5,main])--The access type for the persistent class [class com.athena.shared.entity.report.ArtChartDataFieldJson] is set to [FIELD].
[EL Config]: metadata: 2016-03-22 12:29:55.716--ServerSession(801766456)--Thread(Thread[Test worker,5,main])--The access type for the persistent class [class com.athena.shared.entity.report.ArtReportUI] is set to [FIELD].
[EL Config]: metadata: 2016-03-22 12:29:55.716--ServerSession(801766456)--Thread(Thread[Test worker,5,main])--The access type for the persistent class [class com.app.shared.defaultcontext.defaultdomain.PersonalInfo] is set to [FIELD].
[EL Config]: metadata: 2016-03-22 12:29:55.716--ServerSession(801766456)--Thread(Thread[Test worker,5,main])--The access type for the persistent class [class com.athena.server.bean.EntityBean] is set to [FIELD].
[EL Config]: metadata: 2016-03-22 12:29:55.717--ServerSession(801766456)--Thread(Thread[Test worker,5,main])--The access type for the persistent class [class com.spartan.sprinkler.entity.ArtLogSeverity] is set to [FIELD].
[EL Config]: metadata: 2016-03-22 12:29:55.717--ServerSession(801766456)--Thread(Thread[Test worker,5,main])--The target entity (reference) class for the many to one mapping element [field logConfig] is being defaulted to: class com.spartan.sprinkler.entity.ArtLogConfig.
[EL Config]: metadata: 2016-03-22 12:29:55.717--ServerSession(801766456)--Thread(Thread[Test worker,5,main])--The access type for the persistent class [class com.spartan.sprinkler.entity.ArtLogConnectorAttributes] is set to [FIELD].
[EL Config]: metadata: 2016-03-22 12:29:55.717--ServerSession(801766456)--Thread(Thread[Test worker,5,main])--The target entity (reference) class for the many to one mapping element [field logConnector] is being defaulted to: class com.spartan.sprinkler.entity.ArtLogConnector.
[EL Config]: metadata: 2016-03-22 12:29:55.718--ServerSession(801766456)--Thread(Thread[Test worker,5,main])--The access type for the persistent class [class com.app.shared.aaaboundedcontext.authorization.UserRoleBridge] is set to [FIELD].
[EL Config]: metadata: 2016-03-22 12:29:55.718--ServerSession(801766456)--Thread(Thread[Test worker,5,main])--The access type for the persistent class [class com.spartan.healthmeter.shared.EntityAudit] is set to [FIELD].
[EL Config]: metadata: 2016-03-22 12:29:55.719--ServerSession(801766456)--Thread(Thread[Test worker,5,main])--The access type for the persistent class [class com.app.shared.SystemInfo] is set to [FIELD].
[EL Config]: metadata: 2016-03-22 12:29:55.719--ServerSession(801766456)--Thread(Thread[Test worker,5,main])--The access type for the persistent class [class com.spartan.healthmeter.shared.SystemInfo] is set to [FIELD].
[EL Config]: metadata: 2016-03-22 12:29:55.719--ServerSession(801766456)--Thread(Thread[Test worker,5,main])--The access type for the persistent class [class com.app.shared.EntityAudit] is set to [FIELD].
[EL Config]: metadata: 2016-03-22 12:29:55.724--ServerSession(801766456)--Thread(Thread[Test worker,5,main])--The alias name for the entity class [class com.athena.shared.entity.query.ArtQuery] is being defaulted to: ArtQuery.
[EL Config]: metadata: 2016-03-22 12:29:55.732--ServerSession(801766456)--Thread(Thread[Test worker,5,main])--The alias name for the entity class [class com.app.shared.salesboundedcontext.sales.Material] is being defaulted to: Material.
[EL Config]: metadata: 2016-03-22 12:29:55.735--ServerSession(801766456)--Thread(Thread[Test worker,5,main])--The alias name for the entity class [class com.app.shared.aaaboundedcontext.authentication.PasswordPolicy] is being defaulted to: PasswordPolicy.
[EL Config]: metadata: 2016-03-22 12:29:55.735--ServerSession(801766456)--Thread(Thread[Test worker,5,main])--The alias name for the entity class [class com.app.shared.organizationboundedcontext.location.Language] is being defaulted to: Language.
[EL Config]: metadata: 2016-03-22 12:29:55.736--ServerSession(801766456)--Thread(Thread[Test worker,5,main])--The alias name for the entity class [class com.app.shared.organizationboundedcontext.contacts.CommunicationData] is being defaulted to: CommunicationData.
[EL Config]: metadata: 2016-03-22 12:29:55.736--ServerSession(801766456)--Thread(Thread[Test worker,5,main])--The alias name for the entity class [class com.app.shared.aaaboundedcontext.authorization.Roles] is being defaulted to: Roles.
[EL Config]: metadata: 2016-03-22 12:29:55.737--ServerSession(801766456)--Thread(Thread[Test worker,5,main])--The alias name for the entity class [class com.app.shared.aaaboundedcontext.authentication.LoginSession] is being defaulted to: LoginSession.
[EL Config]: metadata: 2016-03-22 12:29:55.737--ServerSession(801766456)--Thread(Thread[Test worker,5,main])--The alias name for the entity class [class com.athena.shared.entity.report.ArtChartTemplate] is being defaulted to: ArtChartTemplate.
[EL Config]: metadata: 2016-03-22 12:29:55.738--ServerSession(801766456)--Thread(Thread[Test worker,5,main])--The alias name for the entity class [class com.app.shared.organizationboundedcontext.location.Country] is being defaulted to: Country.
[EL Config]: metadata: 2016-03-22 12:29:55.738--ServerSession(801766456)--Thread(Thread[Test worker,5,main])--The alias name for the entity class [class com.spartan.sprinkler.entity.ArtLogConfig] is being defaulted to: ArtLogConfig.
[EL Config]: metadata: 2016-03-22 12:29:55.739--ServerSession(801766456)--Thread(Thread[Test worker,5,main])--The alias name for the entity class [class com.spartan.healthmeter.entity.ArtHealthStatusConfiguration] is being defaulted to: ArtHealthStatusConfiguration.
[EL Config]: metadata: 2016-03-22 12:29:55.739--ServerSession(801766456)--Thread(Thread[Test worker,5,main])--The alias name for the entity class [class com.spartan.sprinkler.entity.ArtLogModule] is being defaulted to: ArtLogModule.
[EL Config]: metadata: 2016-03-22 12:29:55.74--ServerSession(801766456)--Thread(Thread[Test worker,5,main])--The alias name for the entity class [class com.app.shared.salesboundedcontext.sales.Brand] is being defaulted to: Brand.
[EL Config]: metadata: 2016-03-22 12:29:55.74--ServerSession(801766456)--Thread(Thread[Test worker,5,main])--The alias name for the entity class [class com.spartan.sprinkler.entity.ArtAppAlarm] is being defaulted to: ArtAppAlarm.
[EL Config]: metadata: 2016-03-22 12:29:55.74--ServerSession(801766456)--Thread(Thread[Test worker,5,main])--The alias name for the entity class [class com.app.shared.aaaboundedcontext.authentication.SessionData] is being defaulted to: SessionData.
[EL Config]: metadata: 2016-03-22 12:29:55.741--ServerSession(801766456)--Thread(Thread[Test worker,5,main])--The alias name for the entity class [class com.app.shared.salesboundedcontext.sales.Category] is being defaulted to: Category.
[EL Config]: metadata: 2016-03-22 12:29:55.741--ServerSession(801766456)--Thread(Thread[Test worker,5,main])--The alias name for the entity class [class com.app.shared.organizationboundedcontext.location.Timezone] is being defaulted to: Timezone.
[EL Config]: metadata: 2016-03-22 12:29:55.742--ServerSession(801766456)--Thread(Thread[Test worker,5,main])--The alias name for the entity class [class com.athena.shared.entity.report.ArtChartCategory] is being defaulted to: ArtChartCategory.
[EL Config]: metadata: 2016-03-22 12:29:55.742--ServerSession(801766456)--Thread(Thread[Test worker,5,main])--The alias name for the entity class [class com.app.shared.salesboundedcontext.sales.CurrentMonth] is being defaulted to: CurrentMonth.
[EL Config]: metadata: 2016-03-22 12:29:55.742--ServerSession(801766456)--Thread(Thread[Test worker,5,main])--The alias name for the entity class [class com.athena.shared.entity.report.ArtChartJson] is being defaulted to: ArtChartJson.
[EL Config]: metadata: 2016-03-22 12:29:55.743--ServerSession(801766456)--Thread(Thread[Test worker,5,main])--The alias name for the entity class [class com.app.shared.organizationboundedcontext.contacts.ContactType] is being defaulted to: ContactType.
[EL Config]: metadata: 2016-03-22 12:29:55.743--ServerSession(801766456)--Thread(Thread[Test worker,5,main])--The alias name for the entity class [class com.spartan.sprinkler.entity.ArtLoggingProperties] is being defaulted to: ArtLoggingProperties.
[EL Config]: metadata: 2016-03-22 12:29:55.743--ServerSession(801766456)--Thread(Thread[Test worker,5,main])--The alias name for the entity class [class com.spartan.healthmeter.entity.ZenHealthGauge] is being defaulted to: ZenHealthGauge.
[EL Config]: metadata: 2016-03-22 12:29:55.744--ServerSession(801766456)--Thread(Thread[Test worker,5,main])--The alias name for the entity class [class com.app.shared.salesboundedcontext.sales.Distributor] is being defaulted to: Distributor.
[EL Config]: metadata: 2016-03-22 12:29:55.744--ServerSession(801766456)--Thread(Thread[Test worker,5,main])--The alias name for the entity class [class com.athena.shared.entity.report.ArtChartProperties] is being defaulted to: ArtChartProperties.
[EL Config]: metadata: 2016-03-22 12:29:55.745--ServerSession(801766456)--Thread(Thread[Test worker,5,main])--The alias name for the entity class [class com.athena.shared.entity.query.ArtUserLastStatus] is being defaulted to: ArtUserLastStatus.
[EL Config]: metadata: 2016-03-22 12:29:55.745--ServerSession(801766456)--Thread(Thread[Test worker,5,main])--The alias name for the entity class [class com.app.shared.organizationboundedcontext.location.Address] is being defaulted to: Address.
[EL Config]: metadata: 2016-03-22 12:29:55.746--ServerSession(801766456)--Thread(Thread[Test worker,5,main])--The alias name for the entity class [class com.app.shared.defaultcontext.defaultdomain.BankInfo] is being defaulted to: BankInfo.
[EL Config]: metadata: 2016-03-22 12:29:55.746--ServerSession(801766456)--Thread(Thread[Test worker,5,main])--The alias name for the entity class [class com.app.shared.salesboundedcontext.sales.SalesData] is being defaulted to: SalesData.
[EL Config]: metadata: 2016-03-22 12:29:55.747--ServerSession(801766456)--Thread(Thread[Test worker,5,main])--The alias name for the entity class [class com.app.shared.aaaboundedcontext.authentication.Login] is being defaulted to: Login.
[EL Config]: metadata: 2016-03-22 12:29:55.747--ServerSession(801766456)--Thread(Thread[Test worker,5,main])--The alias name for the entity class [class com.app.shared.organizationboundedcontext.location.State] is being defaulted to: State.
[EL Config]: metadata: 2016-03-22 12:29:55.748--ServerSession(801766456)--Thread(Thread[Test worker,5,main])--The alias name for the entity class [class com.spartan.healthmeter.entity.HealthSchedulerConfiguration] is being defaulted to: HealthSchedulerConfiguration.
[EL Config]: metadata: 2016-03-22 12:29:55.748--ServerSession(801766456)--Thread(Thread[Test worker,5,main])--The alias name for the entity class [class com.spartan.healthmeter.entity.ZenSchedulerHealth] is being defaulted to: ZenSchedulerHealth.
[EL Config]: metadata: 2016-03-22 12:29:55.749--ServerSession(801766456)--Thread(Thread[Test worker,5,main])--The alias name for the entity class [class com.app.shared.salesboundedcontext.sales.Retailer] is being defaulted to: Retailer.
[EL Config]: metadata: 2016-03-22 12:29:55.749--ServerSession(801766456)--Thread(Thread[Test worker,5,main])--The alias name for the entity class [class com.athena.shared.entity.report.ArtChartType] is being defaulted to: ArtChartType.
[EL Config]: metadata: 2016-03-22 12:29:55.75--ServerSession(801766456)--Thread(Thread[Test worker,5,main])--The alias name for the entity class [class com.app.shared.organizationboundedcontext.location.City] is being defaulted to: City.
[EL Config]: metadata: 2016-03-22 12:29:55.75--ServerSession(801766456)--Thread(Thread[Test worker,5,main])--The alias name for the entity class [class com.app.shared.salesboundedcontext.sales.SalesRegion] is being defaulted to: SalesRegion.
[EL Config]: metadata: 2016-03-22 12:29:55.75--ServerSession(801766456)--Thread(Thread[Test worker,5,main])--The alias name for the entity class [class com.app.shared.aaaboundedcontext.authentication.UserAccessLevel] is being defaulted to: UserAccessLevel.
[EL Config]: metadata: 2016-03-22 12:29:55.751--ServerSession(801766456)--Thread(Thread[Test worker,5,main])--The alias name for the entity class [class com.spartan.shield.server.entity.AppSessionConfig] is being defaulted to: AppSessionConfig.
[EL Config]: metadata: 2016-03-22 12:29:55.751--ServerSession(801766456)--Thread(Thread[Test worker,5,main])--The alias name for the entity class [class com.athena.shared.entity.report.ArtChartPropLanguage] is being defaulted to: ArtChartPropLanguage.
[EL Config]: metadata: 2016-03-22 12:29:55.752--ServerSession(801766456)--Thread(Thread[Test worker,5,main])--The alias name for the entity class [class com.app.shared.salesboundedcontext.sales.UserAccess] is being defaulted to: UserAccess.
[EL Config]: metadata: 2016-03-22 12:29:55.752--ServerSession(801766456)--Thread(Thread[Test worker,5,main])--The alias name for the entity class [class com.athena.shared.entity.report.ArtLangMaster] is being defaulted to: ArtLangMaster.
[EL Config]: metadata: 2016-03-22 12:29:55.752--ServerSession(801766456)--Thread(Thread[Test worker,5,main])--The alias name for the entity class [class com.app.shared.aaaboundedcontext.authentication.UserData] is being defaulted to: UserData.
[EL Config]: metadata: 2016-03-22 12:29:55.753--ServerSession(801766456)--Thread(Thread[Test worker,5,main])--The alias name for the entity class [class com.app.shared.aaaboundedcontext.authentication.PassRecovery] is being defaulted to: PassRecovery.
[EL Config]: metadata: 2016-03-22 12:29:55.753--ServerSession(801766456)--Thread(Thread[Test worker,5,main])--The alias name for the entity class [class com.spartan.sprinkler.entity.ArtLogConnector] is being defaulted to: ArtLogConnector.
[EL Config]: metadata: 2016-03-22 12:29:55.753--ServerSession(801766456)--Thread(Thread[Test worker,5,main])--The alias name for the entity class [class com.app.shared.organizationboundedcontext.contacts.CommunicationType] is being defaulted to: CommunicationType.
[EL Config]: metadata: 2016-03-22 12:29:55.754--ServerSession(801766456)--Thread(Thread[Test worker,5,main])--The alias name for the entity class [class com.app.shared.aaaboundedcontext.authentication.PasswordAlgo] is being defaulted to: PasswordAlgo.
[EL Config]: metadata: 2016-03-22 12:29:55.754--ServerSession(801766456)--Thread(Thread[Test worker,5,main])--The alias name for the entity class [class com.app.shared.organizationboundedcontext.contacts.Title] is being defaulted to: Title.
[EL Config]: metadata: 2016-03-22 12:29:55.754--ServerSession(801766456)--Thread(Thread[Test worker,5,main])--The alias name for the entity class [class com.app.shared.salesboundedcontext.sales.Channel] is being defaulted to: Channel.
[EL Config]: metadata: 2016-03-22 12:29:55.755--ServerSession(801766456)--Thread(Thread[Test worker,5,main])--The alias name for the entity class [class com.app.shared.aaaboundedcontext.authentication.Question] is being defaulted to: Question.
[EL Config]: metadata: 2016-03-22 12:29:55.755--ServerSession(801766456)--Thread(Thread[Test worker,5,main])--The alias name for the entity class [class com.app.shared.aaaboundedcontext.authentication.User] is being defaulted to: User.
[EL Config]: metadata: 2016-03-22 12:29:55.756--ServerSession(801766456)--Thread(Thread[Test worker,5,main])--The alias name for the entity class [class com.spartan.healthmeter.entity.ZenHealthStatus] is being defaulted to: ZenHealthStatus.
[EL Config]: metadata: 2016-03-22 12:29:55.756--ServerSession(801766456)--Thread(Thread[Test worker,5,main])--The alias name for the entity class [class com.app.shared.aaaboundedcontext.authentication.UserAccessDomain] is being defaulted to: UserAccessDomain.
[EL Config]: metadata: 2016-03-22 12:29:55.756--ServerSession(801766456)--Thread(Thread[Test worker,5,main])--The alias name for the entity class [class com.app.shared.aaaboundedcontext.authorization.AppMenus] is being defaulted to: AppMenus.
[EL Config]: metadata: 2016-03-22 12:29:55.757--ServerSession(801766456)--Thread(Thread[Test worker,5,main])--The alias name for the entity class [class com.spartan.healthmeter.entity.ZenRequestDetails] is being defaulted to: ZenRequestDetails.
[EL Config]: metadata: 2016-03-22 12:29:55.757--ServerSession(801766456)--Thread(Thread[Test worker,5,main])--The alias name for the entity class [class com.spartan.healthmeter.entity.ArtHealthSchedulerConfiguration] is being defaulted to: ArtHealthSchedulerConfiguration.
[EL Config]: metadata: 2016-03-22 12:29:55.758--ServerSession(801766456)--Thread(Thread[Test worker,5,main])--The alias name for the entity class [class com.athena.shared.entity.report.ArtReportBuilderDetails] is being defaulted to: ArtReportBuilderDetails.
[EL Config]: metadata: 2016-03-22 12:29:55.759--ServerSession(801766456)--Thread(Thread[Test worker,5,main])--The alias name for the entity class [class com.app.shared.aaaboundedcontext.authorization.RoleMenuBridge] is being defaulted to: RoleMenuBridge.
[EL Config]: metadata: 2016-03-22 12:29:55.759--ServerSession(801766456)--Thread(Thread[Test worker,5,main])--The alias name for the entity class [class com.app.shared.organizationboundedcontext.contacts.CommunicationGroup] is being defaulted to: CommunicationGroup.
[EL Config]: metadata: 2016-03-22 12:29:55.759--ServerSession(801766456)--Thread(Thread[Test worker,5,main])--The alias name for the entity class [class com.app.shared.organizationboundedcontext.location.AddressType] is being defaulted to: AddressType.
[EL Config]: metadata: 2016-03-22 12:29:55.76--ServerSession(801766456)--Thread(Thread[Test worker,5,main])--The alias name for the entity class [class com.spartan.healthmeter.entity.ZenHealthCounter] is being defaulted to: ZenHealthCounter.
[EL Config]: metadata: 2016-03-22 12:29:55.76--ServerSession(801766456)--Thread(Thread[Test worker,5,main])--The alias name for the entity class [class com.app.shared.organizationboundedcontext.contacts.Gender] is being defaulted to: Gender.
[EL Config]: metadata: 2016-03-22 12:29:55.76--ServerSession(801766456)--Thread(Thread[Test worker,5,main])--The alias name for the entity class [class com.spartan.healthmeter.entity.ZenHealth] is being defaulted to: ZenHealth.
[EL Config]: metadata: 2016-03-22 12:29:55.761--ServerSession(801766456)--Thread(Thread[Test worker,5,main])--The alias name for the entity class [class com.app.shared.organizationboundedcontext.contacts.CoreContacts] is being defaulted to: CoreContacts.
[EL Config]: metadata: 2016-03-22 12:29:55.762--ServerSession(801766456)--Thread(Thread[Test worker,5,main])--The alias name for the entity class [class com.athena.shared.entity.report.ArtChartDataFieldJson] is being defaulted to: ArtChartDataFieldJson.
[EL Config]: metadata: 2016-03-22 12:29:55.763--ServerSession(801766456)--Thread(Thread[Test worker,5,main])--The alias name for the entity class [class com.athena.shared.entity.report.ArtReportUI] is being defaulted to: ArtReportUI.
[EL Config]: metadata: 2016-03-22 12:29:55.763--ServerSession(801766456)--Thread(Thread[Test worker,5,main])--The alias name for the entity class [class com.app.shared.defaultcontext.defaultdomain.PersonalInfo] is being defaulted to: PersonalInfo.
[EL Config]: metadata: 2016-03-22 12:29:55.763--ServerSession(801766456)--Thread(Thread[Test worker,5,main])--The alias name for the entity class [class com.athena.server.bean.EntityBean] is being defaulted to: EntityBean.
[EL Config]: metadata: 2016-03-22 12:29:55.764--ServerSession(801766456)--Thread(Thread[Test worker,5,main])--The table name for entity [class com.athena.server.bean.EntityBean] is being defaulted to: ENTITYBEAN.
[EL Config]: metadata: 2016-03-22 12:29:55.764--ServerSession(801766456)--Thread(Thread[Test worker,5,main])--The column name for element [id] is being defaulted to: ID.
[EL Config]: metadata: 2016-03-22 12:29:55.764--ServerSession(801766456)--Thread(Thread[Test worker,5,main])--The column name for element [name] is being defaulted to: NAME.
[EL Config]: metadata: 2016-03-22 12:29:55.764--ServerSession(801766456)--Thread(Thread[Test worker,5,main])--The column name for element [fields] is being defaulted to: FIELDS.
[EL Config]: metadata: 2016-03-22 12:29:55.765--ServerSession(801766456)--Thread(Thread[Test worker,5,main])--The alias name for the entity class [class com.spartan.sprinkler.entity.ArtLogSeverity] is being defaulted to: ArtLogSeverity.
[EL Config]: metadata: 2016-03-22 12:29:55.766--ServerSession(801766456)--Thread(Thread[Test worker,5,main])--The alias name for the entity class [class com.spartan.sprinkler.entity.ArtLogConnectorAttributes] is being defaulted to: ArtLogConnectorAttributes.
[EL Config]: metadata: 2016-03-22 12:29:55.766--ServerSession(801766456)--Thread(Thread[Test worker,5,main])--The alias name for the entity class [class com.app.shared.aaaboundedcontext.authorization.UserRoleBridge] is being defaulted to: UserRoleBridge.
[EL Info]: 2016-03-22 12:29:56.24--ServerSession(801766456)--Thread(Thread[Test worker,5,main])--EclipseLink, version: Eclipse Persistence Services - 2.5.1.v20130918-f2b9fc5
[EL Fine]: connection: 2016-03-22 12:29:56.366--Thread(Thread[Test worker,5,main])--Detected database platform: org.eclipse.persistence.platform.database.MySQLPlatform
[EL Config]: connection: 2016-03-22 12:29:56.374--ServerSession(801766456)--Connection(225911271)--Thread(Thread[Test worker,5,main])--connecting(DatabaseLogin(
	platform=>MySQLPlatform
	user name=> "test1"
	datasource URL=> "jdbc:mysql://localhost-MYSQL:3306/test1"
))
[EL Config]: connection: 2016-03-22 12:29:56.38--ServerSession(801766456)--Connection(1612635449)--Thread(Thread[Test worker,5,main])--Connected: jdbc:mysql://localhost-MYSQL:3306/test1
	User: test1@172.17.0.5
	Database: MySQL  Version: 5.7.7-rc
	Driver: MySQL Connector Java  Version: mysql-connector-java-5.1.31 ( Revision: alexander.soklakov@oracle.com-20140520065950-groqzzbvxprqdmnz )
[EL Config]: connection: 2016-03-22 12:29:56.38--ServerSession(801766456)--Connection(172882556)--Thread(Thread[Test worker,5,main])--connecting(DatabaseLogin(
	platform=>MySQLPlatform
	user name=> "test1"
	datasource URL=> "jdbc:mysql://localhost-MYSQL:3306/test1"
))
[EL Config]: connection: 2016-03-22 12:29:56.388--ServerSession(801766456)--Connection(1625375913)--Thread(Thread[Test worker,5,main])--Connected: jdbc:mysql://localhost-MYSQL:3306/test1
	User: test1@172.17.0.5
	Database: MySQL  Version: 5.7.7-rc
	Driver: MySQL Connector Java  Version: mysql-connector-java-5.1.31 ( Revision: alexander.soklakov@oracle.com-20140520065950-groqzzbvxprqdmnz )
[EL Config]: connection: 2016-03-22 12:29:56.389--ServerSession(801766456)--Connection(1700979951)--Thread(Thread[Test worker,5,main])--connecting(DatabaseLogin(
	platform=>MySQLPlatform
	user name=> "test1"
	datasource URL=> "jdbc:mysql://localhost-MYSQL:3306/test1"
))
[EL Config]: connection: 2016-03-22 12:29:56.397--ServerSession(801766456)--Connection(832701747)--Thread(Thread[Test worker,5,main])--Connected: jdbc:mysql://localhost-MYSQL:3306/test1
	User: test1@172.17.0.5
	Database: MySQL  Version: 5.7.7-rc
	Driver: MySQL Connector Java  Version: mysql-connector-java-5.1.31 ( Revision: alexander.soklakov@oracle.com-20140520065950-groqzzbvxprqdmnz )
[EL Config]: connection: 2016-03-22 12:29:56.398--ServerSession(801766456)--Connection(67334330)--Thread(Thread[Test worker,5,main])--connecting(DatabaseLogin(
	platform=>MySQLPlatform
	user name=> "test1"
	datasource URL=> "jdbc:mysql://localhost-MYSQL:3306/test1"
))
[EL Config]: connection: 2016-03-22 12:29:56.404--ServerSession(801766456)--Connection(1530961621)--Thread(Thread[Test worker,5,main])--Connected: jdbc:mysql://localhost-MYSQL:3306/test1
	User: test1@172.17.0.5
	Database: MySQL  Version: 5.7.7-rc
	Driver: MySQL Connector Java  Version: mysql-connector-java-5.1.31 ( Revision: alexander.soklakov@oracle.com-20140520065950-groqzzbvxprqdmnz )
[EL Config]: connection: 2016-03-22 12:29:56.404--ServerSession(801766456)--Connection(1870389440)--Thread(Thread[Test worker,5,main])--connecting(DatabaseLogin(
	platform=>MySQLPlatform
	user name=> "test1"
	datasource URL=> "jdbc:mysql://localhost-MYSQL:3306/test1"
))
[EL Config]: connection: 2016-03-22 12:29:56.41--ServerSession(801766456)--Connection(808372169)--Thread(Thread[Test worker,5,main])--Connected: jdbc:mysql://localhost-MYSQL:3306/test1
	User: test1@172.17.0.5
	Database: MySQL  Version: 5.7.7-rc
	Driver: MySQL Connector Java  Version: mysql-connector-java-5.1.31 ( Revision: alexander.soklakov@oracle.com-20140520065950-groqzzbvxprqdmnz )
[EL Config]: connection: 2016-03-22 12:29:56.41--ServerSession(801766456)--Connection(1329493461)--Thread(Thread[Test worker,5,main])--connecting(DatabaseLogin(
	platform=>MySQLPlatform
	user name=> "test1"
	datasource URL=> "jdbc:mysql://localhost-MYSQL:3306/test1"
))
[EL Config]: connection: 2016-03-22 12:29:56.419--ServerSession(801766456)--Connection(1358098461)--Thread(Thread[Test worker,5,main])--Connected: jdbc:mysql://localhost-MYSQL:3306/test1
	User: test1@172.17.0.5
	Database: MySQL  Version: 5.7.7-rc
	Driver: MySQL Connector Java  Version: mysql-connector-java-5.1.31 ( Revision: alexander.soklakov@oracle.com-20140520065950-groqzzbvxprqdmnz )
[EL Config]: connection: 2016-03-22 12:29:56.419--ServerSession(801766456)--Connection(2104633711)--Thread(Thread[Test worker,5,main])--connecting(DatabaseLogin(
	platform=>MySQLPlatform
	user name=> "test1"
	datasource URL=> "jdbc:mysql://localhost-MYSQL:3306/test1"
))
[EL Config]: connection: 2016-03-22 12:29:56.426--ServerSession(801766456)--Connection(442520589)--Thread(Thread[Test worker,5,main])--Connected: jdbc:mysql://localhost-MYSQL:3306/test1
	User: test1@172.17.0.5
	Database: MySQL  Version: 5.7.7-rc
	Driver: MySQL Connector Java  Version: mysql-connector-java-5.1.31 ( Revision: alexander.soklakov@oracle.com-20140520065950-groqzzbvxprqdmnz )
[EL Config]: connection: 2016-03-22 12:29:56.426--ServerSession(801766456)--Connection(707669762)--Thread(Thread[Test worker,5,main])--connecting(DatabaseLogin(
	platform=>MySQLPlatform
	user name=> "test1"
	datasource URL=> "jdbc:mysql://localhost-MYSQL:3306/test1"
))
[EL Config]: connection: 2016-03-22 12:29:56.431--ServerSession(801766456)--Connection(216610852)--Thread(Thread[Test worker,5,main])--Connected: jdbc:mysql://localhost-MYSQL:3306/test1
	User: test1@172.17.0.5
	Database: MySQL  Version: 5.7.7-rc
	Driver: MySQL Connector Java  Version: mysql-connector-java-5.1.31 ( Revision: alexander.soklakov@oracle.com-20140520065950-groqzzbvxprqdmnz )
[EL Config]: connection: 2016-03-22 12:29:56.431--ServerSession(801766456)--Connection(593807899)--Thread(Thread[Test worker,5,main])--connecting(DatabaseLogin(
	platform=>MySQLPlatform
	user name=> "test1"
	datasource URL=> "jdbc:mysql://localhost-MYSQL:3306/test1"
))
[EL Config]: connection: 2016-03-22 12:29:56.436--ServerSession(801766456)--Connection(1940797799)--Thread(Thread[Test worker,5,main])--Connected: jdbc:mysql://localhost-MYSQL:3306/test1
	User: test1@172.17.0.5
	Database: MySQL  Version: 5.7.7-rc
	Driver: MySQL Connector Java  Version: mysql-connector-java-5.1.31 ( Revision: alexander.soklakov@oracle.com-20140520065950-groqzzbvxprqdmnz )
[EL Config]: connection: 2016-03-22 12:29:56.437--ServerSession(801766456)--Connection(859493510)--Thread(Thread[Test worker,5,main])--connecting(DatabaseLogin(
	platform=>MySQLPlatform
	user name=> "test1"
	datasource URL=> "jdbc:mysql://localhost-MYSQL:3306/test1"
))
[EL Config]: connection: 2016-03-22 12:29:56.443--ServerSession(801766456)--Connection(1924979946)--Thread(Thread[Test worker,5,main])--Connected: jdbc:mysql://localhost-MYSQL:3306/test1
	User: test1@172.17.0.5
	Database: MySQL  Version: 5.7.7-rc
	Driver: MySQL Connector Java  Version: mysql-connector-java-5.1.31 ( Revision: alexander.soklakov@oracle.com-20140520065950-groqzzbvxprqdmnz )
[EL Config]: connection: 2016-03-22 12:29:56.443--ServerSession(801766456)--Connection(1296810367)--Thread(Thread[Test worker,5,main])--connecting(DatabaseLogin(
	platform=>MySQLPlatform
	user name=> "test1"
	datasource URL=> "jdbc:mysql://localhost-MYSQL:3306/test1"
))
[EL Config]: connection: 2016-03-22 12:29:56.45--ServerSession(801766456)--Connection(1447514138)--Thread(Thread[Test worker,5,main])--Connected: jdbc:mysql://localhost-MYSQL:3306/test1
	User: test1@172.17.0.5
	Database: MySQL  Version: 5.7.7-rc
	Driver: MySQL Connector Java  Version: mysql-connector-java-5.1.31 ( Revision: alexander.soklakov@oracle.com-20140520065950-groqzzbvxprqdmnz )
[EL Config]: connection: 2016-03-22 12:29:56.451--ServerSession(801766456)--Connection(1675364150)--Thread(Thread[Test worker,5,main])--connecting(DatabaseLogin(
	platform=>MySQLPlatform
	user name=> "test1"
	datasource URL=> "jdbc:mysql://localhost-MYSQL:3306/test1"
))
[EL Config]: connection: 2016-03-22 12:29:56.458--ServerSession(801766456)--Connection(1835856037)--Thread(Thread[Test worker,5,main])--Connected: jdbc:mysql://localhost-MYSQL:3306/test1
	User: test1@172.17.0.5
	Database: MySQL  Version: 5.7.7-rc
	Driver: MySQL Connector Java  Version: mysql-connector-java-5.1.31 ( Revision: alexander.soklakov@oracle.com-20140520065950-groqzzbvxprqdmnz )
[EL Config]: connection: 2016-03-22 12:29:56.458--ServerSession(801766456)--Connection(187373763)--Thread(Thread[Test worker,5,main])--connecting(DatabaseLogin(
	platform=>MySQLPlatform
	user name=> "test1"
	datasource URL=> "jdbc:mysql://localhost-MYSQL:3306/test1"
))
[EL Config]: connection: 2016-03-22 12:29:56.466--ServerSession(801766456)--Connection(165426096)--Thread(Thread[Test worker,5,main])--Connected: jdbc:mysql://localhost-MYSQL:3306/test1
	User: test1@172.17.0.5
	Database: MySQL  Version: 5.7.7-rc
	Driver: MySQL Connector Java  Version: mysql-connector-java-5.1.31 ( Revision: alexander.soklakov@oracle.com-20140520065950-groqzzbvxprqdmnz )
[EL Config]: connection: 2016-03-22 12:29:56.466--ServerSession(801766456)--Connection(1472556254)--Thread(Thread[Test worker,5,main])--connecting(DatabaseLogin(
	platform=>MySQLPlatform
	user name=> "test1"
	datasource URL=> "jdbc:mysql://localhost-MYSQL:3306/test1"
))
[EL Config]: connection: 2016-03-22 12:29:56.472--ServerSession(801766456)--Connection(810873851)--Thread(Thread[Test worker,5,main])--Connected: jdbc:mysql://localhost-MYSQL:3306/test1
	User: test1@172.17.0.5
	Database: MySQL  Version: 5.7.7-rc
	Driver: MySQL Connector Java  Version: mysql-connector-java-5.1.31 ( Revision: alexander.soklakov@oracle.com-20140520065950-groqzzbvxprqdmnz )
[EL Config]: connection: 2016-03-22 12:29:56.472--ServerSession(801766456)--Connection(425589895)--Thread(Thread[Test worker,5,main])--connecting(DatabaseLogin(
	platform=>MySQLPlatform
	user name=> "test1"
	datasource URL=> "jdbc:mysql://localhost-MYSQL:3306/test1"
))
[EL Config]: connection: 2016-03-22 12:29:56.483--ServerSession(801766456)--Connection(72759243)--Thread(Thread[Test worker,5,main])--Connected: jdbc:mysql://localhost-MYSQL:3306/test1
	User: test1@172.17.0.5
	Database: MySQL  Version: 5.7.7-rc
	Driver: MySQL Connector Java  Version: mysql-connector-java-5.1.31 ( Revision: alexander.soklakov@oracle.com-20140520065950-groqzzbvxprqdmnz )
[EL Config]: connection: 2016-03-22 12:29:56.483--ServerSession(801766456)--Connection(72759243)--Thread(Thread[Test worker,5,main])--disconnect
[EL Warning]: metadata: 2016-03-22 12:29:56.498--ServerSession(801766456)--Thread(Thread[Test worker,5,main])--Reverting the lazy setting on the OneToOne or ManyToOne attribute [timezone] for the entity class [class com.app.shared.organizationboundedcontext.contacts.CoreContacts] since weaving was not enabled or did not occur.
[EL Warning]: metadata: 2016-03-22 12:29:56.499--ServerSession(801766456)--Thread(Thread[Test worker,5,main])--Reverting the lazy setting on the OneToOne or ManyToOne attribute [userData] for the entity class [class com.app.shared.aaaboundedcontext.authentication.User] since weaving was not enabled or did not occur.
[EL Warning]: metadata: 2016-03-22 12:29:56.499--ServerSession(801766456)--Thread(Thread[Test worker,5,main])--Reverting the lazy setting on the OneToOne or ManyToOne attribute [coreContacts] for the entity class [class com.app.shared.aaaboundedcontext.authentication.Login] since weaving was not enabled or did not occur.
[EL Warning]: metadata: 2016-03-22 12:29:56.499--ServerSession(801766456)--Thread(Thread[Test worker,5,main])--Reverting the lazy setting on the OneToOne or ManyToOne attribute [user] for the entity class [class com.app.shared.aaaboundedcontext.authentication.Login] since weaving was not enabled or did not occur.
[EL Warning]: metadata: 2016-03-22 12:29:56.5--ServerSession(801766456)--Thread(Thread[Test worker,5,main])--Reverting the lazy setting on the OneToOne or ManyToOne attribute [user] for the entity class [class com.app.shared.aaaboundedcontext.authentication.UserData] since weaving was not enabled or did not occur.
[EL Warning]: metadata: 2016-03-22 12:29:56.503--ServerSession(801766456)--Thread(Thread[Test worker,5,main])--Reverting the lazy setting on the OneToOne or ManyToOne attribute [user] for the entity class [class com.app.shared.aaaboundedcontext.authentication.PassRecovery] since weaving was not enabled or did not occur.
[EL Info]: connection: 2016-03-22 12:29:56.939--ServerSession(801766456)--Thread(Thread[Test worker,5,main])--file:/home/applifire/workspace/mobiletest/build/resources/main_mobiletest login successful
[EL Fine]: sql: 2016-03-22 12:30:02.41--ClientSession(1720472344)--Connection(810873851)--Thread(Thread[Test worker,5,main])--SELECT query_id, active_status, app_creator_id, created_by, created_date, hidden_name, jpql_query, name, project_id, project_version_id, query_json, query_type, sql_query, updated_by, updated_date, user_access, version_id FROM art_query WHERE ((active_status = ?) AND (sql_query IS NULL))
	bind => [true]
[EL Config]: connection: 2016-03-22 12:30:02.424--ServerSession(801766456)--Connection(810873851)--Thread(Thread[Test worker,5,main])--disconnect
[EL Fine]: sql: 2016-03-22 12:30:02.436--ClientSession(1031714654)--Connection(165426096)--Thread(Thread[Test worker,5,main])--SELECT query_id, active_status, app_creator_id, created_by, created_date, hidden_name, jpql_query, name, project_id, project_version_id, query_json, query_type, sql_query, updated_by, updated_date, user_access, version_id FROM art_query WHERE (query_id = ?)
	bind => [22DCF08D-1DA4-46C3-B315-2F763C2A9610]
[EL Fine]: sql: 2016-03-22 12:30:02.439--ClientSession(1031714654)--Connection(165426096)--Thread(Thread[Test worker,5,main])--UPDATE art_query SET sql_query = ? WHERE (query_id = ?)
	bind => [SELECT t0.regionname, t1.retailername, t2.distributorname, t2.longitude, t2.lattitude, t3.monthid, t3.monthname, t4.autoid, t4.channelId, t4.salesdate, t4.salesyear, t4.salesinvoicenbr, t4.materialdesc, t4.branddesc, t4.salesqty, t4.netsalesamt, t4.grosssalesamt, t4.materialcode, t4.brandcode, t4.category, t4.updatedDate FROM ast_SalesData_T t4, ast_CurrentMonth_M t3, ast_Distributor_M t2, ast_Retailer_M t1, ast_SalesRegion_M t0 WHERE (((((((((t4.reatilercode = t1.retailercode) AND (t1.distributorcode = t2.distributorcode)) AND (t2.regioncode = t0.regioncode)) AND (t4.salesmonth = t3.monthid)) AND t0.regionname LIKE ?) AND t1.retailername LIKE ?) AND t2.distributorname LIKE ?) AND (t4.salesyear = ?)) AND t3.monthname LIKE ?) ORDER BY t3.monthid, 22DCF08D-1DA4-46C3-B315-2F763C2A9610]
[EL Config]: connection: 2016-03-22 12:30:02.49--ServerSession(801766456)--Connection(165426096)--Thread(Thread[Test worker,5,main])--disconnect
[EL Fine]: sql: 2016-03-22 12:30:02.492--ClientSession(962251071)--Connection(1835856037)--Thread(Thread[Test worker,5,main])--SELECT query_id, active_status, app_creator_id, created_by, created_date, hidden_name, jpql_query, name, project_id, project_version_id, query_json, query_type, sql_query, updated_by, updated_date, user_access, version_id FROM art_query WHERE (query_id = ?)
	bind => [45C1353D-788D-431C-AC67-DCCC6A78C440]
[EL Fine]: sql: 2016-03-22 12:30:02.493--ClientSession(962251071)--Connection(1835856037)--Thread(Thread[Test worker,5,main])--UPDATE art_query SET sql_query = ? WHERE (query_id = ?)
	bind => [SELECT dataId, appSessionId, booleanValue, customerId, dataType, dateTimeValue, jsonValue, numberValue, sessionKey, stringValue, userId, versionId, createdBy, createdDate, updatedBy, updatedDate, activeStatus, txnAccessCode FROM ast_SessionData_T WHERE (((activeStatus = ?) AND (appSessionId = ?)) AND (sessionKey = ?)), 45C1353D-788D-431C-AC67-DCCC6A78C440]
[EL Config]: connection: 2016-03-22 12:30:02.54--ServerSession(801766456)--Connection(1835856037)--Thread(Thread[Test worker,5,main])--disconnect
[EL Fine]: sql: 2016-03-22 12:30:02.542--ClientSession(5287633)--Connection(1447514138)--Thread(Thread[Test worker,5,main])--SELECT query_id, active_status, app_creator_id, created_by, created_date, hidden_name, jpql_query, name, project_id, project_version_id, query_json, query_type, sql_query, updated_by, updated_date, user_access, version_id FROM art_query WHERE (query_id = ?)
	bind => [5826106E-E8C1-43CC-82E4-38D951D3E764]
[EL Fine]: sql: 2016-03-22 12:30:02.543--ClientSession(5287633)--Connection(1447514138)--Thread(Thread[Test worker,5,main])--UPDATE art_query SET sql_query = ? WHERE (query_id = ?)
	bind => [SELECT t0.regionname FROM ast_SalesRegion_M t0, ast_UserAccess_M t1 WHERE ((t1.region = t0.regioncode) AND (t1.userId = ?)), 5826106E-E8C1-43CC-82E4-38D951D3E764]
[EL Config]: connection: 2016-03-22 12:30:02.59--ServerSession(801766456)--Connection(1447514138)--Thread(Thread[Test worker,5,main])--disconnect
[EL Fine]: sql: 2016-03-22 12:30:02.592--ClientSession(1358293398)--Connection(1924979946)--Thread(Thread[Test worker,5,main])--SELECT query_id, active_status, app_creator_id, created_by, created_date, hidden_name, jpql_query, name, project_id, project_version_id, query_json, query_type, sql_query, updated_by, updated_date, user_access, version_id FROM art_query WHERE (query_id = ?)
	bind => [70AB2931-0366-43CE-8B7F-3998394EA2E4]
[EL Fine]: sql: 2016-03-22 12:30:02.593--ClientSession(1358293398)--Connection(1924979946)--Thread(Thread[Test worker,5,main])--UPDATE art_query SET sql_query = ? WHERE (query_id = ?)
	bind => [SELECT countryId, countryName, countryCode1, isoNumeric FROM ast_Country_M, 70AB2931-0366-43CE-8B7F-3998394EA2E4]
[EL Config]: connection: 2016-03-22 12:30:02.64--ServerSession(801766456)--Connection(1924979946)--Thread(Thread[Test worker,5,main])--disconnect
[EL Fine]: sql: 2016-03-22 12:30:02.647--ClientSession(1184078717)--Connection(1940797799)--Thread(Thread[Test worker,5,main])--SELECT query_id, active_status, app_creator_id, created_by, created_date, hidden_name, jpql_query, name, project_id, project_version_id, query_json, query_type, sql_query, updated_by, updated_date, user_access, version_id FROM art_query WHERE (query_id = ?)
	bind => [7B037F53-394F-4057-8940-0A0DCB80EAD1]
[EL Fine]: sql: 2016-03-22 12:30:02.649--ClientSession(1184078717)--Connection(1940797799)--Thread(Thread[Test worker,5,main])--UPDATE art_query SET sql_query = ? WHERE (query_id = ?)
	bind => [SELECT CONCAT(CONCAT(CONCAT(CONCAT(CONCAT(CONCAT(t0.firstName, ?), t2.ipAddress), ?), t2.requestId), ?), t2.appSessionId), t2.requestId, t2.className, t2.requestTime, t2.requestMethod, t2.httpStatus, t2.returnStatus, t2.executionTime, t2.methodName, t2.startTime, t2.endTime, t2.typeofClass, t2.callSeqId, t2.exceptionId, t2.userId, t2.appSessionId FROM ast_User_T t3, zen_request_details t2, ast_Login_T t1, ast_CoreContacts_T t0 WHERE ((((t3.userId = t2.userId) AND (t2.requestTime >= ?)) AND (t2.requestTime <= ?)) AND ((t3.userId = t1.userId) AND (t0.contactId = t1.contactId))) ORDER BY t2.requestTime DESC, t2.requestId, t2.callSeqId ASC, 7B037F53-394F-4057-8940-0A0DCB80EAD1]
[EL Config]: connection: 2016-03-22 12:30:02.698--ServerSession(801766456)--Connection(1940797799)--Thread(Thread[Test worker,5,main])--disconnect
[EL Fine]: sql: 2016-03-22 12:30:02.7--ClientSession(1809012714)--Connection(216610852)--Thread(Thread[Test worker,5,main])--SELECT query_id, active_status, app_creator_id, created_by, created_date, hidden_name, jpql_query, name, project_id, project_version_id, query_json, query_type, sql_query, updated_by, updated_date, user_access, version_id FROM art_query WHERE (query_id = ?)
	bind => [821D4E23-6982-472B-AB0C-9DE492A1E8D1]
[EL Fine]: sql: 2016-03-22 12:30:02.702--ClientSession(1809012714)--Connection(216610852)--Thread(Thread[Test worker,5,main])--UPDATE art_query SET sql_query = ? WHERE (query_id = ?)
	bind => [SELECT dataId, appSessionId, booleanValue, customerId, dataType, dateTimeValue, jsonValue, numberValue, sessionKey, stringValue, userId, versionId, createdBy, createdDate, updatedBy, updatedDate, activeStatus, txnAccessCode FROM ast_SessionData_T WHERE ((activeStatus = ?) AND (appSessionId = ?)), 821D4E23-6982-472B-AB0C-9DE492A1E8D1]
[EL Config]: connection: 2016-03-22 12:30:02.748--ServerSession(801766456)--Connection(216610852)--Thread(Thread[Test worker,5,main])--disconnect
[EL Fine]: sql: 2016-03-22 12:30:02.754--ClientSession(1664576350)--Connection(442520589)--Thread(Thread[Test worker,5,main])--SELECT query_id, active_status, app_creator_id, created_by, created_date, hidden_name, jpql_query, name, project_id, project_version_id, query_json, query_type, sql_query, updated_by, updated_date, user_access, version_id FROM art_query WHERE (query_id = ?)
	bind => [884C66BE-BE2C-407B-94E5-8648805BBDB7]
[EL Fine]: sql: 2016-03-22 12:30:02.756--ClientSession(1664576350)--Connection(442520589)--Thread(Thread[Test worker,5,main])--UPDATE art_query SET sql_query = ? WHERE (query_id = ?)
	bind => [SELECT healthId, scheduledDateTime, serverInstanceId, serverIpAddress, ROUND((? - ((usedSpace / totalSpace) * ?))), ROUND(((usedSpace / totalSpace) * ?)), ROUND(((totalSpace / ?) / ?)), status FROM zen_health_status ORDER BY scheduledDateTime DESC, 884C66BE-BE2C-407B-94E5-8648805BBDB7]
[EL Config]: connection: 2016-03-22 12:30:02.807--ServerSession(801766456)--Connection(442520589)--Thread(Thread[Test worker,5,main])--disconnect
[EL Fine]: sql: 2016-03-22 12:30:02.813--ClientSession(1722768342)--Connection(1358098461)--Thread(Thread[Test worker,5,main])--SELECT query_id, active_status, app_creator_id, created_by, created_date, hidden_name, jpql_query, name, project_id, project_version_id, query_json, query_type, sql_query, updated_by, updated_date, user_access, version_id FROM art_query WHERE (query_id = ?)
	bind => [90D14C9C-106C-4685-B631-2B2BFDECF66D]
[EL Fine]: sql: 2016-03-22 12:30:02.814--ClientSession(1722768342)--Connection(1358098461)--Thread(Thread[Test worker,5,main])--UPDATE art_query SET sql_query = ? WHERE (query_id = ?)
	bind => [SELECT t0.channel, t1.category, t2.branddesc, t3.materialdesc, t4.regionname, t5.distributorname, t5.longitude, t5.lattitude, t6.updatedDate, t6.salesdate, t6.salesyear, t6.salesinvoicenbr, t6.salesqty, t6.netsalesamt, t6.grosssalesamt, t7.monthname, t7.monthid, t8.retailername FROM ast_Retailer_M t8, ast_CurrentMonth_M t7, ast_SalesData_T t6, ast_Distributor_M t5, ast_SalesRegion_M t4, ast_Material_M t3, ast_Brand_M t2, ast_Category_M t1, ast_Channel_M t0 WHERE (((((((((t4.regioncode = t5.regioncode) AND (t5.distributorcode = t8.distributorcode)) AND (t1.categoryId = t2.categoryId)) AND (t8.retailercode = t6.reatilercode)) AND (t2.brandcode = t3.brandcode)) AND (t0.channelId = t6.channelId)) AND (t7.monthid = t6.salesmonth)) AND (t1.categoryId = t6.category)) AND (t3.materialcode = t6.materialcode)) ORDER BY t7.monthid, 90D14C9C-106C-4685-B631-2B2BFDECF66D]
[EL Fine]: sql: 2016-03-22 12:30:02.859--ClientSession(53537486)--Connection(1358098461)--Thread(Thread[Test worker,5,main])--SELECT query_id, active_status, app_creator_id, created_by, created_date, hidden_name, jpql_query, name, project_id, project_version_id, query_json, query_type, sql_query, updated_by, updated_date, user_access, version_id FROM art_query WHERE (query_id = ?)
	bind => [A23F9179-F7BC-4CF8-BA50-EABB44AC2830]
[EL Fine]: sql: 2016-03-22 12:30:02.861--ClientSession(53537486)--Connection(1358098461)--Thread(Thread[Test worker,5,main])--UPDATE art_query SET sql_query = ? WHERE (query_id = ?)
	bind => [SELECT t0.loginPk, t0.failedLoginAttempts, t0.loginId, t0.serverAuthImage, t0.serverAuthText, t0.versionId, t0.createdBy, t0.createdDate, t0.updatedBy, t0.updatedDate, t0.activeStatus, t0.txnAccessCode, t0.contactId, t0.userId FROM ast_Login_T t0, ast_User_T t1 WHERE (((t0.activeStatus = ?) AND t1.userId NOT IN (SELECT t2.userId FROM ast_UserRoleBridge_T t2)) AND (t1.userId = t0.userId)), A23F9179-F7BC-4CF8-BA50-EABB44AC2830]
[EL Fine]: sql: 2016-03-22 12:30:02.928--ClientSession(1016150786)--Connection(1358098461)--Thread(Thread[Test worker,5,main])--SELECT query_id, active_status, app_creator_id, created_by, created_date, hidden_name, jpql_query, name, project_id, project_version_id, query_json, query_type, sql_query, updated_by, updated_date, user_access, version_id FROM art_query WHERE (query_id = ?)
	bind => [AB51E439-4AAD-43BB-97FD-9A7A1CA6BBE9]
[EL Fine]: sql: 2016-03-22 12:30:02.931--ClientSession(1016150786)--Connection(1358098461)--Thread(Thread[Test worker,5,main])--UPDATE art_query SET sql_query = ? WHERE (query_id = ?)
	bind => [SELECT t0.loginPk, t0.failedLoginAttempts, t0.loginId, t0.serverAuthImage, t0.serverAuthText, t0.versionId, t0.createdBy, t0.createdDate, t0.updatedBy, t0.updatedDate, t0.activeStatus, t0.txnAccessCode, t0.contactId, t0.userId FROM ast_Login_T t0, ast_User_T t1 WHERE (((t0.activeStatus = ?) AND t1.userId IN (SELECT t2.userId FROM ast_UserRoleBridge_T t2)) AND (t1.userId = t0.userId)), AB51E439-4AAD-43BB-97FD-9A7A1CA6BBE9]
[EL Fine]: sql: 2016-03-22 12:30:03.019--ClientSession(1461777979)--Connection(1358098461)--Thread(Thread[Test worker,5,main])--SELECT query_id, active_status, app_creator_id, created_by, created_date, hidden_name, jpql_query, name, project_id, project_version_id, query_json, query_type, sql_query, updated_by, updated_date, user_access, version_id FROM art_query WHERE (query_id = ?)
	bind => [AF41ABC9-C0A1-4965-B0D3-B997008C66D8]
[EL Fine]: sql: 2016-03-22 12:30:03.021--ClientSession(1461777979)--Connection(1358098461)--Thread(Thread[Test worker,5,main])--UPDATE art_query SET sql_query = ? WHERE (query_id = ?)
	bind => [DELETE FROM ast_SessionData_T WHERE ((activeStatus = ?) AND (appSessionId = ?)), AF41ABC9-C0A1-4965-B0D3-B997008C66D8]
[EL Fine]: sql: 2016-03-22 12:30:04.17--ClientSession(402481190)--Connection(1358098461)--Thread(Thread[Test worker,5,main])--SELECT query_id, active_status, app_creator_id, created_by, created_date, hidden_name, jpql_query, name, project_id, project_version_id, query_json, query_type, sql_query, updated_by, updated_date, user_access, version_id FROM art_query WHERE (query_id = ?)
	bind => [BAD3B43D-79F6-447C-9F69-2B3C5AFCEF33]
[EL Fine]: sql: 2016-03-22 12:30:04.172--ClientSession(402481190)--Connection(1358098461)--Thread(Thread[Test worker,5,main])--UPDATE art_query SET sql_query = ? WHERE (query_id = ?)
	bind => [SELECT t0.regionname, t1.monthid, t1.monthname, t2.distributorname, t2.longitude, t2.lattitude, t3.retailername, t4.autoid, t4.channelId, t4.salesdate, t4.salesmonth, t4.salesyear, t4.salesinvoicenbr, t4.branddesc, t4.salesqty, t4.netsalesamt, t4.grosssalesamt, t4.materialcode, t4.brandcode, t4.category, t4.updatedDate FROM ast_SalesData_T t4, ast_Retailer_M t3, ast_Distributor_M t2, ast_CurrentMonth_M t1, ast_SalesRegion_M t0 WHERE ((((((t4.salesmonth = t1.monthid) AND (t3.distributorcode = t2.distributorcode)) AND (t2.regioncode = t0.regioncode)) AND (t4.reatilercode = t3.retailercode)) AND (t4.salesdate >= ?)) AND (t4.salesdate <= ?)) ORDER BY t1.monthid, BAD3B43D-79F6-447C-9F69-2B3C5AFCEF33]
[EL Fine]: sql: 2016-03-22 12:30:04.661--ClientSession(396463388)--Connection(1358098461)--Thread(Thread[Test worker,5,main])--SELECT query_id, active_status, app_creator_id, created_by, created_date, hidden_name, jpql_query, name, project_id, project_version_id, query_json, query_type, sql_query, updated_by, updated_date, user_access, version_id FROM art_query WHERE (query_id = ?)
	bind => [E90B5CB6-15C4-4618-AA80-C68F1803999E]
[EL Fine]: sql: 2016-03-22 12:30:04.663--ClientSession(396463388)--Connection(1358098461)--Thread(Thread[Test worker,5,main])--UPDATE art_query SET sql_query = ? WHERE (query_id = ?)
	bind => [SELECT t0.countryName, t0.countryCode1, t0.isoNumeric, t0.countryId, t1.stateName, t2.cityName FROM ast_Country_M t0, ast_City_M t2, ast_State_M t1 WHERE (((t1.countryId = t0.countryId) AND (t2.countryId = t0.countryId)) AND (t2.stateId = t1.stateId)), E90B5CB6-15C4-4618-AA80-C68F1803999E]
[EL Fine]: sql: 2016-03-22 12:30:04.76--ClientSession(809217470)--Connection(1358098461)--Thread(Thread[Test worker,5,main])--SELECT query_id, active_status, app_creator_id, created_by, created_date, hidden_name, jpql_query, name, project_id, project_version_id, query_json, query_type, sql_query, updated_by, updated_date, user_access, version_id FROM art_query WHERE (query_id = ?)
	bind => [F1BB9A15-1FCF-42E0-8F9F-4D0909EA6279]
[EL Fine]: sql: 2016-03-22 12:30:04.762--ClientSession(809217470)--Connection(1358098461)--Thread(Thread[Test worker,5,main])--UPDATE art_query SET sql_query = ? WHERE (query_id = ?)
	bind => [SELECT monitorId, scheduledDateTime, serverInstanceId, serverIpAddress, totalClass, classLoaded, classUnloaded, gcCollectionTime, gcMemoryName, ((nonHeapCommitted / ?) / ?), ((nonHeapUsed / ?) / ?), ((heapCommitted / ?) / ?), ((maxMemory / ?) / ?), (? - ((usedMemory / totalMemory) * ?)), ((heapUsed / ?) / ?), ((totalMemory / ?) / ?), startTime, upTime, cpuTime, ((freePhysicalSize / ?) / ?), ((totalPhysicalMemorySize / ?) / ?), cpuLoadTime, ROUND(((freeSwapSize / ?) / ?)), systemLoadAverage, ROUND(((totalSwapSize / ?) / ?)), availableProcessor, totalThread, threadPeakCount, threadStartedCount, threadDaemonCount, threadCpuTime, threadUserTime, cpuLoad, ((usedMemory / totalMemory) * ?), ((usedSwapSize / ?) / ?), ((usedPhysicalMemory / ?) / ?) FROM zen_health ORDER BY scheduledDateTime DESC, F1BB9A15-1FCF-42E0-8F9F-4D0909EA6279]
[EL Fine]: sql: 2016-03-22 12:30:04.903--ClientSession(1635090458)--Connection(1358098461)--Thread(Thread[Test worker,5,main])--SELECT query_id, active_status, app_creator_id, created_by, created_date, hidden_name, jpql_query, name, project_id, project_version_id, query_json, query_type, sql_query, updated_by, updated_date, user_access, version_id FROM art_query WHERE (query_id = ?)
	bind => [F7586815-EB4E-418F-ADB3-B4FA2341448A]
[EL Fine]: sql: 2016-03-22 12:30:04.905--ClientSession(1635090458)--Connection(1358098461)--Thread(Thread[Test worker,5,main])--UPDATE art_query SET sql_query = ? WHERE (query_id = ?)
	bind => [SELECT stateName, stateCode, stateCodeChar2 FROM ast_State_M WHERE (countryId = ?), F7586815-EB4E-418F-ADB3-B4FA2341448A]
Setting logged in user info for ADD
[EL Fine]: sql: 2016-03-22 12:30:08.854--ClientSession(1103288347)--Connection(1358098461)--Thread(Thread[Test worker,5,main])--INSERT INTO ast_PersonalInfo_M (age, dateOfBirth, fName, versionId, createdBy, createdDate, updatedBy, updatedDate, activeStatus, txnAccessCode) VALUES (?, ?, ?, ?, ?, ?, ?, ?, ?, ?)
	bind => [2147483647, 2016-03-22 10:20:33.192, bID0qBJtS0sLWWDsYbd3HZrWw8He6xUx93JvVj7JJMjRVPXYeJ, 1, AAAAA, 2016-03-22 12:30:08.831, null, 2016-03-22 12:30:08.831, 1, 51000]
[EL Fine]: sql: 2016-03-22 12:30:08.856--ClientSession(1103288347)--Connection(1358098461)--Thread(Thread[Test worker,5,main])--SELECT LAST_INSERT_ID()
[EL Fine]: sql: 2016-03-22 12:30:08.905--ClientSession(1916395309)--Connection(1358098461)--Thread(Thread[Test worker,5,main])--SELECT pk, age, dateOfBirth, fName, versionId, createdBy, createdDate, updatedBy, updatedDate, activeStatus, txnAccessCode FROM ast_PersonalInfo_M WHERE ((activeStatus = ?) AND (pk = ?))
	bind => [1, 1]
Setting logged in user info for UPDATE
[EL Fine]: sql: 2016-03-22 12:30:08.912--ClientSession(1913456013)--Connection(1358098461)--Thread(Thread[Test worker,5,main])--SELECT pk, age, dateOfBirth, fName, versionId, createdBy, createdDate, updatedBy, updatedDate, activeStatus, txnAccessCode FROM ast_PersonalInfo_M WHERE (pk = ?)
	bind => [1]
[EL Fine]: sql: 2016-03-22 12:30:08.913--ClientSession(1913456013)--Connection(1358098461)--Thread(Thread[Test worker,5,main])--UPDATE ast_PersonalInfo_M SET dateOfBirth = ?, fName = ?, updatedBy = ?, versionId = ? WHERE ((pk = ?) AND (versionId = ?))
	bind => [2016-03-22 10:20:33.203, 0C4J3nJFpZeUuvDMyXGlnLY523w9NqLYAn5dqa2vEv5qRauWc5, AAAAA, 2, 1, 1]
[EL Fine]: sql: 2016-03-22 12:30:08.969--ClientSession(649109349)--Connection(1358098461)--Thread(Thread[Test worker,5,main])--SELECT pk, age, dateOfBirth, fName, versionId, createdBy, createdDate, updatedBy, updatedDate, activeStatus, txnAccessCode FROM ast_PersonalInfo_M WHERE ((activeStatus = ?) AND (pk = ?))
	bind => [1, 1]
[EL Fine]: sql: 2016-03-22 12:30:09.011--ClientSession(604251701)--Connection(1358098461)--Thread(Thread[Test worker,5,main])--SELECT pk, age, dateOfBirth, fName, versionId, createdBy, createdDate, updatedBy, updatedDate, activeStatus, txnAccessCode FROM ast_PersonalInfo_M WHERE (pk = ?)
	bind => [1]
[EL Fine]: sql: 2016-03-22 12:30:09.013--ClientSession(604251701)--Connection(1358098461)--Thread(Thread[Test worker,5,main])--DELETE FROM ast_PersonalInfo_M WHERE ((pk = ?) AND (versionId = ?))
	bind => [1, 2]
]]></system-out>
  <system-err><![CDATA[log4j:WARN No appenders could be found for logger (org.springframework.test.context.junit4.SpringJUnit4ClassRunner).
log4j:WARN Please initialize the log4j system properly.
log4j:WARN See http://logging.apache.org/log4j/1.2/faq.html#noconfig for more info.
com.app.shared.defaultcontext.defaultdomain.PersonalInfo.fName may not be null
com.athena.framework.server.exception.biz.SpartanConstraintViolationException: Exception in validating entity /com.app.shared.defaultcontext.defaultdomain.PersonalInfo.fName may not be null

	at com.athena.framework.server.helper.EntityValidatorHelper.validateEntity(EntityValidatorHelper.java:28)
	at com.app.shared.defaultcontext.defaultdomain.PersonalInfo.isValid(PersonalInfo.java:179)
	at com.app.server.service.defaultcontext.defaultdomain.PersonalInfoTestCase.validatePersonalInfo(PersonalInfoTestCase.java:174)
	at com.app.server.service.defaultcontext.defaultdomain.PersonalInfoTestCase.test5NegativeTesting(PersonalInfoTestCase.java:204)
	at sun.reflect.NativeMethodAccessorImpl.invoke0(Native Method)
	at sun.reflect.NativeMethodAccessorImpl.invoke(NativeMethodAccessorImpl.java:57)
	at sun.reflect.DelegatingMethodAccessorImpl.invoke(DelegatingMethodAccessorImpl.java:43)
	at java.lang.reflect.Method.invoke(Method.java:606)
	at org.junit.runners.model.FrameworkMethod$1.runReflectiveCall(FrameworkMethod.java:47)
	at org.junit.internal.runners.model.ReflectiveCallable.run(ReflectiveCallable.java:12)
	at org.junit.runners.model.FrameworkMethod.invokeExplosively(FrameworkMethod.java:44)
	at org.junit.internal.runners.statements.InvokeMethod.evaluate(InvokeMethod.java:17)
	at org.junit.internal.runners.statements.RunBefores.evaluate(RunBefores.java:26)
	at org.springframework.test.context.junit4.statements.RunBeforeTestMethodCallbacks.evaluate(RunBeforeTestMethodCallbacks.java:74)
	at org.junit.internal.runners.statements.RunAfters.evaluate(RunAfters.java:27)
	at org.springframework.test.context.junit4.statements.RunAfterTestMethodCallbacks.evaluate(RunAfterTestMethodCallbacks.java:83)
	at org.springframework.test.context.junit4.statements.SpringRepeat.evaluate(SpringRepeat.java:72)
	at org.springframework.test.context.junit4.SpringJUnit4ClassRunner.runChild(SpringJUnit4ClassRunner.java:233)
	at org.springframework.test.context.junit4.SpringJUnit4ClassRunner.runChild(SpringJUnit4ClassRunner.java:87)
	at org.junit.runners.ParentRunner$3.run(ParentRunner.java:238)
	at org.junit.runners.ParentRunner$1.schedule(ParentRunner.java:63)
	at org.junit.runners.ParentRunner.runChildren(ParentRunner.java:236)
	at org.junit.runners.ParentRunner.access$000(ParentRunner.java:53)
	at org.junit.runners.ParentRunner$2.evaluate(ParentRunner.java:229)
	at org.springframework.test.context.junit4.statements.RunBeforeTestClassCallbacks.evaluate(RunBeforeTestClassCallbacks.java:61)
	at org.springframework.test.context.junit4.statements.RunAfterTestClassCallbacks.evaluate(RunAfterTestClassCallbacks.java:71)
	at org.junit.runners.ParentRunner.run(ParentRunner.java:309)
	at org.springframework.test.context.junit4.SpringJUnit4ClassRunner.run(SpringJUnit4ClassRunner.java:176)
	at org.gradle.api.internal.tasks.testing.junit.JUnitTestClassExecuter.runTestClass(JUnitTestClassExecuter.java:86)
	at org.gradle.api.internal.tasks.testing.junit.JUnitTestClassExecuter.execute(JUnitTestClassExecuter.java:49)
	at org.gradle.api.internal.tasks.testing.junit.JUnitTestClassProcessor.processTestClass(JUnitTestClassProcessor.java:64)
	at org.gradle.api.internal.tasks.testing.SuiteTestClassProcessor.processTestClass(SuiteTestClassProcessor.java:50)
	at sun.reflect.NativeMethodAccessorImpl.invoke0(Native Method)
	at sun.reflect.NativeMethodAccessorImpl.invoke(NativeMethodAccessorImpl.java:57)
	at sun.reflect.DelegatingMethodAccessorImpl.invoke(DelegatingMethodAccessorImpl.java:43)
	at java.lang.reflect.Method.invoke(Method.java:606)
	at org.gradle.messaging.dispatch.ReflectionDispatch.dispatch(ReflectionDispatch.java:35)
	at org.gradle.messaging.dispatch.ReflectionDispatch.dispatch(ReflectionDispatch.java:24)
	at org.gradle.messaging.dispatch.ContextClassLoaderDispatch.dispatch(ContextClassLoaderDispatch.java:32)
	at org.gradle.messaging.dispatch.ProxyDispatchAdapter$DispatchingInvocationHandler.invoke(ProxyDispatchAdapter.java:93)
	at com.sun.proxy.$Proxy2.processTestClass(Unknown Source)
	at org.gradle.api.internal.tasks.testing.worker.TestWorker.processTestClass(TestWorker.java:106)
	at sun.reflect.NativeMethodAccessorImpl.invoke0(Native Method)
	at sun.reflect.NativeMethodAccessorImpl.invoke(NativeMethodAccessorImpl.java:57)
	at sun.reflect.DelegatingMethodAccessorImpl.invoke(DelegatingMethodAccessorImpl.java:43)
	at java.lang.reflect.Method.invoke(Method.java:606)
	at org.gradle.messaging.dispatch.ReflectionDispatch.dispatch(ReflectionDispatch.java:35)
	at org.gradle.messaging.dispatch.ReflectionDispatch.dispatch(ReflectionDispatch.java:24)
	at org.gradle.messaging.remote.internal.hub.MessageHub$Handler.run(MessageHub.java:360)
	at org.gradle.internal.concurrent.DefaultExecutorFactory$StoppableExecutorImpl$1.run(DefaultExecutorFactory.java:64)
	at java.util.concurrent.ThreadPoolExecutor.runWorker(ThreadPoolExecutor.java:1145)
	at java.util.concurrent.ThreadPoolExecutor$Worker.run(ThreadPoolExecutor.java:615)
	at java.lang.Thread.run(Thread.java:745)
com.app.shared.defaultcontext.defaultdomain.PersonalInfo.fName size must be between 1 and 256
com.athena.framework.server.exception.biz.SpartanConstraintViolationException: Exception in validating entity /com.app.shared.defaultcontext.defaultdomain.PersonalInfo.fName size must be between 1 and 256

	at com.athena.framework.server.helper.EntityValidatorHelper.validateEntity(EntityValidatorHelper.java:28)
	at com.app.shared.defaultcontext.defaultdomain.PersonalInfo.isValid(PersonalInfo.java:179)
	at com.app.server.service.defaultcontext.defaultdomain.PersonalInfoTestCase.validatePersonalInfo(PersonalInfoTestCase.java:172)
	at com.app.server.service.defaultcontext.defaultdomain.PersonalInfoTestCase.test5NegativeTesting(PersonalInfoTestCase.java:209)
	at sun.reflect.NativeMethodAccessorImpl.invoke0(Native Method)
	at sun.reflect.NativeMethodAccessorImpl.invoke(NativeMethodAccessorImpl.java:57)
	at sun.reflect.DelegatingMethodAccessorImpl.invoke(DelegatingMethodAccessorImpl.java:43)
	at java.lang.reflect.Method.invoke(Method.java:606)
	at org.junit.runners.model.FrameworkMethod$1.runReflectiveCall(FrameworkMethod.java:47)
	at org.junit.internal.runners.model.ReflectiveCallable.run(ReflectiveCallable.java:12)
	at org.junit.runners.model.FrameworkMethod.invokeExplosively(FrameworkMethod.java:44)
	at org.junit.internal.runners.statements.InvokeMethod.evaluate(InvokeMethod.java:17)
	at org.junit.internal.runners.statements.RunBefores.evaluate(RunBefores.java:26)
	at org.springframework.test.context.junit4.statements.RunBeforeTestMethodCallbacks.evaluate(RunBeforeTestMethodCallbacks.java:74)
	at org.junit.internal.runners.statements.RunAfters.evaluate(RunAfters.java:27)
	at org.springframework.test.context.junit4.statements.RunAfterTestMethodCallbacks.evaluate(RunAfterTestMethodCallbacks.java:83)
	at org.springframework.test.context.junit4.statements.SpringRepeat.evaluate(SpringRepeat.java:72)
	at org.springframework.test.context.junit4.SpringJUnit4ClassRunner.runChild(SpringJUnit4ClassRunner.java:233)
	at org.springframework.test.context.junit4.SpringJUnit4ClassRunner.runChild(SpringJUnit4ClassRunner.java:87)
	at org.junit.runners.ParentRunner$3.run(ParentRunner.java:238)
	at org.junit.runners.ParentRunner$1.schedule(ParentRunner.java:63)
	at org.junit.runners.ParentRunner.runChildren(ParentRunner.java:236)
	at org.junit.runners.ParentRunner.access$000(ParentRunner.java:53)
	at org.junit.runners.ParentRunner$2.evaluate(ParentRunner.java:229)
	at org.springframework.test.context.junit4.statements.RunBeforeTestClassCallbacks.evaluate(RunBeforeTestClassCallbacks.java:61)
	at org.springframework.test.context.junit4.statements.RunAfterTestClassCallbacks.evaluate(RunAfterTestClassCallbacks.java:71)
	at org.junit.runners.ParentRunner.run(ParentRunner.java:309)
	at org.springframework.test.context.junit4.SpringJUnit4ClassRunner.run(SpringJUnit4ClassRunner.java:176)
	at org.gradle.api.internal.tasks.testing.junit.JUnitTestClassExecuter.runTestClass(JUnitTestClassExecuter.java:86)
	at org.gradle.api.internal.tasks.testing.junit.JUnitTestClassExecuter.execute(JUnitTestClassExecuter.java:49)
	at org.gradle.api.internal.tasks.testing.junit.JUnitTestClassProcessor.processTestClass(JUnitTestClassProcessor.java:64)
	at org.gradle.api.internal.tasks.testing.SuiteTestClassProcessor.processTestClass(SuiteTestClassProcessor.java:50)
	at sun.reflect.NativeMethodAccessorImpl.invoke0(Native Method)
	at sun.reflect.NativeMethodAccessorImpl.invoke(NativeMethodAccessorImpl.java:57)
	at sun.reflect.DelegatingMethodAccessorImpl.invoke(DelegatingMethodAccessorImpl.java:43)
	at java.lang.reflect.Method.invoke(Method.java:606)
	at org.gradle.messaging.dispatch.ReflectionDispatch.dispatch(ReflectionDispatch.java:35)
	at org.gradle.messaging.dispatch.ReflectionDispatch.dispatch(ReflectionDispatch.java:24)
	at org.gradle.messaging.dispatch.ContextClassLoaderDispatch.dispatch(ContextClassLoaderDispatch.java:32)
	at org.gradle.messaging.dispatch.ProxyDispatchAdapter$DispatchingInvocationHandler.invoke(ProxyDispatchAdapter.java:93)
	at com.sun.proxy.$Proxy2.processTestClass(Unknown Source)
	at org.gradle.api.internal.tasks.testing.worker.TestWorker.processTestClass(TestWorker.java:106)
	at sun.reflect.NativeMethodAccessorImpl.invoke0(Native Method)
	at sun.reflect.NativeMethodAccessorImpl.invoke(NativeMethodAccessorImpl.java:57)
	at sun.reflect.DelegatingMethodAccessorImpl.invoke(DelegatingMethodAccessorImpl.java:43)
	at java.lang.reflect.Method.invoke(Method.java:606)
	at org.gradle.messaging.dispatch.ReflectionDispatch.dispatch(ReflectionDispatch.java:35)
	at org.gradle.messaging.dispatch.ReflectionDispatch.dispatch(ReflectionDispatch.java:24)
	at org.gradle.messaging.remote.internal.hub.MessageHub$Handler.run(MessageHub.java:360)
	at org.gradle.internal.concurrent.DefaultExecutorFactory$StoppableExecutorImpl$1.run(DefaultExecutorFactory.java:64)
	at java.util.concurrent.ThreadPoolExecutor.runWorker(ThreadPoolExecutor.java:1145)
	at java.util.concurrent.ThreadPoolExecutor$Worker.run(ThreadPoolExecutor.java:615)
	at java.lang.Thread.run(Thread.java:745)
com.app.shared.defaultcontext.defaultdomain.PersonalInfo.age may not be null
com.athena.framework.server.exception.biz.SpartanConstraintViolationException: Exception in validating entity /com.app.shared.defaultcontext.defaultdomain.PersonalInfo.age may not be null

	at com.athena.framework.server.helper.EntityValidatorHelper.validateEntity(EntityValidatorHelper.java:28)
	at com.app.shared.defaultcontext.defaultdomain.PersonalInfo.isValid(PersonalInfo.java:179)
	at com.app.server.service.defaultcontext.defaultdomain.PersonalInfoTestCase.validatePersonalInfo(PersonalInfoTestCase.java:174)
	at com.app.server.service.defaultcontext.defaultdomain.PersonalInfoTestCase.test5NegativeTesting(PersonalInfoTestCase.java:215)
	at sun.reflect.NativeMethodAccessorImpl.invoke0(Native Method)
	at sun.reflect.NativeMethodAccessorImpl.invoke(NativeMethodAccessorImpl.java:57)
	at sun.reflect.DelegatingMethodAccessorImpl.invoke(DelegatingMethodAccessorImpl.java:43)
	at java.lang.reflect.Method.invoke(Method.java:606)
	at org.junit.runners.model.FrameworkMethod$1.runReflectiveCall(FrameworkMethod.java:47)
	at org.junit.internal.runners.model.ReflectiveCallable.run(ReflectiveCallable.java:12)
	at org.junit.runners.model.FrameworkMethod.invokeExplosively(FrameworkMethod.java:44)
	at org.junit.internal.runners.statements.InvokeMethod.evaluate(InvokeMethod.java:17)
	at org.junit.internal.runners.statements.RunBefores.evaluate(RunBefores.java:26)
	at org.springframework.test.context.junit4.statements.RunBeforeTestMethodCallbacks.evaluate(RunBeforeTestMethodCallbacks.java:74)
	at org.junit.internal.runners.statements.RunAfters.evaluate(RunAfters.java:27)
	at org.springframework.test.context.junit4.statements.RunAfterTestMethodCallbacks.evaluate(RunAfterTestMethodCallbacks.java:83)
	at org.springframework.test.context.junit4.statements.SpringRepeat.evaluate(SpringRepeat.java:72)
	at org.springframework.test.context.junit4.SpringJUnit4ClassRunner.runChild(SpringJUnit4ClassRunner.java:233)
	at org.springframework.test.context.junit4.SpringJUnit4ClassRunner.runChild(SpringJUnit4ClassRunner.java:87)
	at org.junit.runners.ParentRunner$3.run(ParentRunner.java:238)
	at org.junit.runners.ParentRunner$1.schedule(ParentRunner.java:63)
	at org.junit.runners.ParentRunner.runChildren(ParentRunner.java:236)
	at org.junit.runners.ParentRunner.access$000(ParentRunner.java:53)
	at org.junit.runners.ParentRunner$2.evaluate(ParentRunner.java:229)
	at org.springframework.test.context.junit4.statements.RunBeforeTestClassCallbacks.evaluate(RunBeforeTestClassCallbacks.java:61)
	at org.springframework.test.context.junit4.statements.RunAfterTestClassCallbacks.evaluate(RunAfterTestClassCallbacks.java:71)
	at org.junit.runners.ParentRunner.run(ParentRunner.java:309)
	at org.springframework.test.context.junit4.SpringJUnit4ClassRunner.run(SpringJUnit4ClassRunner.java:176)
	at org.gradle.api.internal.tasks.testing.junit.JUnitTestClassExecuter.runTestClass(JUnitTestClassExecuter.java:86)
	at org.gradle.api.internal.tasks.testing.junit.JUnitTestClassExecuter.execute(JUnitTestClassExecuter.java:49)
	at org.gradle.api.internal.tasks.testing.junit.JUnitTestClassProcessor.processTestClass(JUnitTestClassProcessor.java:64)
	at org.gradle.api.internal.tasks.testing.SuiteTestClassProcessor.processTestClass(SuiteTestClassProcessor.java:50)
	at sun.reflect.NativeMethodAccessorImpl.invoke0(Native Method)
	at sun.reflect.NativeMethodAccessorImpl.invoke(NativeMethodAccessorImpl.java:57)
	at sun.reflect.DelegatingMethodAccessorImpl.invoke(DelegatingMethodAccessorImpl.java:43)
	at java.lang.reflect.Method.invoke(Method.java:606)
	at org.gradle.messaging.dispatch.ReflectionDispatch.dispatch(ReflectionDispatch.java:35)
	at org.gradle.messaging.dispatch.ReflectionDispatch.dispatch(ReflectionDispatch.java:24)
	at org.gradle.messaging.dispatch.ContextClassLoaderDispatch.dispatch(ContextClassLoaderDispatch.java:32)
	at org.gradle.messaging.dispatch.ProxyDispatchAdapter$DispatchingInvocationHandler.invoke(ProxyDispatchAdapter.java:93)
	at com.sun.proxy.$Proxy2.processTestClass(Unknown Source)
	at org.gradle.api.internal.tasks.testing.worker.TestWorker.processTestClass(TestWorker.java:106)
	at sun.reflect.NativeMethodAccessorImpl.invoke0(Native Method)
	at sun.reflect.NativeMethodAccessorImpl.invoke(NativeMethodAccessorImpl.java:57)
	at sun.reflect.DelegatingMethodAccessorImpl.invoke(DelegatingMethodAccessorImpl.java:43)
	at java.lang.reflect.Method.invoke(Method.java:606)
	at org.gradle.messaging.dispatch.ReflectionDispatch.dispatch(ReflectionDispatch.java:35)
	at org.gradle.messaging.dispatch.ReflectionDispatch.dispatch(ReflectionDispatch.java:24)
	at org.gradle.messaging.remote.internal.hub.MessageHub$Handler.run(MessageHub.java:360)
	at org.gradle.internal.concurrent.DefaultExecutorFactory$StoppableExecutorImpl$1.run(DefaultExecutorFactory.java:64)
	at java.util.concurrent.ThreadPoolExecutor.runWorker(ThreadPoolExecutor.java:1145)
	at java.util.concurrent.ThreadPoolExecutor$Worker.run(ThreadPoolExecutor.java:615)
	at java.lang.Thread.run(Thread.java:745)
com.app.shared.defaultcontext.defaultdomain.PersonalInfo.dateOfBirth may not be null
com.athena.framework.server.exception.biz.SpartanConstraintViolationException: Exception in validating entity /com.app.shared.defaultcontext.defaultdomain.PersonalInfo.dateOfBirth may not be null

	at com.athena.framework.server.helper.EntityValidatorHelper.validateEntity(EntityValidatorHelper.java:28)
	at com.app.shared.defaultcontext.defaultdomain.PersonalInfo.isValid(PersonalInfo.java:179)
	at com.app.server.service.defaultcontext.defaultdomain.PersonalInfoTestCase.validatePersonalInfo(PersonalInfoTestCase.java:174)
	at com.app.server.service.defaultcontext.defaultdomain.PersonalInfoTestCase.test5NegativeTesting(PersonalInfoTestCase.java:221)
	at sun.reflect.NativeMethodAccessorImpl.invoke0(Native Method)
	at sun.reflect.NativeMethodAccessorImpl.invoke(NativeMethodAccessorImpl.java:57)
	at sun.reflect.DelegatingMethodAccessorImpl.invoke(DelegatingMethodAccessorImpl.java:43)
	at java.lang.reflect.Method.invoke(Method.java:606)
	at org.junit.runners.model.FrameworkMethod$1.runReflectiveCall(FrameworkMethod.java:47)
	at org.junit.internal.runners.model.ReflectiveCallable.run(ReflectiveCallable.java:12)
	at org.junit.runners.model.FrameworkMethod.invokeExplosively(FrameworkMethod.java:44)
	at org.junit.internal.runners.statements.InvokeMethod.evaluate(InvokeMethod.java:17)
	at org.junit.internal.runners.statements.RunBefores.evaluate(RunBefores.java:26)
	at org.springframework.test.context.junit4.statements.RunBeforeTestMethodCallbacks.evaluate(RunBeforeTestMethodCallbacks.java:74)
	at org.junit.internal.runners.statements.RunAfters.evaluate(RunAfters.java:27)
	at org.springframework.test.context.junit4.statements.RunAfterTestMethodCallbacks.evaluate(RunAfterTestMethodCallbacks.java:83)
	at org.springframework.test.context.junit4.statements.SpringRepeat.evaluate(SpringRepeat.java:72)
	at org.springframework.test.context.junit4.SpringJUnit4ClassRunner.runChild(SpringJUnit4ClassRunner.java:233)
	at org.springframework.test.context.junit4.SpringJUnit4ClassRunner.runChild(SpringJUnit4ClassRunner.java:87)
	at org.junit.runners.ParentRunner$3.run(ParentRunner.java:238)
	at org.junit.runners.ParentRunner$1.schedule(ParentRunner.java:63)
	at org.junit.runners.ParentRunner.runChildren(ParentRunner.java:236)
	at org.junit.runners.ParentRunner.access$000(ParentRunner.java:53)
	at org.junit.runners.ParentRunner$2.evaluate(ParentRunner.java:229)
	at org.springframework.test.context.junit4.statements.RunBeforeTestClassCallbacks.evaluate(RunBeforeTestClassCallbacks.java:61)
	at org.springframework.test.context.junit4.statements.RunAfterTestClassCallbacks.evaluate(RunAfterTestClassCallbacks.java:71)
	at org.junit.runners.ParentRunner.run(ParentRunner.java:309)
	at org.springframework.test.context.junit4.SpringJUnit4ClassRunner.run(SpringJUnit4ClassRunner.java:176)
	at org.gradle.api.internal.tasks.testing.junit.JUnitTestClassExecuter.runTestClass(JUnitTestClassExecuter.java:86)
	at org.gradle.api.internal.tasks.testing.junit.JUnitTestClassExecuter.execute(JUnitTestClassExecuter.java:49)
	at org.gradle.api.internal.tasks.testing.junit.JUnitTestClassProcessor.processTestClass(JUnitTestClassProcessor.java:64)
	at org.gradle.api.internal.tasks.testing.SuiteTestClassProcessor.processTestClass(SuiteTestClassProcessor.java:50)
	at sun.reflect.NativeMethodAccessorImpl.invoke0(Native Method)
	at sun.reflect.NativeMethodAccessorImpl.invoke(NativeMethodAccessorImpl.java:57)
	at sun.reflect.DelegatingMethodAccessorImpl.invoke(DelegatingMethodAccessorImpl.java:43)
	at java.lang.reflect.Method.invoke(Method.java:606)
	at org.gradle.messaging.dispatch.ReflectionDispatch.dispatch(ReflectionDispatch.java:35)
	at org.gradle.messaging.dispatch.ReflectionDispatch.dispatch(ReflectionDispatch.java:24)
	at org.gradle.messaging.dispatch.ContextClassLoaderDispatch.dispatch(ContextClassLoaderDispatch.java:32)
	at org.gradle.messaging.dispatch.ProxyDispatchAdapter$DispatchingInvocationHandler.invoke(ProxyDispatchAdapter.java:93)
	at com.sun.proxy.$Proxy2.processTestClass(Unknown Source)
	at org.gradle.api.internal.tasks.testing.worker.TestWorker.processTestClass(TestWorker.java:106)
	at sun.reflect.NativeMethodAccessorImpl.invoke0(Native Method)
	at sun.reflect.NativeMethodAccessorImpl.invoke(NativeMethodAccessorImpl.java:57)
	at sun.reflect.DelegatingMethodAccessorImpl.invoke(DelegatingMethodAccessorImpl.java:43)
	at java.lang.reflect.Method.invoke(Method.java:606)
	at org.gradle.messaging.dispatch.ReflectionDispatch.dispatch(ReflectionDispatch.java:35)
	at org.gradle.messaging.dispatch.ReflectionDispatch.dispatch(ReflectionDispatch.java:24)
	at org.gradle.messaging.remote.internal.hub.MessageHub$Handler.run(MessageHub.java:360)
	at org.gradle.internal.concurrent.DefaultExecutorFactory$StoppableExecutorImpl$1.run(DefaultExecutorFactory.java:64)
	at java.util.concurrent.ThreadPoolExecutor.runWorker(ThreadPoolExecutor.java:1145)
	at java.util.concurrent.ThreadPoolExecutor$Worker.run(ThreadPoolExecutor.java:615)
	at java.lang.Thread.run(Thread.java:745)
]]></system-err>
</testsuite>
