<?xml version="1.0" encoding="UTF-8"?>
<testsuite name="com.app.server.service.organization.contactmanagement.GenderTestCase" tests="5" skipped="0" failures="0" errors="0" timestamp="2016-05-17T08:43:14" hostname="6eb3fab90469" time="19.945">
  <properties/>
  <testcase name="test1Save" classname="com.app.server.service.organization.contactmanagement.GenderTestCase" time="19.789"/>
  <testcase name="test2Update" classname="com.app.server.service.organization.contactmanagement.GenderTestCase" time="0.088"/>
  <testcase name="test3FindById" classname="com.app.server.service.organization.contactmanagement.GenderTestCase" time="0.009"/>
  <testcase name="test5NegativeTesting" classname="com.app.server.service.organization.contactmanagement.GenderTestCase" time="0.015"/>
  <testcase name="test6Delete" classname="com.app.server.service.organization.contactmanagement.GenderTestCase" time="0.042"/>
  <system-out><![CDATA[Tue May 17 08:43:14 UTC 2016|Log Manager Factory|Initialization Process started.....
Tue May 17 08:43:14 UTC 2016|Log Manager|Initialized with Path = [/home/applifire/workspace/project1/src/main/webapp/WEB-INF/conf]
Tue May 17 08:43:14 UTC 2016|Alarm Manager|Initialized with Path = [/home/applifire/workspace/project1/src/main/webapp/WEB-INF/conf]
Tue May 17 08:43:14 UTC 2016|Alarm Manager|Loading Alarms ......
Tue May 17 08:43:14 UTC 2016|Alarm XML Parser|FWA|XML Parsing Complete........ 
Tue May 17 08:43:14 UTC 2016|Alarm File Manager|FWA|Alarm File Status.. [ApplicationFrameworkAlarms.xml]|Version=15|Status=Done 
Tue May 17 08:43:14 UTC 2016|Alarm File Manager|FWA|Alarm Stats = ( BC/AL=4/383 SYS=4/9 [383/0]  TPL=0/0 [0/0]  APP= A.Map=[462]  E.Map EC/RC=[151/40] )
Tue May 17 08:43:14 UTC 2016|Alarm XML Parser|APP|XML Parsing Complete........ 
Tue May 17 08:43:14 UTC 2016|Alarm File Manager|APP|Alarm File Status.. [ApplicationAlarms.xml]|Version=1|Status=Done 
Tue May 17 08:43:14 UTC 2016|Alarm File Manager|APP|Alarm Stats = ( BC/AL=6/541 SYS=4/9 [383/0]  TPL=0/0 [0/0]  APP=2/2 [158/0]  A.Map=[620]  E.Map EC/RC=[245/60] )
Tue May 17 08:43:14 UTC 2016|ApplicationAlarmContext| <><><><><> Create App Alarms ....  <><><><><> 
Tue May 17 08:43:14 UTC 2016|ApplicationAlarmContext|Alarms are generated ONLY in Development Mode.. 
Tue May 17 08:43:14 UTC 2016|Alarm Manager|APP|Alarm Stats = ( BC/AL=6/541 SYS=4/9 [383/0]  TPL=0/0 [0/0]  APP=2/2 [158/0]  A.Map=[620]  E.Map EC/RC=[245/60] )
Tue May 17 08:43:14 UTC 2016|Alarm Manager|Initialized Exception Lookup...
Tue May 17 08:43:14 UTC 2016|Log Manager|Initialize Log Config File ......
Tue May 17 08:43:14 UTC 2016|Pluggable Connectors|Adding Connectors : StandardOutputConnector isEnabled=true isDefault=false isFallBack=true
Tue May 17 08:43:14 UTC 2016|Pluggable Connectors|Adding Connectors : StandardFileConnector isEnabled=true isDefault=false isFallBack=false
Tue May 17 08:43:14 UTC 2016|Pluggable Connectors|Adding Connectors : Sprinkler isEnabled=true isDefault=true isFallBack=false
Tue May 17 08:43:14 UTC 2016|Pluggable Connectors|Default Connector Name : com.spartan.logger.core.LogMessenger
Tue May 17 08:43:14 UTC 2016|Log Config Parser|Connector Least Log Level =[4]  FallBack Log Level =[3]
Tue May 17 08:43:14 UTC 2016|Log Manager|Loading Default Connector for Logging ......
Tue May 17 08:43:14 UTC 2016|Log Manager|Loading class .. com.spartan.logger.core.LogMessenger
Tue May 17 08:43:14 UTC 2016|Plugggable Connector|Connector class com.spartan.logger.core.LogMessenger Initialized... @ Log Level = 3
Tue May 17 08:43:14 UTC 2016|Log Manager|Starting the Default Connector [com.spartan.logger.core.LogMessenger@767ca7e4] ....
Tue May 17 08:43:14 UTC 2016|Scheduler|Starting the Scheduler ......
Tue May 17 08:43:14 UTC 2016|Scheduler|Adding [LMID=[2bc5c671-eda5-4608-8e5d-e3102bed5a0e]] Delay=5 Time Unit=MINUTES
Tue May 17 08:43:14 UTC 2016|Scheduler|Adding [App Alarm Manager File=[ApplicationAlarms.xml]] Delay=30 Time Unit=MINUTES
Tue May 17 08:43:14 UTC 2016|Scheduler|Adding [FW Alarm Manager File=[ApplicationFrameworkAlarms.xml]] Delay=3 Time Unit=MINUTES
Tue May 17 08:43:14 UTC 2016|Scheduler|Startup Completed..
Tue May 17 08:43:14 UTC 2016|Log Manager|Initialization Process Complete ......
Tue May 17 08:43:14 UTC 2016|Log Manager Factory|Log Manager READY! ID = 2bc5c671-eda5-4608-8e5d-e3102bed5a0e
[EL Config]: metadata: 2016-05-17 08:43:20.037--ServerSession(540957617)--Thread(Thread[Test worker,5,main])--The access type for the persistent class [class com.app.shared.appbasicsetup.usermanagement.ArtPasswordPolicy] is set to [FIELD].
[EL Config]: metadata: 2016-05-17 08:43:20.078--ServerSession(540957617)--Thread(Thread[Test worker,5,main])--The access type for the persistent class [class com.app.shared.organization.contactmanagement.ContactType] is set to [FIELD].
[EL Config]: metadata: 2016-05-17 08:43:20.08--ServerSession(540957617)--Thread(Thread[Test worker,5,main])--The access type for the persistent class [class com.app.shared.appbasicsetup.usermanagement.PasswordAlgo] is set to [FIELD].
[EL Config]: metadata: 2016-05-17 08:43:20.08--ServerSession(540957617)--Thread(Thread[Test worker,5,main])--The access type for the persistent class [class com.app.shared.organization.contactmanagement.CoreContacts] is set to [FIELD].
[EL Config]: metadata: 2016-05-17 08:43:20.085--ServerSession(540957617)--Thread(Thread[Test worker,5,main])--The target entity (reference) class for the one to one mapping element [field timezone] is being defaulted to: class com.app.shared.organization.locationmanagement.Timezone.
[EL Config]: metadata: 2016-05-17 08:43:20.089--ServerSession(540957617)--Thread(Thread[Test worker,5,main])--The target entity (reference) class for the one to many mapping element [field address] is being defaulted to: class com.app.shared.organization.locationmanagement.Address.
[EL Config]: metadata: 2016-05-17 08:43:20.089--ServerSession(540957617)--Thread(Thread[Test worker,5,main])--The target entity (reference) class for the one to many mapping element [field communicationData] is being defaulted to: class com.app.shared.organization.contactmanagement.CommunicationData.
[EL Config]: metadata: 2016-05-17 08:43:20.09--ServerSession(540957617)--Thread(Thread[Test worker,5,main])--The access type for the persistent class [class com.app.shared.organization.locationmanagement.City] is set to [FIELD].
[EL Config]: metadata: 2016-05-17 08:43:20.09--ServerSession(540957617)--Thread(Thread[Test worker,5,main])--The access type for the persistent class [class com.app.shared.appinsight.health.TestB] is set to [FIELD].
[EL Config]: metadata: 2016-05-17 08:43:20.091--ServerSession(540957617)--Thread(Thread[Test worker,5,main])--The access type for the persistent class [class com.app.shared.appbasicsetup.usermanagement.ArtPasswordAlgorithm] is set to [FIELD].
[EL Config]: metadata: 2016-05-17 08:43:20.091--ServerSession(540957617)--Thread(Thread[Test worker,5,main])--The access type for the persistent class [class com.app.shared.appbasicsetup.usermanagement.SessionData] is set to [FIELD].
[EL Config]: metadata: 2016-05-17 08:43:20.092--ServerSession(540957617)--Thread(Thread[Test worker,5,main])--The access type for the persistent class [class com.app.shared.appbasicsetup.usermanagement.ArtLogArchitectureLayer] is set to [FIELD].
[EL Config]: metadata: 2016-05-17 08:43:20.092--ServerSession(540957617)--Thread(Thread[Test worker,5,main])--The access type for the persistent class [class com.app.shared.appinsight.health.TestA] is set to [FIELD].
[EL Config]: metadata: 2016-05-17 08:43:20.093--ServerSession(540957617)--Thread(Thread[Test worker,5,main])--The access type for the persistent class [class com.athena.shared.pluggable.entity.ArtEntity] is set to [FIELD].
[EL Config]: metadata: 2016-05-17 08:43:20.094--ServerSession(540957617)--Thread(Thread[Test worker,5,main])--The access type for the persistent class [class com.athena.shared.pluggable.entity.AuditPropertiesEntity] is set to [FIELD].
[EL Config]: metadata: 2016-05-17 08:43:20.095--ServerSession(540957617)--Thread(Thread[Test worker,5,main])--The access type for the persistent class [class com.app.shared.appbasicsetup.aaa.ArtUserLastStatus] is set to [FIELD].
[EL Config]: metadata: 2016-05-17 08:43:20.095--ServerSession(540957617)--Thread(Thread[Test worker,5,main])--The access type for the persistent class [class com.app.shared.sampleboundedcontext.sampledomain.TestEnt] is set to [FIELD].
[EL Config]: metadata: 2016-05-17 08:43:20.096--ServerSession(540957617)--Thread(Thread[Test worker,5,main])--The access type for the persistent class [class com.spartan.healthmeter.entity.ArtHealthStatusConfiguration] is set to [FIELD].
[EL Config]: metadata: 2016-05-17 08:43:20.096--ServerSession(540957617)--Thread(Thread[Test worker,5,main])--The access type for the persistent class [class com.app.shared.sampleboundedcontext.sampledomain.Employee] is set to [FIELD].
[EL Config]: metadata: 2016-05-17 08:43:20.096--ServerSession(540957617)--Thread(Thread[Test worker,5,main])--The access type for the persistent class [class com.app.shared.appbasicsetup.usermanagement.ArtLogAlarm] is set to [FIELD].
[EL Config]: metadata: 2016-05-17 08:43:20.097--ServerSession(540957617)--Thread(Thread[Test worker,5,main])--The access type for the persistent class [class com.app.shared.appbasicsetup.userrolemanagement.Roles] is set to [FIELD].
[EL Config]: metadata: 2016-05-17 08:43:20.097--ServerSession(540957617)--Thread(Thread[Test worker,5,main])--The target entity (reference) class for the one to many mapping element [field roleMenuBridge] is being defaulted to: class com.app.shared.appbasicsetup.userrolemanagement.RoleMenuBridge.
[EL Config]: metadata: 2016-05-17 08:43:20.098--ServerSession(540957617)--Thread(Thread[Test worker,5,main])--The access type for the persistent class [class com.app.shared.organization.locationmanagement.Country] is set to [FIELD].
[EL Config]: metadata: 2016-05-17 08:43:20.099--ServerSession(540957617)--Thread(Thread[Test worker,5,main])--The access type for the persistent class [class com.athena.shared.dataengine.entity.ArtQuery] is set to [FIELD].
[EL Config]: metadata: 2016-05-17 08:43:20.099--ServerSession(540957617)--Thread(Thread[Test worker,5,main])--The access type for the persistent class [class com.spartan.healthmeter.entity.ZenHealthGauge] is set to [FIELD].
[EL Config]: metadata: 2016-05-17 08:43:20.1--ServerSession(540957617)--Thread(Thread[Test worker,5,main])--The access type for the persistent class [class com.app.shared.organization.contactmanagement.Gender] is set to [FIELD].
[EL Config]: metadata: 2016-05-17 08:43:20.1--ServerSession(540957617)--Thread(Thread[Test worker,5,main])--The access type for the persistent class [class com.app.shared.appbasicsetup.usermanagement.ArtLogSeverity] is set to [FIELD].
[EL Config]: metadata: 2016-05-17 08:43:20.101--ServerSession(540957617)--Thread(Thread[Test worker,5,main])--The access type for the persistent class [class com.app.shared.organization.contactmanagement.CommunicationType] is set to [FIELD].
[EL Config]: metadata: 2016-05-17 08:43:20.101--ServerSession(540957617)--Thread(Thread[Test worker,5,main])--The access type for the persistent class [class com.app.shared.testboundedcontext.testdomain.PersonalDetails] is set to [FIELD].
[EL Config]: metadata: 2016-05-17 08:43:20.101--ServerSession(540957617)--Thread(Thread[Test worker,5,main])--The access type for the persistent class [class com.app.shared.organization.locationmanagement.Timezone] is set to [FIELD].
[EL Config]: metadata: 2016-05-17 08:43:20.102--ServerSession(540957617)--Thread(Thread[Test worker,5,main])--The access type for the persistent class [class com.app.shared.appbasicsetup.userrolemanagement.RoleMenuBridge] is set to [FIELD].
[EL Config]: metadata: 2016-05-17 08:43:20.102--ServerSession(540957617)--Thread(Thread[Test worker,5,main])--The target entity (reference) class for the one to one mapping element [field roles] is being defaulted to: class com.app.shared.appbasicsetup.userrolemanagement.Roles.
[EL Config]: metadata: 2016-05-17 08:43:20.102--ServerSession(540957617)--Thread(Thread[Test worker,5,main])--The access type for the persistent class [class com.app.shared.appbasicsetup.usermanagement.ArtLogStatus] is set to [FIELD].
[EL Config]: metadata: 2016-05-17 08:43:20.103--ServerSession(540957617)--Thread(Thread[Test worker,5,main])--The access type for the persistent class [class com.app.shared.appbasicsetup.usermanagement.PasswordPolicy] is set to [FIELD].
[EL Config]: metadata: 2016-05-17 08:43:20.103--ServerSession(540957617)--Thread(Thread[Test worker,5,main])--The access type for the persistent class [class com.spartan.healthmeter.entity.HealthSchedulerConfiguration] is set to [FIELD].
[EL Config]: metadata: 2016-05-17 08:43:20.104--ServerSession(540957617)--Thread(Thread[Test worker,5,main])--The access type for the persistent class [class com.spartan.healthmeter.entity.ZenSchedulerHealth] is set to [FIELD].
[EL Config]: metadata: 2016-05-17 08:43:20.105--ServerSession(540957617)--Thread(Thread[Test worker,5,main])--The access type for the persistent class [class com.app.shared.organization.locationmanagement.Address] is set to [FIELD].
[EL Config]: metadata: 2016-05-17 08:43:20.106--ServerSession(540957617)--Thread(Thread[Test worker,5,main])--The access type for the persistent class [class com.app.shared.organization.locationmanagement.Language] is set to [FIELD].
[EL Config]: metadata: 2016-05-17 08:43:20.106--ServerSession(540957617)--Thread(Thread[Test worker,5,main])--The access type for the persistent class [class com.app.shared.appbasicsetup.usermanagement.PassRecovery] is set to [FIELD].
[EL Config]: metadata: 2016-05-17 08:43:20.107--ServerSession(540957617)--Thread(Thread[Test worker,5,main])--The target entity (reference) class for the one to one mapping element [field user] is being defaulted to: class com.app.shared.appbasicsetup.usermanagement.User.
[EL Config]: metadata: 2016-05-17 08:43:20.107--ServerSession(540957617)--Thread(Thread[Test worker,5,main])--The access type for the persistent class [class com.app.shared.appbasicsetup.usermanagement.ArtLogEvents] is set to [FIELD].
[EL Config]: metadata: 2016-05-17 08:43:20.107--ServerSession(540957617)--Thread(Thread[Test worker,5,main])--The target entity (reference) class for the one to many mapping element [field artLogSeverity] is being defaulted to: class com.app.shared.appbasicsetup.usermanagement.ArtLogSeverity.
[EL Config]: metadata: 2016-05-17 08:43:20.107--ServerSession(540957617)--Thread(Thread[Test worker,5,main])--The target entity (reference) class for the one to many mapping element [field artLogArchitectureLayers] is being defaulted to: class com.app.shared.appbasicsetup.usermanagement.ArtLogArchitectureLayer.
[EL Config]: metadata: 2016-05-17 08:43:20.108--ServerSession(540957617)--Thread(Thread[Test worker,5,main])--The target entity (reference) class for the one to many mapping element [field artLogStatus] is being defaulted to: class com.app.shared.appbasicsetup.usermanagement.ArtLogStatus.
[EL Config]: metadata: 2016-05-17 08:43:20.108--ServerSession(540957617)--Thread(Thread[Test worker,5,main])--The target entity (reference) class for the one to many mapping element [field artLogEventActions] is being defaulted to: class com.app.shared.appbasicsetup.usermanagement.ArtLogEventAction.
[EL Config]: metadata: 2016-05-17 08:43:20.108--ServerSession(540957617)--Thread(Thread[Test worker,5,main])--The access type for the persistent class [class com.app.shared.appbasicsetup.usermanagement.LoginSession] is set to [FIELD].
[EL Config]: metadata: 2016-05-17 08:43:20.109--ServerSession(540957617)--Thread(Thread[Test worker,5,main])--The access type for the persistent class [class com.app.shared.organization.locationmanagement.State] is set to [FIELD].
[EL Config]: metadata: 2016-05-17 08:43:20.11--ServerSession(540957617)--Thread(Thread[Test worker,5,main])--The access type for the persistent class [class com.athena.server.email.entity.ArtAppNotificationTemplate] is set to [FIELD].
[EL Config]: metadata: 2016-05-17 08:43:20.11--ServerSession(540957617)--Thread(Thread[Test worker,5,main])--The access type for the persistent class [class com.app.shared.appbasicsetup.usermanagement.UserAccessDomain] is set to [FIELD].
[EL Config]: metadata: 2016-05-17 08:43:20.11--ServerSession(540957617)--Thread(Thread[Test worker,5,main])--The access type for the persistent class [class com.app.shared.organization.contactmanagement.CommunicationGroup] is set to [FIELD].
[EL Config]: metadata: 2016-05-17 08:43:20.111--ServerSession(540957617)--Thread(Thread[Test worker,5,main])--The access type for the persistent class [class com.app.shared.appbasicsetup.usermanagement.User] is set to [FIELD].
[EL Config]: metadata: 2016-05-17 08:43:20.111--ServerSession(540957617)--Thread(Thread[Test worker,5,main])--The target entity (reference) class for the one to one mapping element [field userData] is being defaulted to: class com.app.shared.appbasicsetup.usermanagement.UserData.
[EL Config]: metadata: 2016-05-17 08:43:20.111--ServerSession(540957617)--Thread(Thread[Test worker,5,main])--The target entity (reference) class for the one to many mapping element [field passRecovery] is being defaulted to: class com.app.shared.appbasicsetup.usermanagement.PassRecovery.
[EL Config]: metadata: 2016-05-17 08:43:20.112--ServerSession(540957617)--Thread(Thread[Test worker,5,main])--The access type for the persistent class [class com.spartan.healthmeter.entity.ZenHealthStatus] is set to [FIELD].
[EL Config]: metadata: 2016-05-17 08:43:20.112--ServerSession(540957617)--Thread(Thread[Test worker,5,main])--The access type for the persistent class [class com.app.shared.organization.contactmanagement.CommunicationData] is set to [FIELD].
[EL Config]: metadata: 2016-05-17 08:43:20.112--ServerSession(540957617)--Thread(Thread[Test worker,5,main])--The access type for the persistent class [class com.app.shared.appbasicsetup.userrolemanagement.UserRoleBridge] is set to [FIELD].
[EL Config]: metadata: 2016-05-17 08:43:20.113--ServerSession(540957617)--Thread(Thread[Test worker,5,main])--The access type for the persistent class [class com.app.shared.appbasicsetup.usermanagement.Question] is set to [FIELD].
[EL Config]: metadata: 2016-05-17 08:43:20.113--ServerSession(540957617)--Thread(Thread[Test worker,5,main])--The access type for the persistent class [class com.app.shared.appbasicsetup.usermanagement.ArtLogConfig] is set to [FIELD].
[EL Config]: metadata: 2016-05-17 08:43:20.113--ServerSession(540957617)--Thread(Thread[Test worker,5,main])--The access type for the persistent class [class com.spartan.healthmeter.entity.ZenRequestDetails] is set to [FIELD].
[EL Config]: metadata: 2016-05-17 08:43:20.114--ServerSession(540957617)--Thread(Thread[Test worker,5,main])--The access type for the persistent class [class com.spartan.healthmeter.entity.ArtHealthSchedulerConfiguration] is set to [FIELD].
[EL Config]: metadata: 2016-05-17 08:43:20.114--ServerSession(540957617)--Thread(Thread[Test worker,5,main])--The access type for the persistent class [class com.spartan.healthmeter.entity.ZenHealthCounter] is set to [FIELD].
[EL Config]: metadata: 2016-05-17 08:43:20.115--ServerSession(540957617)--Thread(Thread[Test worker,5,main])--The access type for the persistent class [class com.app.shared.appbasicsetup.usermanagement.Login] is set to [FIELD].
[EL Config]: metadata: 2016-05-17 08:43:20.115--ServerSession(540957617)--Thread(Thread[Test worker,5,main])--The target entity (reference) class for the one to one mapping element [field coreContacts] is being defaulted to: class com.app.shared.organization.contactmanagement.CoreContacts.
[EL Config]: metadata: 2016-05-17 08:43:20.115--ServerSession(540957617)--Thread(Thread[Test worker,5,main])--The target entity (reference) class for the one to one mapping element [field user] is being defaulted to: class com.app.shared.appbasicsetup.usermanagement.User.
[EL Config]: metadata: 2016-05-17 08:43:20.115--ServerSession(540957617)--Thread(Thread[Test worker,5,main])--The access type for the persistent class [class com.spartan.healthmeter.entity.ZenHealth] is set to [FIELD].
[EL Config]: metadata: 2016-05-17 08:43:20.117--ServerSession(540957617)--Thread(Thread[Test worker,5,main])--The access type for the persistent class [class com.spartan.server.session.entity.AppSessionConfig] is set to [FIELD].
[EL Config]: metadata: 2016-05-17 08:43:20.117--ServerSession(540957617)--Thread(Thread[Test worker,5,main])--The access type for the persistent class [class com.app.shared.appbasicsetup.userrolemanagement.AppMenus] is set to [FIELD].
[EL Config]: metadata: 2016-05-17 08:43:20.118--ServerSession(540957617)--Thread(Thread[Test worker,5,main])--The access type for the persistent class [class com.athena.shared.report.entity.ArtReportUI] is set to [FIELD].
[EL Config]: metadata: 2016-05-17 08:43:20.118--ServerSession(540957617)--Thread(Thread[Test worker,5,main])--The access type for the persistent class [class com.app.shared.appbasicsetup.usermanagement.UserAccessLevel] is set to [FIELD].
[EL Config]: metadata: 2016-05-17 08:43:20.118--ServerSession(540957617)--Thread(Thread[Test worker,5,main])--The access type for the persistent class [class com.app.shared.appbasicsetup.usermanagement.UserData] is set to [FIELD].
[EL Config]: metadata: 2016-05-17 08:43:20.119--ServerSession(540957617)--Thread(Thread[Test worker,5,main])--The target entity (reference) class for the one to one mapping element [field user] is being defaulted to: class com.app.shared.appbasicsetup.usermanagement.User.
[EL Config]: metadata: 2016-05-17 08:43:20.119--ServerSession(540957617)--Thread(Thread[Test worker,5,main])--The access type for the persistent class [class com.app.shared.organization.locationmanagement.AddressType] is set to [FIELD].
[EL Config]: metadata: 2016-05-17 08:43:20.119--ServerSession(540957617)--Thread(Thread[Test worker,5,main])--The access type for the persistent class [class com.app.shared.organization.contactmanagement.Title] is set to [FIELD].
[EL Config]: metadata: 2016-05-17 08:43:20.12--ServerSession(540957617)--Thread(Thread[Test worker,5,main])--The access type for the persistent class [class com.app.shared.appbasicsetup.usermanagement.ArtLogEventAction] is set to [FIELD].
[EL Config]: metadata: 2016-05-17 08:43:20.12--ServerSession(540957617)--Thread(Thread[Test worker,5,main])--The access type for the persistent class [class com.spartan.healthmeter.shared.EntityAudit] is set to [FIELD].
[EL Config]: metadata: 2016-05-17 08:43:20.121--ServerSession(540957617)--Thread(Thread[Test worker,5,main])--The access type for the persistent class [class com.app.shared.SystemInfo] is set to [FIELD].
[EL Config]: metadata: 2016-05-17 08:43:20.121--ServerSession(540957617)--Thread(Thread[Test worker,5,main])--The access type for the persistent class [class com.spartan.healthmeter.shared.SystemInfo] is set to [FIELD].
[EL Config]: metadata: 2016-05-17 08:43:20.121--ServerSession(540957617)--Thread(Thread[Test worker,5,main])--The access type for the persistent class [class com.app.shared.EntityAudit] is set to [FIELD].
[EL Config]: metadata: 2016-05-17 08:43:20.125--ServerSession(540957617)--Thread(Thread[Test worker,5,main])--The alias name for the entity class [class com.app.shared.appbasicsetup.usermanagement.ArtPasswordPolicy] is being defaulted to: ArtPasswordPolicy.
[EL Config]: metadata: 2016-05-17 08:43:20.135--ServerSession(540957617)--Thread(Thread[Test worker,5,main])--The alias name for the entity class [class com.app.shared.organization.contactmanagement.ContactType] is being defaulted to: ContactType.
[EL Config]: metadata: 2016-05-17 08:43:20.135--ServerSession(540957617)--Thread(Thread[Test worker,5,main])--The alias name for the entity class [class com.app.shared.appbasicsetup.usermanagement.PasswordAlgo] is being defaulted to: PasswordAlgo.
[EL Config]: metadata: 2016-05-17 08:43:20.136--ServerSession(540957617)--Thread(Thread[Test worker,5,main])--The alias name for the entity class [class com.app.shared.organization.contactmanagement.CoreContacts] is being defaulted to: CoreContacts.
[EL Config]: metadata: 2016-05-17 08:43:20.136--ServerSession(540957617)--Thread(Thread[Test worker,5,main])--The alias name for the entity class [class com.app.shared.organization.locationmanagement.City] is being defaulted to: City.
[EL Config]: metadata: 2016-05-17 08:43:20.137--ServerSession(540957617)--Thread(Thread[Test worker,5,main])--The alias name for the entity class [class com.app.shared.appinsight.health.TestB] is being defaulted to: TestB.
[EL Config]: metadata: 2016-05-17 08:43:20.137--ServerSession(540957617)--Thread(Thread[Test worker,5,main])--The alias name for the entity class [class com.app.shared.appbasicsetup.usermanagement.ArtPasswordAlgorithm] is being defaulted to: ArtPasswordAlgorithm.
[EL Config]: metadata: 2016-05-17 08:43:20.138--ServerSession(540957617)--Thread(Thread[Test worker,5,main])--The alias name for the entity class [class com.app.shared.appbasicsetup.usermanagement.SessionData] is being defaulted to: SessionData.
[EL Config]: metadata: 2016-05-17 08:43:20.138--ServerSession(540957617)--Thread(Thread[Test worker,5,main])--The alias name for the entity class [class com.app.shared.appbasicsetup.usermanagement.ArtLogArchitectureLayer] is being defaulted to: ArtLogArchitectureLayer.
[EL Warning]: metadata: 2016-05-17 08:43:20.138--ServerSession(540957617)--Thread(Thread[Test worker,5,main])--You have specified multiple ids for the entity class [com.app.shared.appbasicsetup.usermanagement.ArtLogArchitectureLayer] without specifying an @IdClass. By doing this you may lose the ability to find by identity, distributed cache support etc. Note: You may however use entity manager find operations by passing a list of primary key fields. Else, you will have to use JPQL queries to read your entities. For other id options see @PrimaryKey.
[EL Config]: metadata: 2016-05-17 08:43:20.138--ServerSession(540957617)--Thread(Thread[Test worker,5,main])--The alias name for the entity class [class com.app.shared.appinsight.health.TestA] is being defaulted to: TestA.
[EL Config]: metadata: 2016-05-17 08:43:20.139--ServerSession(540957617)--Thread(Thread[Test worker,5,main])--The alias name for the entity class [class com.app.shared.appbasicsetup.aaa.ArtUserLastStatus] is being defaulted to: ArtUserLastStatus.
[EL Config]: metadata: 2016-05-17 08:43:20.139--ServerSession(540957617)--Thread(Thread[Test worker,5,main])--The alias name for the entity class [class com.app.shared.sampleboundedcontext.sampledomain.TestEnt] is being defaulted to: TestEnt.
[EL Config]: metadata: 2016-05-17 08:43:20.14--ServerSession(540957617)--Thread(Thread[Test worker,5,main])--The alias name for the entity class [class com.spartan.healthmeter.entity.ArtHealthStatusConfiguration] is being defaulted to: ArtHealthStatusConfiguration.
[EL Config]: metadata: 2016-05-17 08:43:20.14--ServerSession(540957617)--Thread(Thread[Test worker,5,main])--The alias name for the entity class [class com.app.shared.sampleboundedcontext.sampledomain.Employee] is being defaulted to: Employee.
[EL Config]: metadata: 2016-05-17 08:43:20.14--ServerSession(540957617)--Thread(Thread[Test worker,5,main])--The alias name for the entity class [class com.app.shared.appbasicsetup.usermanagement.ArtLogAlarm] is being defaulted to: ArtLogAlarm.
[EL Config]: metadata: 2016-05-17 08:43:20.141--ServerSession(540957617)--Thread(Thread[Test worker,5,main])--The alias name for the entity class [class com.app.shared.appbasicsetup.userrolemanagement.Roles] is being defaulted to: Roles.
[EL Config]: metadata: 2016-05-17 08:43:20.141--ServerSession(540957617)--Thread(Thread[Test worker,5,main])--The alias name for the entity class [class com.app.shared.organization.locationmanagement.Country] is being defaulted to: Country.
[EL Config]: metadata: 2016-05-17 08:43:20.141--ServerSession(540957617)--Thread(Thread[Test worker,5,main])--The alias name for the entity class [class com.athena.shared.dataengine.entity.ArtQuery] is being defaulted to: ArtQuery.
[EL Config]: metadata: 2016-05-17 08:43:20.142--ServerSession(540957617)--Thread(Thread[Test worker,5,main])--The alias name for the entity class [class com.spartan.healthmeter.entity.ZenHealthGauge] is being defaulted to: ZenHealthGauge.
[EL Config]: metadata: 2016-05-17 08:43:20.143--ServerSession(540957617)--Thread(Thread[Test worker,5,main])--The alias name for the entity class [class com.app.shared.organization.contactmanagement.Gender] is being defaulted to: Gender.
[EL Config]: metadata: 2016-05-17 08:43:20.143--ServerSession(540957617)--Thread(Thread[Test worker,5,main])--The alias name for the entity class [class com.app.shared.appbasicsetup.usermanagement.ArtLogSeverity] is being defaulted to: ArtLogSeverity.
[EL Config]: metadata: 2016-05-17 08:43:20.143--ServerSession(540957617)--Thread(Thread[Test worker,5,main])--The alias name for the entity class [class com.app.shared.organization.contactmanagement.CommunicationType] is being defaulted to: CommunicationType.
[EL Config]: metadata: 2016-05-17 08:43:20.143--ServerSession(540957617)--Thread(Thread[Test worker,5,main])--The alias name for the entity class [class com.app.shared.testboundedcontext.testdomain.PersonalDetails] is being defaulted to: PersonalDetails.
[EL Config]: metadata: 2016-05-17 08:43:20.144--ServerSession(540957617)--Thread(Thread[Test worker,5,main])--The alias name for the entity class [class com.app.shared.organization.locationmanagement.Timezone] is being defaulted to: Timezone.
[EL Config]: metadata: 2016-05-17 08:43:20.144--ServerSession(540957617)--Thread(Thread[Test worker,5,main])--The alias name for the entity class [class com.app.shared.appbasicsetup.userrolemanagement.RoleMenuBridge] is being defaulted to: RoleMenuBridge.
[EL Config]: metadata: 2016-05-17 08:43:20.144--ServerSession(540957617)--Thread(Thread[Test worker,5,main])--The alias name for the entity class [class com.app.shared.appbasicsetup.usermanagement.ArtLogStatus] is being defaulted to: ArtLogStatus.
[EL Warning]: metadata: 2016-05-17 08:43:20.145--ServerSession(540957617)--Thread(Thread[Test worker,5,main])--You have specified multiple ids for the entity class [com.app.shared.appbasicsetup.usermanagement.ArtLogStatus] without specifying an @IdClass. By doing this you may lose the ability to find by identity, distributed cache support etc. Note: You may however use entity manager find operations by passing a list of primary key fields. Else, you will have to use JPQL queries to read your entities. For other id options see @PrimaryKey.
[EL Config]: metadata: 2016-05-17 08:43:20.145--ServerSession(540957617)--Thread(Thread[Test worker,5,main])--The alias name for the entity class [class com.app.shared.appbasicsetup.usermanagement.PasswordPolicy] is being defaulted to: PasswordPolicy.
[EL Config]: metadata: 2016-05-17 08:43:20.145--ServerSession(540957617)--Thread(Thread[Test worker,5,main])--The alias name for the entity class [class com.spartan.healthmeter.entity.HealthSchedulerConfiguration] is being defaulted to: HealthSchedulerConfiguration.
[EL Config]: metadata: 2016-05-17 08:43:20.146--ServerSession(540957617)--Thread(Thread[Test worker,5,main])--The alias name for the entity class [class com.spartan.healthmeter.entity.ZenSchedulerHealth] is being defaulted to: ZenSchedulerHealth.
[EL Config]: metadata: 2016-05-17 08:43:20.147--ServerSession(540957617)--Thread(Thread[Test worker,5,main])--The alias name for the entity class [class com.app.shared.organization.locationmanagement.Address] is being defaulted to: Address.
[EL Config]: metadata: 2016-05-17 08:43:20.147--ServerSession(540957617)--Thread(Thread[Test worker,5,main])--The alias name for the entity class [class com.app.shared.organization.locationmanagement.Language] is being defaulted to: Language.
[EL Config]: metadata: 2016-05-17 08:43:20.148--ServerSession(540957617)--Thread(Thread[Test worker,5,main])--The alias name for the entity class [class com.app.shared.appbasicsetup.usermanagement.PassRecovery] is being defaulted to: PassRecovery.
[EL Config]: metadata: 2016-05-17 08:43:20.148--ServerSession(540957617)--Thread(Thread[Test worker,5,main])--The alias name for the entity class [class com.app.shared.appbasicsetup.usermanagement.ArtLogEvents] is being defaulted to: ArtLogEvents.
[EL Config]: metadata: 2016-05-17 08:43:20.148--ServerSession(540957617)--Thread(Thread[Test worker,5,main])--The alias name for the entity class [class com.app.shared.appbasicsetup.usermanagement.LoginSession] is being defaulted to: LoginSession.
[EL Config]: metadata: 2016-05-17 08:43:20.149--ServerSession(540957617)--Thread(Thread[Test worker,5,main])--The alias name for the entity class [class com.app.shared.organization.locationmanagement.State] is being defaulted to: State.
[EL Config]: metadata: 2016-05-17 08:43:20.15--ServerSession(540957617)--Thread(Thread[Test worker,5,main])--The alias name for the entity class [class com.athena.server.email.entity.ArtAppNotificationTemplate] is being defaulted to: ArtAppNotificationTemplate.
[EL Config]: metadata: 2016-05-17 08:43:20.15--ServerSession(540957617)--Thread(Thread[Test worker,5,main])--The alias name for the entity class [class com.app.shared.appbasicsetup.usermanagement.UserAccessDomain] is being defaulted to: UserAccessDomain.
[EL Config]: metadata: 2016-05-17 08:43:20.15--ServerSession(540957617)--Thread(Thread[Test worker,5,main])--The alias name for the entity class [class com.app.shared.organization.contactmanagement.CommunicationGroup] is being defaulted to: CommunicationGroup.
[EL Config]: metadata: 2016-05-17 08:43:20.151--ServerSession(540957617)--Thread(Thread[Test worker,5,main])--The alias name for the entity class [class com.app.shared.appbasicsetup.usermanagement.User] is being defaulted to: User.
[EL Config]: metadata: 2016-05-17 08:43:20.151--ServerSession(540957617)--Thread(Thread[Test worker,5,main])--The alias name for the entity class [class com.spartan.healthmeter.entity.ZenHealthStatus] is being defaulted to: ZenHealthStatus.
[EL Config]: metadata: 2016-05-17 08:43:20.152--ServerSession(540957617)--Thread(Thread[Test worker,5,main])--The alias name for the entity class [class com.app.shared.organization.contactmanagement.CommunicationData] is being defaulted to: CommunicationData.
[EL Config]: metadata: 2016-05-17 08:43:20.152--ServerSession(540957617)--Thread(Thread[Test worker,5,main])--The alias name for the entity class [class com.app.shared.appbasicsetup.userrolemanagement.UserRoleBridge] is being defaulted to: UserRoleBridge.
[EL Config]: metadata: 2016-05-17 08:43:20.152--ServerSession(540957617)--Thread(Thread[Test worker,5,main])--The alias name for the entity class [class com.app.shared.appbasicsetup.usermanagement.Question] is being defaulted to: Question.
[EL Config]: metadata: 2016-05-17 08:43:20.153--ServerSession(540957617)--Thread(Thread[Test worker,5,main])--The alias name for the entity class [class com.app.shared.appbasicsetup.usermanagement.ArtLogConfig] is being defaulted to: ArtLogConfig.
[EL Config]: metadata: 2016-05-17 08:43:20.153--ServerSession(540957617)--Thread(Thread[Test worker,5,main])--The alias name for the entity class [class com.spartan.healthmeter.entity.ZenRequestDetails] is being defaulted to: ZenRequestDetails.
[EL Config]: metadata: 2016-05-17 08:43:20.153--ServerSession(540957617)--Thread(Thread[Test worker,5,main])--The alias name for the entity class [class com.spartan.healthmeter.entity.ArtHealthSchedulerConfiguration] is being defaulted to: ArtHealthSchedulerConfiguration.
[EL Config]: metadata: 2016-05-17 08:43:20.154--ServerSession(540957617)--Thread(Thread[Test worker,5,main])--The alias name for the entity class [class com.spartan.healthmeter.entity.ZenHealthCounter] is being defaulted to: ZenHealthCounter.
[EL Config]: metadata: 2016-05-17 08:43:20.154--ServerSession(540957617)--Thread(Thread[Test worker,5,main])--The alias name for the entity class [class com.app.shared.appbasicsetup.usermanagement.Login] is being defaulted to: Login.
[EL Config]: metadata: 2016-05-17 08:43:20.155--ServerSession(540957617)--Thread(Thread[Test worker,5,main])--The alias name for the entity class [class com.spartan.healthmeter.entity.ZenHealth] is being defaulted to: ZenHealth.
[EL Config]: metadata: 2016-05-17 08:43:20.156--ServerSession(540957617)--Thread(Thread[Test worker,5,main])--The alias name for the entity class [class com.spartan.server.session.entity.AppSessionConfig] is being defaulted to: AppSessionConfig.
[EL Config]: metadata: 2016-05-17 08:43:20.156--ServerSession(540957617)--Thread(Thread[Test worker,5,main])--The alias name for the entity class [class com.app.shared.appbasicsetup.userrolemanagement.AppMenus] is being defaulted to: AppMenus.
[EL Config]: metadata: 2016-05-17 08:43:20.157--ServerSession(540957617)--Thread(Thread[Test worker,5,main])--The alias name for the entity class [class com.athena.shared.report.entity.ArtReportUI] is being defaulted to: ArtReportUI.
[EL Config]: metadata: 2016-05-17 08:43:20.157--ServerSession(540957617)--Thread(Thread[Test worker,5,main])--The alias name for the entity class [class com.app.shared.appbasicsetup.usermanagement.UserAccessLevel] is being defaulted to: UserAccessLevel.
[EL Config]: metadata: 2016-05-17 08:43:20.158--ServerSession(540957617)--Thread(Thread[Test worker,5,main])--The alias name for the entity class [class com.app.shared.appbasicsetup.usermanagement.UserData] is being defaulted to: UserData.
[EL Config]: metadata: 2016-05-17 08:43:20.158--ServerSession(540957617)--Thread(Thread[Test worker,5,main])--The alias name for the entity class [class com.app.shared.organization.locationmanagement.AddressType] is being defaulted to: AddressType.
[EL Config]: metadata: 2016-05-17 08:43:20.158--ServerSession(540957617)--Thread(Thread[Test worker,5,main])--The alias name for the entity class [class com.app.shared.organization.contactmanagement.Title] is being defaulted to: Title.
[EL Config]: metadata: 2016-05-17 08:43:20.159--ServerSession(540957617)--Thread(Thread[Test worker,5,main])--The alias name for the entity class [class com.app.shared.appbasicsetup.usermanagement.ArtLogEventAction] is being defaulted to: ArtLogEventAction.
[EL Warning]: metadata: 2016-05-17 08:43:20.159--ServerSession(540957617)--Thread(Thread[Test worker,5,main])--You have specified multiple ids for the entity class [com.app.shared.appbasicsetup.usermanagement.ArtLogEventAction] without specifying an @IdClass. By doing this you may lose the ability to find by identity, distributed cache support etc. Note: You may however use entity manager find operations by passing a list of primary key fields. Else, you will have to use JPQL queries to read your entities. For other id options see @PrimaryKey.
[EL Warning]: metadata: 2016-05-17 08:43:20.18--ServerSession(540957617)--Thread(Thread[Test worker,5,main])--The reference column name [severityId] mapped on the element [field artLogSeverity] does not correspond to a valid id or basic field/column on the mapping reference. Will use referenced column name as provided.
[EL Info]: 2016-05-17 08:43:20.839--ServerSession(540957617)--Thread(Thread[Test worker,5,main])--EclipseLink, version: Eclipse Persistence Services - 2.5.1.v20130918-f2b9fc5
[EL Fine]: connection: 2016-05-17 08:43:21.092--Thread(Thread[Test worker,5,main])--Detected database platform: org.eclipse.persistence.platform.database.oracle.Oracle11Platform
[EL Config]: connection: 2016-05-17 08:43:21.105--ServerSession(540957617)--Connection(694708173)--Thread(Thread[Test worker,5,main])--connecting(DatabaseLogin(
	platform=>Oracle11Platform
	user name=> "project1"
	datasource URL=> "jdbc:oracle:thin:@localhost-ORACLE:1521:xe"
))
[EL Config]: connection: 2016-05-17 08:43:21.131--ServerSession(540957617)--Connection(91674872)--Thread(Thread[Test worker,5,main])--Connected: jdbc:oracle:thin:@localhost-ORACLE:1521:xe
	User: PROJECT1
	Database: Oracle  Version: Oracle Database 11g Express Edition Release 11.2.0.2.0 - 64bit Production
	Driver: Oracle JDBC driver  Version: 11.2.0.4.0
[EL Config]: connection: 2016-05-17 08:43:21.132--ServerSession(540957617)--Connection(213620460)--Thread(Thread[Test worker,5,main])--connecting(DatabaseLogin(
	platform=>Oracle11Platform
	user name=> "project1"
	datasource URL=> "jdbc:oracle:thin:@localhost-ORACLE:1521:xe"
))
[EL Config]: connection: 2016-05-17 08:43:21.147--ServerSession(540957617)--Connection(1873897083)--Thread(Thread[Test worker,5,main])--Connected: jdbc:oracle:thin:@localhost-ORACLE:1521:xe
	User: PROJECT1
	Database: Oracle  Version: Oracle Database 11g Express Edition Release 11.2.0.2.0 - 64bit Production
	Driver: Oracle JDBC driver  Version: 11.2.0.4.0
[EL Config]: connection: 2016-05-17 08:43:21.147--ServerSession(540957617)--Connection(1740590726)--Thread(Thread[Test worker,5,main])--connecting(DatabaseLogin(
	platform=>Oracle11Platform
	user name=> "project1"
	datasource URL=> "jdbc:oracle:thin:@localhost-ORACLE:1521:xe"
))
[EL Config]: connection: 2016-05-17 08:43:21.164--ServerSession(540957617)--Connection(1086092448)--Thread(Thread[Test worker,5,main])--Connected: jdbc:oracle:thin:@localhost-ORACLE:1521:xe
	User: PROJECT1
	Database: Oracle  Version: Oracle Database 11g Express Edition Release 11.2.0.2.0 - 64bit Production
	Driver: Oracle JDBC driver  Version: 11.2.0.4.0
[EL Config]: connection: 2016-05-17 08:43:21.164--ServerSession(540957617)--Connection(344774036)--Thread(Thread[Test worker,5,main])--connecting(DatabaseLogin(
	platform=>Oracle11Platform
	user name=> "project1"
	datasource URL=> "jdbc:oracle:thin:@localhost-ORACLE:1521:xe"
))
[EL Config]: connection: 2016-05-17 08:43:21.178--ServerSession(540957617)--Connection(706343446)--Thread(Thread[Test worker,5,main])--Connected: jdbc:oracle:thin:@localhost-ORACLE:1521:xe
	User: PROJECT1
	Database: Oracle  Version: Oracle Database 11g Express Edition Release 11.2.0.2.0 - 64bit Production
	Driver: Oracle JDBC driver  Version: 11.2.0.4.0
[EL Config]: connection: 2016-05-17 08:43:21.178--ServerSession(540957617)--Connection(224696306)--Thread(Thread[Test worker,5,main])--connecting(DatabaseLogin(
	platform=>Oracle11Platform
	user name=> "project1"
	datasource URL=> "jdbc:oracle:thin:@localhost-ORACLE:1521:xe"
))
[EL Config]: connection: 2016-05-17 08:43:21.192--ServerSession(540957617)--Connection(1194563516)--Thread(Thread[Test worker,5,main])--Connected: jdbc:oracle:thin:@localhost-ORACLE:1521:xe
	User: PROJECT1
	Database: Oracle  Version: Oracle Database 11g Express Edition Release 11.2.0.2.0 - 64bit Production
	Driver: Oracle JDBC driver  Version: 11.2.0.4.0
[EL Config]: connection: 2016-05-17 08:43:21.192--ServerSession(540957617)--Connection(204397609)--Thread(Thread[Test worker,5,main])--connecting(DatabaseLogin(
	platform=>Oracle11Platform
	user name=> "project1"
	datasource URL=> "jdbc:oracle:thin:@localhost-ORACLE:1521:xe"
))
[EL Config]: connection: 2016-05-17 08:43:21.206--ServerSession(540957617)--Connection(1484262910)--Thread(Thread[Test worker,5,main])--Connected: jdbc:oracle:thin:@localhost-ORACLE:1521:xe
	User: PROJECT1
	Database: Oracle  Version: Oracle Database 11g Express Edition Release 11.2.0.2.0 - 64bit Production
	Driver: Oracle JDBC driver  Version: 11.2.0.4.0
[EL Config]: connection: 2016-05-17 08:43:21.206--ServerSession(540957617)--Connection(836684818)--Thread(Thread[Test worker,5,main])--connecting(DatabaseLogin(
	platform=>Oracle11Platform
	user name=> "project1"
	datasource URL=> "jdbc:oracle:thin:@localhost-ORACLE:1521:xe"
))
[EL Config]: connection: 2016-05-17 08:43:21.22--ServerSession(540957617)--Connection(438815570)--Thread(Thread[Test worker,5,main])--Connected: jdbc:oracle:thin:@localhost-ORACLE:1521:xe
	User: PROJECT1
	Database: Oracle  Version: Oracle Database 11g Express Edition Release 11.2.0.2.0 - 64bit Production
	Driver: Oracle JDBC driver  Version: 11.2.0.4.0
[EL Config]: connection: 2016-05-17 08:43:21.22--ServerSession(540957617)--Connection(330813750)--Thread(Thread[Test worker,5,main])--connecting(DatabaseLogin(
	platform=>Oracle11Platform
	user name=> "project1"
	datasource URL=> "jdbc:oracle:thin:@localhost-ORACLE:1521:xe"
))
[EL Config]: connection: 2016-05-17 08:43:21.236--ServerSession(540957617)--Connection(151534167)--Thread(Thread[Test worker,5,main])--Connected: jdbc:oracle:thin:@localhost-ORACLE:1521:xe
	User: PROJECT1
	Database: Oracle  Version: Oracle Database 11g Express Edition Release 11.2.0.2.0 - 64bit Production
	Driver: Oracle JDBC driver  Version: 11.2.0.4.0
[EL Config]: connection: 2016-05-17 08:43:21.236--ServerSession(540957617)--Connection(2066623074)--Thread(Thread[Test worker,5,main])--connecting(DatabaseLogin(
	platform=>Oracle11Platform
	user name=> "project1"
	datasource URL=> "jdbc:oracle:thin:@localhost-ORACLE:1521:xe"
))
[EL Config]: connection: 2016-05-17 08:43:21.249--ServerSession(540957617)--Connection(333498140)--Thread(Thread[Test worker,5,main])--Connected: jdbc:oracle:thin:@localhost-ORACLE:1521:xe
	User: PROJECT1
	Database: Oracle  Version: Oracle Database 11g Express Edition Release 11.2.0.2.0 - 64bit Production
	Driver: Oracle JDBC driver  Version: 11.2.0.4.0
[EL Config]: connection: 2016-05-17 08:43:21.249--ServerSession(540957617)--Connection(170920310)--Thread(Thread[Test worker,5,main])--connecting(DatabaseLogin(
	platform=>Oracle11Platform
	user name=> "project1"
	datasource URL=> "jdbc:oracle:thin:@localhost-ORACLE:1521:xe"
))
[EL Config]: connection: 2016-05-17 08:43:21.263--ServerSession(540957617)--Connection(1472014131)--Thread(Thread[Test worker,5,main])--Connected: jdbc:oracle:thin:@localhost-ORACLE:1521:xe
	User: PROJECT1
	Database: Oracle  Version: Oracle Database 11g Express Edition Release 11.2.0.2.0 - 64bit Production
	Driver: Oracle JDBC driver  Version: 11.2.0.4.0
[EL Config]: connection: 2016-05-17 08:43:21.263--ServerSession(540957617)--Connection(1129886277)--Thread(Thread[Test worker,5,main])--connecting(DatabaseLogin(
	platform=>Oracle11Platform
	user name=> "project1"
	datasource URL=> "jdbc:oracle:thin:@localhost-ORACLE:1521:xe"
))
[EL Config]: connection: 2016-05-17 08:43:21.275--ServerSession(540957617)--Connection(1948250765)--Thread(Thread[Test worker,5,main])--Connected: jdbc:oracle:thin:@localhost-ORACLE:1521:xe
	User: PROJECT1
	Database: Oracle  Version: Oracle Database 11g Express Edition Release 11.2.0.2.0 - 64bit Production
	Driver: Oracle JDBC driver  Version: 11.2.0.4.0
[EL Config]: connection: 2016-05-17 08:43:21.276--ServerSession(540957617)--Connection(1567441546)--Thread(Thread[Test worker,5,main])--connecting(DatabaseLogin(
	platform=>Oracle11Platform
	user name=> "project1"
	datasource URL=> "jdbc:oracle:thin:@localhost-ORACLE:1521:xe"
))
[EL Config]: connection: 2016-05-17 08:43:21.289--ServerSession(540957617)--Connection(808165873)--Thread(Thread[Test worker,5,main])--Connected: jdbc:oracle:thin:@localhost-ORACLE:1521:xe
	User: PROJECT1
	Database: Oracle  Version: Oracle Database 11g Express Edition Release 11.2.0.2.0 - 64bit Production
	Driver: Oracle JDBC driver  Version: 11.2.0.4.0
[EL Config]: connection: 2016-05-17 08:43:21.289--ServerSession(540957617)--Connection(9760236)--Thread(Thread[Test worker,5,main])--connecting(DatabaseLogin(
	platform=>Oracle11Platform
	user name=> "project1"
	datasource URL=> "jdbc:oracle:thin:@localhost-ORACLE:1521:xe"
))
[EL Config]: connection: 2016-05-17 08:43:21.325--ServerSession(540957617)--Connection(831529280)--Thread(Thread[Test worker,5,main])--Connected: jdbc:oracle:thin:@localhost-ORACLE:1521:xe
	User: PROJECT1
	Database: Oracle  Version: Oracle Database 11g Express Edition Release 11.2.0.2.0 - 64bit Production
	Driver: Oracle JDBC driver  Version: 11.2.0.4.0
[EL Config]: connection: 2016-05-17 08:43:21.325--ServerSession(540957617)--Connection(1136027437)--Thread(Thread[Test worker,5,main])--connecting(DatabaseLogin(
	platform=>Oracle11Platform
	user name=> "project1"
	datasource URL=> "jdbc:oracle:thin:@localhost-ORACLE:1521:xe"
))
[EL Config]: connection: 2016-05-17 08:43:21.339--ServerSession(540957617)--Connection(2083511829)--Thread(Thread[Test worker,5,main])--Connected: jdbc:oracle:thin:@localhost-ORACLE:1521:xe
	User: PROJECT1
	Database: Oracle  Version: Oracle Database 11g Express Edition Release 11.2.0.2.0 - 64bit Production
	Driver: Oracle JDBC driver  Version: 11.2.0.4.0
[EL Config]: connection: 2016-05-17 08:43:21.339--ServerSession(540957617)--Connection(714962021)--Thread(Thread[Test worker,5,main])--connecting(DatabaseLogin(
	platform=>Oracle11Platform
	user name=> "project1"
	datasource URL=> "jdbc:oracle:thin:@localhost-ORACLE:1521:xe"
))
[EL Config]: connection: 2016-05-17 08:43:21.356--ServerSession(540957617)--Connection(1195681982)--Thread(Thread[Test worker,5,main])--Connected: jdbc:oracle:thin:@localhost-ORACLE:1521:xe
	User: PROJECT1
	Database: Oracle  Version: Oracle Database 11g Express Edition Release 11.2.0.2.0 - 64bit Production
	Driver: Oracle JDBC driver  Version: 11.2.0.4.0
[EL Config]: connection: 2016-05-17 08:43:21.356--ServerSession(540957617)--Connection(1195681982)--Thread(Thread[Test worker,5,main])--disconnect
[EL Warning]: metadata: 2016-05-17 08:43:21.361--ServerSession(540957617)--Thread(Thread[Test worker,5,main])--Reverting the lazy setting on the OneToOne or ManyToOne attribute [userData] for the entity class [class com.app.shared.appbasicsetup.usermanagement.User] since weaving was not enabled or did not occur.
[EL Warning]: metadata: 2016-05-17 08:43:21.363--ServerSession(540957617)--Thread(Thread[Test worker,5,main])--Reverting the lazy setting on the OneToOne or ManyToOne attribute [timezone] for the entity class [class com.app.shared.organization.contactmanagement.CoreContacts] since weaving was not enabled or did not occur.
[EL Warning]: metadata: 2016-05-17 08:43:21.364--ServerSession(540957617)--Thread(Thread[Test worker,5,main])--Reverting the lazy setting on the OneToOne or ManyToOne attribute [user] for the entity class [class com.app.shared.appbasicsetup.usermanagement.PassRecovery] since weaving was not enabled or did not occur.
[EL Warning]: metadata: 2016-05-17 08:43:21.365--ServerSession(540957617)--Thread(Thread[Test worker,5,main])--Reverting the lazy setting on the OneToOne or ManyToOne attribute [coreContacts] for the entity class [class com.app.shared.appbasicsetup.usermanagement.Login] since weaving was not enabled or did not occur.
[EL Warning]: metadata: 2016-05-17 08:43:21.365--ServerSession(540957617)--Thread(Thread[Test worker,5,main])--Reverting the lazy setting on the OneToOne or ManyToOne attribute [user] for the entity class [class com.app.shared.appbasicsetup.usermanagement.Login] since weaving was not enabled or did not occur.
[EL Warning]: metadata: 2016-05-17 08:43:21.367--ServerSession(540957617)--Thread(Thread[Test worker,5,main])--Reverting the lazy setting on the OneToOne or ManyToOne attribute [user] for the entity class [class com.app.shared.appbasicsetup.usermanagement.UserData] since weaving was not enabled or did not occur.
[EL Info]: connection: 2016-05-17 08:43:21.524--ServerSession(540957617)--Thread(Thread[Test worker,5,main])--file:/home/applifire/workspace/project1/build/resources/main_project1 login successful
[EL Fine]: sql: 2016-05-17 08:43:27.495--ClientSession(705621109)--Connection(2083511829)--Thread(Thread[Test worker,5,main])--SELECT query_id, active_status, app_creator_id, created_by, created_date, hidden_name, jpql_query, name, project_id, project_version_id, query_json, query_type, sql_query, updated_by, updated_date, user_access, version_id FROM art_query WHERE ((active_status = ?) AND (sql_query IS NULL))
	bind => [true]
Repository handle
[EL Config]: connection: 2016-05-17 08:43:27.51--ServerSession(540957617)--Connection(2083511829)--Thread(Thread[Test worker,5,main])--disconnect
Setting logged in user info for ADD
[EL Fine]: sql: 2016-05-17 08:43:34.472--ClientSession(609407539)--Connection(831529280)--Thread(Thread[Test worker,5,main])--INSERT INTO ast_Gender_M (genderId, gender, versionId, createdBy, createdDate, updatedBy, updatedDate, activeStatus, txnAccessCode) VALUES (?, ?, ?, ?, ?, ?, ?, ?, ?)
	bind => [9CD8D913-6621-41E6-8110-C1EF67918701, HiQFmmQTSjugV5thq0h3IwyBu39LkXWZTUpEA0f7PosgrA9OPy, 1, AAAAA, 2016-05-17 08:43:34.434, AAAAA, 2016-05-17 08:43:34.434, 1, 51000]
[EL Config]: connection: 2016-05-17 08:43:34.505--ServerSession(540957617)--Connection(831529280)--Thread(Thread[Test worker,5,main])--disconnect
[EL Fine]: sql: 2016-05-17 08:43:34.516--ClientSession(835030029)--Connection(808165873)--Thread(Thread[Test worker,5,main])--SELECT genderId, gender, versionId, createdBy, createdDate, updatedBy, updatedDate, activeStatus, txnAccessCode FROM ast_Gender_M WHERE ((activeStatus = ?) AND (genderId = ?))
	bind => [1, 9CD8D913-6621-41E6-8110-C1EF67918701]
[EL Config]: connection: 2016-05-17 08:43:34.52--ServerSession(540957617)--Connection(808165873)--Thread(Thread[Test worker,5,main])--disconnect
Setting logged in user info for UPDATE
[EL Fine]: sql: 2016-05-17 08:43:34.526--ClientSession(216767730)--Connection(1948250765)--Thread(Thread[Test worker,5,main])--SELECT genderId, gender, versionId, createdBy, createdDate, updatedBy, updatedDate, activeStatus, txnAccessCode FROM ast_Gender_M WHERE (genderId = ?)
	bind => [9CD8D913-6621-41E6-8110-C1EF67918701]
[EL Fine]: sql: 2016-05-17 08:43:34.53--ClientSession(216767730)--Connection(1948250765)--Thread(Thread[Test worker,5,main])--UPDATE ast_Gender_M SET gender = ?, versionId = ? WHERE ((genderId = ?) AND (versionId = ?))
	bind => [RLoHrqMHte7qxhNrBuczh9nUnc3QbiGf1yURjbEGVrmifmJ1MN, 2, 9CD8D913-6621-41E6-8110-C1EF67918701, 1]
[EL Config]: connection: 2016-05-17 08:43:34.597--ServerSession(540957617)--Connection(1948250765)--Thread(Thread[Test worker,5,main])--disconnect
[EL Fine]: sql: 2016-05-17 08:43:34.604--ClientSession(581302731)--Connection(1472014131)--Thread(Thread[Test worker,5,main])--SELECT genderId, gender, versionId, createdBy, createdDate, updatedBy, updatedDate, activeStatus, txnAccessCode FROM ast_Gender_M WHERE ((activeStatus = ?) AND (genderId = ?))
	bind => [1, 9CD8D913-6621-41E6-8110-C1EF67918701]
[EL Config]: connection: 2016-05-17 08:43:34.606--ServerSession(540957617)--Connection(1472014131)--Thread(Thread[Test worker,5,main])--disconnect
[EL Fine]: sql: 2016-05-17 08:43:34.629--ClientSession(1416582125)--Connection(333498140)--Thread(Thread[Test worker,5,main])--SELECT genderId, gender, versionId, createdBy, createdDate, updatedBy, updatedDate, activeStatus, txnAccessCode FROM ast_Gender_M WHERE (genderId = ?)
	bind => [9CD8D913-6621-41E6-8110-C1EF67918701]
[EL Fine]: sql: 2016-05-17 08:43:34.631--ClientSession(1416582125)--Connection(333498140)--Thread(Thread[Test worker,5,main])--DELETE FROM ast_Gender_M WHERE ((genderId = ?) AND (versionId = ?))
	bind => [9CD8D913-6621-41E6-8110-C1EF67918701, 2]
[EL Config]: connection: 2016-05-17 08:43:34.664--ServerSession(540957617)--Connection(333498140)--Thread(Thread[Test worker,5,main])--disconnect
]]></system-out>
  <system-err><![CDATA[log4j:WARN No appenders could be found for logger (org.springframework.test.context.junit4.SpringJUnit4ClassRunner).
log4j:WARN Please initialize the log4j system properly.
log4j:WARN See http://logging.apache.org/log4j/1.2/faq.html#noconfig for more info.
Gender.gender may not be null
java.lang.SecurityException: Gender.gender may not be null
	at com.athena.server.pluggable.utils.helper.EntityValidatorHelper.validateEntity(EntityValidatorHelper.java:37)
	at com.app.shared.organization.contactmanagement.Gender.isValid(Gender.java:137)
	at com.app.server.service.organization.contactmanagement.GenderTestCase.validateGender(GenderTestCase.java:178)
	at com.app.server.service.organization.contactmanagement.GenderTestCase.test5NegativeTesting(GenderTestCase.java:209)
	at sun.reflect.NativeMethodAccessorImpl.invoke0(Native Method)
	at sun.reflect.NativeMethodAccessorImpl.invoke(NativeMethodAccessorImpl.java:57)
	at sun.reflect.DelegatingMethodAccessorImpl.invoke(DelegatingMethodAccessorImpl.java:43)
	at java.lang.reflect.Method.invoke(Method.java:606)
	at org.junit.runners.model.FrameworkMethod$1.runReflectiveCall(FrameworkMethod.java:47)
	at org.junit.internal.runners.model.ReflectiveCallable.run(ReflectiveCallable.java:12)
	at org.junit.runners.model.FrameworkMethod.invokeExplosively(FrameworkMethod.java:44)
	at org.junit.internal.runners.statements.InvokeMethod.evaluate(InvokeMethod.java:17)
	at org.junit.internal.runners.statements.RunBefores.evaluate(RunBefores.java:26)
	at org.springframework.test.context.junit4.statements.RunBeforeTestMethodCallbacks.evaluate(RunBeforeTestMethodCallbacks.java:74)
	at org.junit.internal.runners.statements.RunAfters.evaluate(RunAfters.java:27)
	at org.springframework.test.context.junit4.statements.RunAfterTestMethodCallbacks.evaluate(RunAfterTestMethodCallbacks.java:83)
	at org.springframework.test.context.junit4.statements.SpringRepeat.evaluate(SpringRepeat.java:72)
	at org.springframework.test.context.junit4.SpringJUnit4ClassRunner.runChild(SpringJUnit4ClassRunner.java:233)
	at org.springframework.test.context.junit4.SpringJUnit4ClassRunner.runChild(SpringJUnit4ClassRunner.java:87)
	at org.junit.runners.ParentRunner$3.run(ParentRunner.java:238)
	at org.junit.runners.ParentRunner$1.schedule(ParentRunner.java:63)
	at org.junit.runners.ParentRunner.runChildren(ParentRunner.java:236)
	at org.junit.runners.ParentRunner.access$000(ParentRunner.java:53)
	at org.junit.runners.ParentRunner$2.evaluate(ParentRunner.java:229)
	at org.junit.internal.runners.statements.RunBefores.evaluate(RunBefores.java:26)
	at org.springframework.test.context.junit4.statements.RunBeforeTestClassCallbacks.evaluate(RunBeforeTestClassCallbacks.java:61)
	at org.springframework.test.context.junit4.statements.RunAfterTestClassCallbacks.evaluate(RunAfterTestClassCallbacks.java:71)
	at org.junit.runners.ParentRunner.run(ParentRunner.java:309)
	at org.springframework.test.context.junit4.SpringJUnit4ClassRunner.run(SpringJUnit4ClassRunner.java:176)
	at org.gradle.api.internal.tasks.testing.junit.JUnitTestClassExecuter.runTestClass(JUnitTestClassExecuter.java:86)
	at org.gradle.api.internal.tasks.testing.junit.JUnitTestClassExecuter.execute(JUnitTestClassExecuter.java:49)
	at org.gradle.api.internal.tasks.testing.junit.JUnitTestClassProcessor.processTestClass(JUnitTestClassProcessor.java:64)
	at org.gradle.api.internal.tasks.testing.SuiteTestClassProcessor.processTestClass(SuiteTestClassProcessor.java:50)
	at sun.reflect.NativeMethodAccessorImpl.invoke0(Native Method)
	at sun.reflect.NativeMethodAccessorImpl.invoke(NativeMethodAccessorImpl.java:57)
	at sun.reflect.DelegatingMethodAccessorImpl.invoke(DelegatingMethodAccessorImpl.java:43)
	at java.lang.reflect.Method.invoke(Method.java:606)
	at org.gradle.messaging.dispatch.ReflectionDispatch.dispatch(ReflectionDispatch.java:35)
	at org.gradle.messaging.dispatch.ReflectionDispatch.dispatch(ReflectionDispatch.java:24)
	at org.gradle.messaging.dispatch.ContextClassLoaderDispatch.dispatch(ContextClassLoaderDispatch.java:32)
	at org.gradle.messaging.dispatch.ProxyDispatchAdapter$DispatchingInvocationHandler.invoke(ProxyDispatchAdapter.java:93)
	at com.sun.proxy.$Proxy2.processTestClass(Unknown Source)
	at org.gradle.api.internal.tasks.testing.worker.TestWorker.processTestClass(TestWorker.java:106)
	at sun.reflect.NativeMethodAccessorImpl.invoke0(Native Method)
	at sun.reflect.NativeMethodAccessorImpl.invoke(NativeMethodAccessorImpl.java:57)
	at sun.reflect.DelegatingMethodAccessorImpl.invoke(DelegatingMethodAccessorImpl.java:43)
	at java.lang.reflect.Method.invoke(Method.java:606)
	at org.gradle.messaging.dispatch.ReflectionDispatch.dispatch(ReflectionDispatch.java:35)
	at org.gradle.messaging.dispatch.ReflectionDispatch.dispatch(ReflectionDispatch.java:24)
	at org.gradle.messaging.remote.internal.hub.MessageHub$Handler.run(MessageHub.java:360)
	at org.gradle.internal.concurrent.DefaultExecutorFactory$StoppableExecutorImpl$1.run(DefaultExecutorFactory.java:64)
	at java.util.concurrent.ThreadPoolExecutor.runWorker(ThreadPoolExecutor.java:1145)
	at java.util.concurrent.ThreadPoolExecutor$Worker.run(ThreadPoolExecutor.java:615)
	at java.lang.Thread.run(Thread.java:745)
Gender.gender size must be between 0 and 256
java.lang.SecurityException: Gender.gender size must be between 0 and 256
	at com.athena.server.pluggable.utils.helper.EntityValidatorHelper.validateEntity(EntityValidatorHelper.java:37)
	at com.app.shared.organization.contactmanagement.Gender.isValid(Gender.java:137)
	at com.app.server.service.organization.contactmanagement.GenderTestCase.validateGender(GenderTestCase.java:176)
	at com.app.server.service.organization.contactmanagement.GenderTestCase.test5NegativeTesting(GenderTestCase.java:214)
	at sun.reflect.NativeMethodAccessorImpl.invoke0(Native Method)
	at sun.reflect.NativeMethodAccessorImpl.invoke(NativeMethodAccessorImpl.java:57)
	at sun.reflect.DelegatingMethodAccessorImpl.invoke(DelegatingMethodAccessorImpl.java:43)
	at java.lang.reflect.Method.invoke(Method.java:606)
	at org.junit.runners.model.FrameworkMethod$1.runReflectiveCall(FrameworkMethod.java:47)
	at org.junit.internal.runners.model.ReflectiveCallable.run(ReflectiveCallable.java:12)
	at org.junit.runners.model.FrameworkMethod.invokeExplosively(FrameworkMethod.java:44)
	at org.junit.internal.runners.statements.InvokeMethod.evaluate(InvokeMethod.java:17)
	at org.junit.internal.runners.statements.RunBefores.evaluate(RunBefores.java:26)
	at org.springframework.test.context.junit4.statements.RunBeforeTestMethodCallbacks.evaluate(RunBeforeTestMethodCallbacks.java:74)
	at org.junit.internal.runners.statements.RunAfters.evaluate(RunAfters.java:27)
	at org.springframework.test.context.junit4.statements.RunAfterTestMethodCallbacks.evaluate(RunAfterTestMethodCallbacks.java:83)
	at org.springframework.test.context.junit4.statements.SpringRepeat.evaluate(SpringRepeat.java:72)
	at org.springframework.test.context.junit4.SpringJUnit4ClassRunner.runChild(SpringJUnit4ClassRunner.java:233)
	at org.springframework.test.context.junit4.SpringJUnit4ClassRunner.runChild(SpringJUnit4ClassRunner.java:87)
	at org.junit.runners.ParentRunner$3.run(ParentRunner.java:238)
	at org.junit.runners.ParentRunner$1.schedule(ParentRunner.java:63)
	at org.junit.runners.ParentRunner.runChildren(ParentRunner.java:236)
	at org.junit.runners.ParentRunner.access$000(ParentRunner.java:53)
	at org.junit.runners.ParentRunner$2.evaluate(ParentRunner.java:229)
	at org.junit.internal.runners.statements.RunBefores.evaluate(RunBefores.java:26)
	at org.springframework.test.context.junit4.statements.RunBeforeTestClassCallbacks.evaluate(RunBeforeTestClassCallbacks.java:61)
	at org.springframework.test.context.junit4.statements.RunAfterTestClassCallbacks.evaluate(RunAfterTestClassCallbacks.java:71)
	at org.junit.runners.ParentRunner.run(ParentRunner.java:309)
	at org.springframework.test.context.junit4.SpringJUnit4ClassRunner.run(SpringJUnit4ClassRunner.java:176)
	at org.gradle.api.internal.tasks.testing.junit.JUnitTestClassExecuter.runTestClass(JUnitTestClassExecuter.java:86)
	at org.gradle.api.internal.tasks.testing.junit.JUnitTestClassExecuter.execute(JUnitTestClassExecuter.java:49)
	at org.gradle.api.internal.tasks.testing.junit.JUnitTestClassProcessor.processTestClass(JUnitTestClassProcessor.java:64)
	at org.gradle.api.internal.tasks.testing.SuiteTestClassProcessor.processTestClass(SuiteTestClassProcessor.java:50)
	at sun.reflect.NativeMethodAccessorImpl.invoke0(Native Method)
	at sun.reflect.NativeMethodAccessorImpl.invoke(NativeMethodAccessorImpl.java:57)
	at sun.reflect.DelegatingMethodAccessorImpl.invoke(DelegatingMethodAccessorImpl.java:43)
	at java.lang.reflect.Method.invoke(Method.java:606)
	at org.gradle.messaging.dispatch.ReflectionDispatch.dispatch(ReflectionDispatch.java:35)
	at org.gradle.messaging.dispatch.ReflectionDispatch.dispatch(ReflectionDispatch.java:24)
	at org.gradle.messaging.dispatch.ContextClassLoaderDispatch.dispatch(ContextClassLoaderDispatch.java:32)
	at org.gradle.messaging.dispatch.ProxyDispatchAdapter$DispatchingInvocationHandler.invoke(ProxyDispatchAdapter.java:93)
	at com.sun.proxy.$Proxy2.processTestClass(Unknown Source)
	at org.gradle.api.internal.tasks.testing.worker.TestWorker.processTestClass(TestWorker.java:106)
	at sun.reflect.NativeMethodAccessorImpl.invoke0(Native Method)
	at sun.reflect.NativeMethodAccessorImpl.invoke(NativeMethodAccessorImpl.java:57)
	at sun.reflect.DelegatingMethodAccessorImpl.invoke(DelegatingMethodAccessorImpl.java:43)
	at java.lang.reflect.Method.invoke(Method.java:606)
	at org.gradle.messaging.dispatch.ReflectionDispatch.dispatch(ReflectionDispatch.java:35)
	at org.gradle.messaging.dispatch.ReflectionDispatch.dispatch(ReflectionDispatch.java:24)
	at org.gradle.messaging.remote.internal.hub.MessageHub$Handler.run(MessageHub.java:360)
	at org.gradle.internal.concurrent.DefaultExecutorFactory$StoppableExecutorImpl$1.run(DefaultExecutorFactory.java:64)
	at java.util.concurrent.ThreadPoolExecutor.runWorker(ThreadPoolExecutor.java:1145)
	at java.util.concurrent.ThreadPoolExecutor$Worker.run(ThreadPoolExecutor.java:615)
	at java.lang.Thread.run(Thread.java:745)
]]></system-err>
</testsuite>
