<?xml version="1.0" encoding="UTF-8"?>
<testsuite name="com.app.server.service.salesboundedcontext.sales.BrandTestCase" tests="6" skipped="0" failures="0" errors="0" timestamp="2016-03-31T10:28:11" hostname="82ef247cfef6" time="16.1">
  <properties/>
  <testcase name="test1Save" classname="com.app.server.service.salesboundedcontext.sales.BrandTestCase" time="15.925"/>
  <testcase name="test2Update" classname="com.app.server.service.salesboundedcontext.sales.BrandTestCase" time="0.057"/>
  <testcase name="test3FindById" classname="com.app.server.service.salesboundedcontext.sales.BrandTestCase" time="0.005"/>
  <testcase name="test3findBycategoryId" classname="com.app.server.service.salesboundedcontext.sales.BrandTestCase" time="0.006"/>
  <testcase name="test5NegativeTesting" classname="com.app.server.service.salesboundedcontext.sales.BrandTestCase" time="0.013"/>
  <testcase name="test6Delete" classname="com.app.server.service.salesboundedcontext.sales.BrandTestCase" time="0.092"/>
  <system-out><![CDATA[[EL Config]: metadata: 2016-03-31 10:28:14.991--ServerSession(1444700183)--Thread(Thread[Test worker,5,main])--The access type for the persistent class [class com.athena.shared.entity.ArtEntity] is set to [FIELD].
[EL Config]: metadata: 2016-03-31 10:28:15.008--ServerSession(1444700183)--Thread(Thread[Test worker,5,main])--The access type for the persistent class [class com.athena.shared.entity.AuditPropertiesEntity] is set to [FIELD].
[EL Config]: metadata: 2016-03-31 10:28:15.009--ServerSession(1444700183)--Thread(Thread[Test worker,5,main])--The access type for the persistent class [class com.athena.shared.entity.query.ArtQuery] is set to [FIELD].
[EL Config]: metadata: 2016-03-31 10:28:15.01--ServerSession(1444700183)--Thread(Thread[Test worker,5,main])--The access type for the persistent class [class com.app.shared.salesboundedcontext.sales.Material] is set to [FIELD].
[EL Config]: metadata: 2016-03-31 10:28:15.012--ServerSession(1444700183)--Thread(Thread[Test worker,5,main])--The access type for the persistent class [class com.app.shared.aaaboundedcontext.authentication.PasswordPolicy] is set to [FIELD].
[EL Config]: metadata: 2016-03-31 10:28:15.013--ServerSession(1444700183)--Thread(Thread[Test worker,5,main])--The access type for the persistent class [class com.app.shared.organizationboundedcontext.location.Language] is set to [FIELD].
[EL Config]: metadata: 2016-03-31 10:28:15.014--ServerSession(1444700183)--Thread(Thread[Test worker,5,main])--The access type for the persistent class [class com.app.shared.organizationboundedcontext.contacts.CommunicationData] is set to [FIELD].
[EL Config]: metadata: 2016-03-31 10:28:15.014--ServerSession(1444700183)--Thread(Thread[Test worker,5,main])--The access type for the persistent class [class com.app.shared.aaaboundedcontext.authorization.Roles] is set to [FIELD].
[EL Config]: metadata: 2016-03-31 10:28:15.02--ServerSession(1444700183)--Thread(Thread[Test worker,5,main])--The target entity (reference) class for the one to many mapping element [field roleMenuBridge] is being defaulted to: class com.app.shared.aaaboundedcontext.authorization.RoleMenuBridge.
[EL Config]: metadata: 2016-03-31 10:28:15.02--ServerSession(1444700183)--Thread(Thread[Test worker,5,main])--The access type for the persistent class [class com.app.shared.aaaboundedcontext.authentication.LoginSession] is set to [FIELD].
[EL Config]: metadata: 2016-03-31 10:28:15.021--ServerSession(1444700183)--Thread(Thread[Test worker,5,main])--The access type for the persistent class [class com.athena.shared.entity.report.ArtChartTemplate] is set to [FIELD].
[EL Config]: metadata: 2016-03-31 10:28:15.022--ServerSession(1444700183)--Thread(Thread[Test worker,5,main])--The access type for the persistent class [class com.app.shared.organizationboundedcontext.location.Country] is set to [FIELD].
[EL Config]: metadata: 2016-03-31 10:28:15.023--ServerSession(1444700183)--Thread(Thread[Test worker,5,main])--The access type for the persistent class [class com.spartan.sprinkler.entity.AuditPropertiesEntity] is set to [FIELD].
[EL Config]: metadata: 2016-03-31 10:28:15.023--ServerSession(1444700183)--Thread(Thread[Test worker,5,main])--The access type for the persistent class [class com.spartan.sprinkler.entity.ArtLogConfig] is set to [FIELD].
[EL Config]: metadata: 2016-03-31 10:28:15.023--ServerSession(1444700183)--Thread(Thread[Test worker,5,main])--The target entity (reference) class for the one to many mapping element [field logConnectors] is being defaulted to: class com.spartan.sprinkler.entity.ArtLogConnector.
[EL Config]: metadata: 2016-03-31 10:28:15.024--ServerSession(1444700183)--Thread(Thread[Test worker,5,main])--The target entity (reference) class for the one to many mapping element [field loggingProperties] is being defaulted to: class com.spartan.sprinkler.entity.ArtLoggingProperties.
[EL Config]: metadata: 2016-03-31 10:28:15.024--ServerSession(1444700183)--Thread(Thread[Test worker,5,main])--The target entity (reference) class for the one to many mapping element [field logSeverity] is being defaulted to: class com.spartan.sprinkler.entity.ArtLogSeverity.
[EL Config]: metadata: 2016-03-31 10:28:15.024--ServerSession(1444700183)--Thread(Thread[Test worker,5,main])--The access type for the persistent class [class com.spartan.healthmeter.entity.ArtHealthStatusConfiguration] is set to [FIELD].
[EL Config]: metadata: 2016-03-31 10:28:15.025--ServerSession(1444700183)--Thread(Thread[Test worker,5,main])--The access type for the persistent class [class com.spartan.sprinkler.entity.ArtLogModule] is set to [FIELD].
[EL Config]: metadata: 2016-03-31 10:28:15.025--ServerSession(1444700183)--Thread(Thread[Test worker,5,main])--The target entity (reference) class for the one to many mapping element [field appAlarm] is being defaulted to: class com.spartan.sprinkler.entity.ArtAppAlarm.
[EL Config]: metadata: 2016-03-31 10:28:15.026--ServerSession(1444700183)--Thread(Thread[Test worker,5,main])--The access type for the persistent class [class com.app.shared.salesboundedcontext.sales.Brand] is set to [FIELD].
[EL Config]: metadata: 2016-03-31 10:28:15.026--ServerSession(1444700183)--Thread(Thread[Test worker,5,main])--The access type for the persistent class [class com.spartan.sprinkler.entity.ArtAppAlarm] is set to [FIELD].
[EL Config]: metadata: 2016-03-31 10:28:15.028--ServerSession(1444700183)--Thread(Thread[Test worker,5,main])--The target entity (reference) class for the many to one mapping element [field logmodule] is being defaulted to: class com.spartan.sprinkler.entity.ArtLogModule.
[EL Config]: metadata: 2016-03-31 10:28:15.029--ServerSession(1444700183)--Thread(Thread[Test worker,5,main])--The access type for the persistent class [class com.app.shared.aaaboundedcontext.authentication.SessionData] is set to [FIELD].
[EL Config]: metadata: 2016-03-31 10:28:15.03--ServerSession(1444700183)--Thread(Thread[Test worker,5,main])--The access type for the persistent class [class com.app.shared.salesboundedcontext.sales.Category] is set to [FIELD].
[EL Config]: metadata: 2016-03-31 10:28:15.03--ServerSession(1444700183)--Thread(Thread[Test worker,5,main])--The access type for the persistent class [class com.app.shared.organizationboundedcontext.location.Timezone] is set to [FIELD].
[EL Config]: metadata: 2016-03-31 10:28:15.031--ServerSession(1444700183)--Thread(Thread[Test worker,5,main])--The access type for the persistent class [class com.athena.shared.entity.report.ArtChartCategory] is set to [FIELD].
[EL Config]: metadata: 2016-03-31 10:28:15.031--ServerSession(1444700183)--Thread(Thread[Test worker,5,main])--The target entity (reference) class for the one to one mapping element [field chart_json_id] is being defaulted to: class com.athena.shared.entity.report.ArtChartJson.
[EL Config]: metadata: 2016-03-31 10:28:15.032--ServerSession(1444700183)--Thread(Thread[Test worker,5,main])--The access type for the persistent class [class com.app.shared.salesboundedcontext.sales.CurrentMonth] is set to [FIELD].
[EL Config]: metadata: 2016-03-31 10:28:15.032--ServerSession(1444700183)--Thread(Thread[Test worker,5,main])--The access type for the persistent class [class com.athena.shared.entity.report.ArtChartJson] is set to [FIELD].
[EL Config]: metadata: 2016-03-31 10:28:15.033--ServerSession(1444700183)--Thread(Thread[Test worker,5,main])--The target entity (reference) class for the one to one mapping element [field data_field_id] is being defaulted to: class com.athena.shared.entity.report.ArtChartDataFieldJson.
[EL Config]: metadata: 2016-03-31 10:28:15.033--ServerSession(1444700183)--Thread(Thread[Test worker,5,main])--The access type for the persistent class [class com.app.shared.organizationboundedcontext.contacts.ContactType] is set to [FIELD].
[EL Config]: metadata: 2016-03-31 10:28:15.034--ServerSession(1444700183)--Thread(Thread[Test worker,5,main])--The access type for the persistent class [class com.spartan.sprinkler.entity.ArtLoggingProperties] is set to [FIELD].
[EL Config]: metadata: 2016-03-31 10:28:15.034--ServerSession(1444700183)--Thread(Thread[Test worker,5,main])--The target entity (reference) class for the many to one mapping element [field logConfig] is being defaulted to: class com.spartan.sprinkler.entity.ArtLogConfig.
[EL Config]: metadata: 2016-03-31 10:28:15.034--ServerSession(1444700183)--Thread(Thread[Test worker,5,main])--The access type for the persistent class [class com.app.shared.salesboundedcontext.sales.Distributor] is set to [FIELD].
[EL Config]: metadata: 2016-03-31 10:28:15.035--ServerSession(1444700183)--Thread(Thread[Test worker,5,main])--The access type for the persistent class [class com.spartan.healthmeter.entity.ZenHealthGauge] is set to [FIELD].
[EL Config]: metadata: 2016-03-31 10:28:15.036--ServerSession(1444700183)--Thread(Thread[Test worker,5,main])--The access type for the persistent class [class com.athena.shared.entity.report.ArtChartProperties] is set to [FIELD].
[EL Config]: metadata: 2016-03-31 10:28:15.036--ServerSession(1444700183)--Thread(Thread[Test worker,5,main])--The access type for the persistent class [class com.athena.shared.entity.query.ArtUserLastStatus] is set to [FIELD].
[EL Config]: metadata: 2016-03-31 10:28:15.037--ServerSession(1444700183)--Thread(Thread[Test worker,5,main])--The access type for the persistent class [class com.app.shared.organizationboundedcontext.location.Address] is set to [FIELD].
[EL Config]: metadata: 2016-03-31 10:28:15.038--ServerSession(1444700183)--Thread(Thread[Test worker,5,main])--The access type for the persistent class [class com.app.shared.salesboundedcontext.sales.SalesData] is set to [FIELD].
[EL Config]: metadata: 2016-03-31 10:28:15.039--ServerSession(1444700183)--Thread(Thread[Test worker,5,main])--The access type for the persistent class [class com.app.shared.aaaboundedcontext.authentication.Login] is set to [FIELD].
[EL Config]: metadata: 2016-03-31 10:28:15.039--ServerSession(1444700183)--Thread(Thread[Test worker,5,main])--The target entity (reference) class for the one to one mapping element [field coreContacts] is being defaulted to: class com.app.shared.organizationboundedcontext.contacts.CoreContacts.
[EL Config]: metadata: 2016-03-31 10:28:15.039--ServerSession(1444700183)--Thread(Thread[Test worker,5,main])--The target entity (reference) class for the one to one mapping element [field user] is being defaulted to: class com.app.shared.aaaboundedcontext.authentication.User.
[EL Config]: metadata: 2016-03-31 10:28:15.04--ServerSession(1444700183)--Thread(Thread[Test worker,5,main])--The access type for the persistent class [class com.app.shared.organizationboundedcontext.location.State] is set to [FIELD].
[EL Config]: metadata: 2016-03-31 10:28:15.04--ServerSession(1444700183)--Thread(Thread[Test worker,5,main])--The access type for the persistent class [class com.spartan.healthmeter.entity.HealthSchedulerConfiguration] is set to [FIELD].
[EL Config]: metadata: 2016-03-31 10:28:15.041--ServerSession(1444700183)--Thread(Thread[Test worker,5,main])--The access type for the persistent class [class com.spartan.healthmeter.entity.ZenSchedulerHealth] is set to [FIELD].
[EL Config]: metadata: 2016-03-31 10:28:15.042--ServerSession(1444700183)--Thread(Thread[Test worker,5,main])--The access type for the persistent class [class com.app.shared.salesboundedcontext.sales.Retailer] is set to [FIELD].
[EL Config]: metadata: 2016-03-31 10:28:15.043--ServerSession(1444700183)--Thread(Thread[Test worker,5,main])--The access type for the persistent class [class com.athena.shared.entity.report.ArtChartType] is set to [FIELD].
[EL Config]: metadata: 2016-03-31 10:28:15.043--ServerSession(1444700183)--Thread(Thread[Test worker,5,main])--The target entity (reference) class for the one to one mapping element [field chart_id] is being defaulted to: class com.athena.shared.entity.report.ArtChartCategory.
[EL Config]: metadata: 2016-03-31 10:28:15.044--ServerSession(1444700183)--Thread(Thread[Test worker,5,main])--The access type for the persistent class [class com.app.shared.organizationboundedcontext.location.City] is set to [FIELD].
[EL Config]: metadata: 2016-03-31 10:28:15.044--ServerSession(1444700183)--Thread(Thread[Test worker,5,main])--The access type for the persistent class [class com.app.shared.salesboundedcontext.sales.SalesRegion] is set to [FIELD].
[EL Config]: metadata: 2016-03-31 10:28:15.045--ServerSession(1444700183)--Thread(Thread[Test worker,5,main])--The access type for the persistent class [class com.app.shared.aaaboundedcontext.authentication.UserAccessLevel] is set to [FIELD].
[EL Config]: metadata: 2016-03-31 10:28:15.045--ServerSession(1444700183)--Thread(Thread[Test worker,5,main])--The access type for the persistent class [class com.spartan.shield.server.entity.AppSessionConfig] is set to [FIELD].
[EL Config]: metadata: 2016-03-31 10:28:15.046--ServerSession(1444700183)--Thread(Thread[Test worker,5,main])--The access type for the persistent class [class com.athena.shared.entity.report.ArtChartPropLanguage] is set to [FIELD].
[EL Config]: metadata: 2016-03-31 10:28:15.046--ServerSession(1444700183)--Thread(Thread[Test worker,5,main])--The target entity (reference) class for the one to one mapping element [field property_id] is being defaulted to: class com.athena.shared.entity.report.ArtChartProperties.
[EL Config]: metadata: 2016-03-31 10:28:15.046--ServerSession(1444700183)--Thread(Thread[Test worker,5,main])--The target entity (reference) class for the one to one mapping element [field lang_id] is being defaulted to: class com.athena.shared.entity.report.ArtLangMaster.
[EL Config]: metadata: 2016-03-31 10:28:15.046--ServerSession(1444700183)--Thread(Thread[Test worker,5,main])--The access type for the persistent class [class com.app.shared.salesboundedcontext.sales.UserAccess] is set to [FIELD].
[EL Config]: metadata: 2016-03-31 10:28:15.047--ServerSession(1444700183)--Thread(Thread[Test worker,5,main])--The access type for the persistent class [class com.athena.shared.entity.report.ArtLangMaster] is set to [FIELD].
[EL Config]: metadata: 2016-03-31 10:28:15.047--ServerSession(1444700183)--Thread(Thread[Test worker,5,main])--The access type for the persistent class [class com.app.shared.aaaboundedcontext.authentication.UserData] is set to [FIELD].
[EL Config]: metadata: 2016-03-31 10:28:15.048--ServerSession(1444700183)--Thread(Thread[Test worker,5,main])--The target entity (reference) class for the one to one mapping element [field user] is being defaulted to: class com.app.shared.aaaboundedcontext.authentication.User.
[EL Config]: metadata: 2016-03-31 10:28:15.048--ServerSession(1444700183)--Thread(Thread[Test worker,5,main])--The access type for the persistent class [class com.app.shared.aaaboundedcontext.authentication.PassRecovery] is set to [FIELD].
[EL Config]: metadata: 2016-03-31 10:28:15.048--ServerSession(1444700183)--Thread(Thread[Test worker,5,main])--The target entity (reference) class for the one to one mapping element [field user] is being defaulted to: class com.app.shared.aaaboundedcontext.authentication.User.
[EL Config]: metadata: 2016-03-31 10:28:15.048--ServerSession(1444700183)--Thread(Thread[Test worker,5,main])--The access type for the persistent class [class com.spartan.sprinkler.entity.ArtLogConnector] is set to [FIELD].
[EL Config]: metadata: 2016-03-31 10:28:15.049--ServerSession(1444700183)--Thread(Thread[Test worker,5,main])--The target entity (reference) class for the one to many mapping element [field logConnectorAttributes] is being defaulted to: class com.spartan.sprinkler.entity.ArtLogConnectorAttributes.
[EL Config]: metadata: 2016-03-31 10:28:15.049--ServerSession(1444700183)--Thread(Thread[Test worker,5,main])--The target entity (reference) class for the many to one mapping element [field logConfig] is being defaulted to: class com.spartan.sprinkler.entity.ArtLogConfig.
[EL Config]: metadata: 2016-03-31 10:28:15.049--ServerSession(1444700183)--Thread(Thread[Test worker,5,main])--The access type for the persistent class [class com.app.shared.organizationboundedcontext.contacts.CommunicationType] is set to [FIELD].
[EL Config]: metadata: 2016-03-31 10:28:15.05--ServerSession(1444700183)--Thread(Thread[Test worker,5,main])--The access type for the persistent class [class com.app.shared.aaaboundedcontext.authentication.PasswordAlgo] is set to [FIELD].
[EL Config]: metadata: 2016-03-31 10:28:15.05--ServerSession(1444700183)--Thread(Thread[Test worker,5,main])--The access type for the persistent class [class com.app.shared.organizationboundedcontext.contacts.Title] is set to [FIELD].
[EL Config]: metadata: 2016-03-31 10:28:15.051--ServerSession(1444700183)--Thread(Thread[Test worker,5,main])--The access type for the persistent class [class com.app.shared.salesboundedcontext.sales.Channel] is set to [FIELD].
[EL Config]: metadata: 2016-03-31 10:28:15.051--ServerSession(1444700183)--Thread(Thread[Test worker,5,main])--The access type for the persistent class [class com.app.shared.aaaboundedcontext.authentication.Question] is set to [FIELD].
[EL Config]: metadata: 2016-03-31 10:28:15.051--ServerSession(1444700183)--Thread(Thread[Test worker,5,main])--The access type for the persistent class [class com.app.shared.aaaboundedcontext.authentication.User] is set to [FIELD].
[EL Config]: metadata: 2016-03-31 10:28:15.052--ServerSession(1444700183)--Thread(Thread[Test worker,5,main])--The target entity (reference) class for the one to one mapping element [field userData] is being defaulted to: class com.app.shared.aaaboundedcontext.authentication.UserData.
[EL Config]: metadata: 2016-03-31 10:28:15.052--ServerSession(1444700183)--Thread(Thread[Test worker,5,main])--The target entity (reference) class for the one to many mapping element [field passRecovery] is being defaulted to: class com.app.shared.aaaboundedcontext.authentication.PassRecovery.
[EL Config]: metadata: 2016-03-31 10:28:15.052--ServerSession(1444700183)--Thread(Thread[Test worker,5,main])--The access type for the persistent class [class com.spartan.healthmeter.entity.ZenHealthStatus] is set to [FIELD].
[EL Config]: metadata: 2016-03-31 10:28:15.053--ServerSession(1444700183)--Thread(Thread[Test worker,5,main])--The access type for the persistent class [class com.app.shared.aaaboundedcontext.authentication.UserAccessDomain] is set to [FIELD].
[EL Config]: metadata: 2016-03-31 10:28:15.053--ServerSession(1444700183)--Thread(Thread[Test worker,5,main])--The access type for the persistent class [class com.app.shared.aaaboundedcontext.authorization.AppMenus] is set to [FIELD].
[EL Config]: metadata: 2016-03-31 10:28:15.054--ServerSession(1444700183)--Thread(Thread[Test worker,5,main])--The access type for the persistent class [class com.spartan.healthmeter.entity.ZenRequestDetails] is set to [FIELD].
[EL Config]: metadata: 2016-03-31 10:28:15.054--ServerSession(1444700183)--Thread(Thread[Test worker,5,main])--The access type for the persistent class [class com.spartan.healthmeter.entity.ArtHealthSchedulerConfiguration] is set to [FIELD].
[EL Config]: metadata: 2016-03-31 10:28:15.055--ServerSession(1444700183)--Thread(Thread[Test worker,5,main])--The access type for the persistent class [class com.athena.shared.entity.report.ArtReportBuilderDetails] is set to [FIELD].
[EL Config]: metadata: 2016-03-31 10:28:15.056--ServerSession(1444700183)--Thread(Thread[Test worker,5,main])--The access type for the persistent class [class com.app.shared.aaaboundedcontext.authorization.RoleMenuBridge] is set to [FIELD].
[EL Config]: metadata: 2016-03-31 10:28:15.056--ServerSession(1444700183)--Thread(Thread[Test worker,5,main])--The target entity (reference) class for the one to one mapping element [field roles] is being defaulted to: class com.app.shared.aaaboundedcontext.authorization.Roles.
[EL Config]: metadata: 2016-03-31 10:28:15.056--ServerSession(1444700183)--Thread(Thread[Test worker,5,main])--The access type for the persistent class [class com.app.shared.organizationboundedcontext.contacts.CommunicationGroup] is set to [FIELD].
[EL Config]: metadata: 2016-03-31 10:28:15.057--ServerSession(1444700183)--Thread(Thread[Test worker,5,main])--The access type for the persistent class [class com.app.shared.organizationboundedcontext.location.AddressType] is set to [FIELD].
[EL Config]: metadata: 2016-03-31 10:28:15.057--ServerSession(1444700183)--Thread(Thread[Test worker,5,main])--The access type for the persistent class [class com.spartan.healthmeter.entity.ZenHealthCounter] is set to [FIELD].
[EL Config]: metadata: 2016-03-31 10:28:15.057--ServerSession(1444700183)--Thread(Thread[Test worker,5,main])--The access type for the persistent class [class com.app.shared.organizationboundedcontext.contacts.Gender] is set to [FIELD].
[EL Config]: metadata: 2016-03-31 10:28:15.058--ServerSession(1444700183)--Thread(Thread[Test worker,5,main])--The access type for the persistent class [class com.spartan.healthmeter.entity.ZenHealth] is set to [FIELD].
[EL Config]: metadata: 2016-03-31 10:28:15.059--ServerSession(1444700183)--Thread(Thread[Test worker,5,main])--The access type for the persistent class [class com.app.shared.organizationboundedcontext.contacts.CoreContacts] is set to [FIELD].
[EL Config]: metadata: 2016-03-31 10:28:15.059--ServerSession(1444700183)--Thread(Thread[Test worker,5,main])--The target entity (reference) class for the one to one mapping element [field timezone] is being defaulted to: class com.app.shared.organizationboundedcontext.location.Timezone.
[EL Config]: metadata: 2016-03-31 10:28:15.06--ServerSession(1444700183)--Thread(Thread[Test worker,5,main])--The target entity (reference) class for the one to many mapping element [field address] is being defaulted to: class com.app.shared.organizationboundedcontext.location.Address.
[EL Config]: metadata: 2016-03-31 10:28:15.06--ServerSession(1444700183)--Thread(Thread[Test worker,5,main])--The target entity (reference) class for the one to many mapping element [field communicationData] is being defaulted to: class com.app.shared.organizationboundedcontext.contacts.CommunicationData.
[EL Config]: metadata: 2016-03-31 10:28:15.06--ServerSession(1444700183)--Thread(Thread[Test worker,5,main])--The access type for the persistent class [class com.athena.shared.entity.report.ArtChartDataFieldJson] is set to [FIELD].
[EL Config]: metadata: 2016-03-31 10:28:15.06--ServerSession(1444700183)--Thread(Thread[Test worker,5,main])--The access type for the persistent class [class com.athena.shared.entity.report.ArtReportUI] is set to [FIELD].
[EL Config]: metadata: 2016-03-31 10:28:15.061--ServerSession(1444700183)--Thread(Thread[Test worker,5,main])--The access type for the persistent class [class com.athena.server.bean.EntityBean] is set to [FIELD].
[EL Config]: metadata: 2016-03-31 10:28:15.061--ServerSession(1444700183)--Thread(Thread[Test worker,5,main])--The access type for the persistent class [class com.spartan.sprinkler.entity.ArtLogSeverity] is set to [FIELD].
[EL Config]: metadata: 2016-03-31 10:28:15.061--ServerSession(1444700183)--Thread(Thread[Test worker,5,main])--The target entity (reference) class for the many to one mapping element [field logConfig] is being defaulted to: class com.spartan.sprinkler.entity.ArtLogConfig.
[EL Config]: metadata: 2016-03-31 10:28:15.062--ServerSession(1444700183)--Thread(Thread[Test worker,5,main])--The access type for the persistent class [class com.spartan.sprinkler.entity.ArtLogConnectorAttributes] is set to [FIELD].
[EL Config]: metadata: 2016-03-31 10:28:15.062--ServerSession(1444700183)--Thread(Thread[Test worker,5,main])--The target entity (reference) class for the many to one mapping element [field logConnector] is being defaulted to: class com.spartan.sprinkler.entity.ArtLogConnector.
[EL Config]: metadata: 2016-03-31 10:28:15.062--ServerSession(1444700183)--Thread(Thread[Test worker,5,main])--The access type for the persistent class [class com.app.shared.aaaboundedcontext.authorization.UserRoleBridge] is set to [FIELD].
[EL Config]: metadata: 2016-03-31 10:28:15.063--ServerSession(1444700183)--Thread(Thread[Test worker,5,main])--The access type for the persistent class [class com.spartan.healthmeter.shared.EntityAudit] is set to [FIELD].
[EL Config]: metadata: 2016-03-31 10:28:15.063--ServerSession(1444700183)--Thread(Thread[Test worker,5,main])--The access type for the persistent class [class com.app.shared.SystemInfo] is set to [FIELD].
[EL Config]: metadata: 2016-03-31 10:28:15.064--ServerSession(1444700183)--Thread(Thread[Test worker,5,main])--The access type for the persistent class [class com.spartan.healthmeter.shared.SystemInfo] is set to [FIELD].
[EL Config]: metadata: 2016-03-31 10:28:15.064--ServerSession(1444700183)--Thread(Thread[Test worker,5,main])--The access type for the persistent class [class com.app.shared.EntityAudit] is set to [FIELD].
[EL Config]: metadata: 2016-03-31 10:28:15.069--ServerSession(1444700183)--Thread(Thread[Test worker,5,main])--The alias name for the entity class [class com.athena.shared.entity.query.ArtQuery] is being defaulted to: ArtQuery.
[EL Config]: metadata: 2016-03-31 10:28:15.076--ServerSession(1444700183)--Thread(Thread[Test worker,5,main])--The alias name for the entity class [class com.app.shared.salesboundedcontext.sales.Material] is being defaulted to: Material.
[EL Config]: metadata: 2016-03-31 10:28:15.078--ServerSession(1444700183)--Thread(Thread[Test worker,5,main])--The alias name for the entity class [class com.app.shared.aaaboundedcontext.authentication.PasswordPolicy] is being defaulted to: PasswordPolicy.
[EL Config]: metadata: 2016-03-31 10:28:15.079--ServerSession(1444700183)--Thread(Thread[Test worker,5,main])--The alias name for the entity class [class com.app.shared.organizationboundedcontext.location.Language] is being defaulted to: Language.
[EL Config]: metadata: 2016-03-31 10:28:15.079--ServerSession(1444700183)--Thread(Thread[Test worker,5,main])--The alias name for the entity class [class com.app.shared.organizationboundedcontext.contacts.CommunicationData] is being defaulted to: CommunicationData.
[EL Config]: metadata: 2016-03-31 10:28:15.08--ServerSession(1444700183)--Thread(Thread[Test worker,5,main])--The alias name for the entity class [class com.app.shared.aaaboundedcontext.authorization.Roles] is being defaulted to: Roles.
[EL Config]: metadata: 2016-03-31 10:28:15.08--ServerSession(1444700183)--Thread(Thread[Test worker,5,main])--The alias name for the entity class [class com.app.shared.aaaboundedcontext.authentication.LoginSession] is being defaulted to: LoginSession.
[EL Config]: metadata: 2016-03-31 10:28:15.081--ServerSession(1444700183)--Thread(Thread[Test worker,5,main])--The alias name for the entity class [class com.athena.shared.entity.report.ArtChartTemplate] is being defaulted to: ArtChartTemplate.
[EL Config]: metadata: 2016-03-31 10:28:15.081--ServerSession(1444700183)--Thread(Thread[Test worker,5,main])--The alias name for the entity class [class com.app.shared.organizationboundedcontext.location.Country] is being defaulted to: Country.
[EL Config]: metadata: 2016-03-31 10:28:15.082--ServerSession(1444700183)--Thread(Thread[Test worker,5,main])--The alias name for the entity class [class com.spartan.sprinkler.entity.ArtLogConfig] is being defaulted to: ArtLogConfig.
[EL Config]: metadata: 2016-03-31 10:28:15.082--ServerSession(1444700183)--Thread(Thread[Test worker,5,main])--The alias name for the entity class [class com.spartan.healthmeter.entity.ArtHealthStatusConfiguration] is being defaulted to: ArtHealthStatusConfiguration.
[EL Config]: metadata: 2016-03-31 10:28:15.083--ServerSession(1444700183)--Thread(Thread[Test worker,5,main])--The alias name for the entity class [class com.spartan.sprinkler.entity.ArtLogModule] is being defaulted to: ArtLogModule.
[EL Config]: metadata: 2016-03-31 10:28:15.083--ServerSession(1444700183)--Thread(Thread[Test worker,5,main])--The alias name for the entity class [class com.app.shared.salesboundedcontext.sales.Brand] is being defaulted to: Brand.
[EL Config]: metadata: 2016-03-31 10:28:15.084--ServerSession(1444700183)--Thread(Thread[Test worker,5,main])--The alias name for the entity class [class com.spartan.sprinkler.entity.ArtAppAlarm] is being defaulted to: ArtAppAlarm.
[EL Config]: metadata: 2016-03-31 10:28:15.084--ServerSession(1444700183)--Thread(Thread[Test worker,5,main])--The alias name for the entity class [class com.app.shared.aaaboundedcontext.authentication.SessionData] is being defaulted to: SessionData.
[EL Config]: metadata: 2016-03-31 10:28:15.085--ServerSession(1444700183)--Thread(Thread[Test worker,5,main])--The alias name for the entity class [class com.app.shared.salesboundedcontext.sales.Category] is being defaulted to: Category.
[EL Config]: metadata: 2016-03-31 10:28:15.085--ServerSession(1444700183)--Thread(Thread[Test worker,5,main])--The alias name for the entity class [class com.app.shared.organizationboundedcontext.location.Timezone] is being defaulted to: Timezone.
[EL Config]: metadata: 2016-03-31 10:28:15.085--ServerSession(1444700183)--Thread(Thread[Test worker,5,main])--The alias name for the entity class [class com.athena.shared.entity.report.ArtChartCategory] is being defaulted to: ArtChartCategory.
[EL Config]: metadata: 2016-03-31 10:28:15.086--ServerSession(1444700183)--Thread(Thread[Test worker,5,main])--The alias name for the entity class [class com.app.shared.salesboundedcontext.sales.CurrentMonth] is being defaulted to: CurrentMonth.
[EL Config]: metadata: 2016-03-31 10:28:15.086--ServerSession(1444700183)--Thread(Thread[Test worker,5,main])--The alias name for the entity class [class com.athena.shared.entity.report.ArtChartJson] is being defaulted to: ArtChartJson.
[EL Config]: metadata: 2016-03-31 10:28:15.087--ServerSession(1444700183)--Thread(Thread[Test worker,5,main])--The alias name for the entity class [class com.app.shared.organizationboundedcontext.contacts.ContactType] is being defaulted to: ContactType.
[EL Config]: metadata: 2016-03-31 10:28:15.087--ServerSession(1444700183)--Thread(Thread[Test worker,5,main])--The alias name for the entity class [class com.spartan.sprinkler.entity.ArtLoggingProperties] is being defaulted to: ArtLoggingProperties.
[EL Config]: metadata: 2016-03-31 10:28:15.087--ServerSession(1444700183)--Thread(Thread[Test worker,5,main])--The alias name for the entity class [class com.app.shared.salesboundedcontext.sales.Distributor] is being defaulted to: Distributor.
[EL Config]: metadata: 2016-03-31 10:28:15.088--ServerSession(1444700183)--Thread(Thread[Test worker,5,main])--The alias name for the entity class [class com.spartan.healthmeter.entity.ZenHealthGauge] is being defaulted to: ZenHealthGauge.
[EL Config]: metadata: 2016-03-31 10:28:15.088--ServerSession(1444700183)--Thread(Thread[Test worker,5,main])--The alias name for the entity class [class com.athena.shared.entity.report.ArtChartProperties] is being defaulted to: ArtChartProperties.
[EL Config]: metadata: 2016-03-31 10:28:15.089--ServerSession(1444700183)--Thread(Thread[Test worker,5,main])--The alias name for the entity class [class com.athena.shared.entity.query.ArtUserLastStatus] is being defaulted to: ArtUserLastStatus.
[EL Config]: metadata: 2016-03-31 10:28:15.089--ServerSession(1444700183)--Thread(Thread[Test worker,5,main])--The alias name for the entity class [class com.app.shared.organizationboundedcontext.location.Address] is being defaulted to: Address.
[EL Config]: metadata: 2016-03-31 10:28:15.09--ServerSession(1444700183)--Thread(Thread[Test worker,5,main])--The alias name for the entity class [class com.app.shared.salesboundedcontext.sales.SalesData] is being defaulted to: SalesData.
[EL Config]: metadata: 2016-03-31 10:28:15.09--ServerSession(1444700183)--Thread(Thread[Test worker,5,main])--The alias name for the entity class [class com.app.shared.aaaboundedcontext.authentication.Login] is being defaulted to: Login.
[EL Config]: metadata: 2016-03-31 10:28:15.091--ServerSession(1444700183)--Thread(Thread[Test worker,5,main])--The alias name for the entity class [class com.app.shared.organizationboundedcontext.location.State] is being defaulted to: State.
[EL Config]: metadata: 2016-03-31 10:28:15.091--ServerSession(1444700183)--Thread(Thread[Test worker,5,main])--The alias name for the entity class [class com.spartan.healthmeter.entity.HealthSchedulerConfiguration] is being defaulted to: HealthSchedulerConfiguration.
[EL Config]: metadata: 2016-03-31 10:28:15.092--ServerSession(1444700183)--Thread(Thread[Test worker,5,main])--The alias name for the entity class [class com.spartan.healthmeter.entity.ZenSchedulerHealth] is being defaulted to: ZenSchedulerHealth.
[EL Config]: metadata: 2016-03-31 10:28:15.093--ServerSession(1444700183)--Thread(Thread[Test worker,5,main])--The alias name for the entity class [class com.app.shared.salesboundedcontext.sales.Retailer] is being defaulted to: Retailer.
[EL Config]: metadata: 2016-03-31 10:28:15.093--ServerSession(1444700183)--Thread(Thread[Test worker,5,main])--The alias name for the entity class [class com.athena.shared.entity.report.ArtChartType] is being defaulted to: ArtChartType.
[EL Config]: metadata: 2016-03-31 10:28:15.093--ServerSession(1444700183)--Thread(Thread[Test worker,5,main])--The alias name for the entity class [class com.app.shared.organizationboundedcontext.location.City] is being defaulted to: City.
[EL Config]: metadata: 2016-03-31 10:28:15.094--ServerSession(1444700183)--Thread(Thread[Test worker,5,main])--The alias name for the entity class [class com.app.shared.salesboundedcontext.sales.SalesRegion] is being defaulted to: SalesRegion.
[EL Config]: metadata: 2016-03-31 10:28:15.094--ServerSession(1444700183)--Thread(Thread[Test worker,5,main])--The alias name for the entity class [class com.app.shared.aaaboundedcontext.authentication.UserAccessLevel] is being defaulted to: UserAccessLevel.
[EL Config]: metadata: 2016-03-31 10:28:15.095--ServerSession(1444700183)--Thread(Thread[Test worker,5,main])--The alias name for the entity class [class com.spartan.shield.server.entity.AppSessionConfig] is being defaulted to: AppSessionConfig.
[EL Config]: metadata: 2016-03-31 10:28:15.095--ServerSession(1444700183)--Thread(Thread[Test worker,5,main])--The alias name for the entity class [class com.athena.shared.entity.report.ArtChartPropLanguage] is being defaulted to: ArtChartPropLanguage.
[EL Config]: metadata: 2016-03-31 10:28:15.095--ServerSession(1444700183)--Thread(Thread[Test worker,5,main])--The alias name for the entity class [class com.app.shared.salesboundedcontext.sales.UserAccess] is being defaulted to: UserAccess.
[EL Config]: metadata: 2016-03-31 10:28:15.096--ServerSession(1444700183)--Thread(Thread[Test worker,5,main])--The alias name for the entity class [class com.athena.shared.entity.report.ArtLangMaster] is being defaulted to: ArtLangMaster.
[EL Config]: metadata: 2016-03-31 10:28:15.096--ServerSession(1444700183)--Thread(Thread[Test worker,5,main])--The alias name for the entity class [class com.app.shared.aaaboundedcontext.authentication.UserData] is being defaulted to: UserData.
[EL Config]: metadata: 2016-03-31 10:28:15.097--ServerSession(1444700183)--Thread(Thread[Test worker,5,main])--The alias name for the entity class [class com.app.shared.aaaboundedcontext.authentication.PassRecovery] is being defaulted to: PassRecovery.
[EL Config]: metadata: 2016-03-31 10:28:15.097--ServerSession(1444700183)--Thread(Thread[Test worker,5,main])--The alias name for the entity class [class com.spartan.sprinkler.entity.ArtLogConnector] is being defaulted to: ArtLogConnector.
[EL Config]: metadata: 2016-03-31 10:28:15.098--ServerSession(1444700183)--Thread(Thread[Test worker,5,main])--The alias name for the entity class [class com.app.shared.organizationboundedcontext.contacts.CommunicationType] is being defaulted to: CommunicationType.
[EL Config]: metadata: 2016-03-31 10:28:15.098--ServerSession(1444700183)--Thread(Thread[Test worker,5,main])--The alias name for the entity class [class com.app.shared.aaaboundedcontext.authentication.PasswordAlgo] is being defaulted to: PasswordAlgo.
[EL Config]: metadata: 2016-03-31 10:28:15.098--ServerSession(1444700183)--Thread(Thread[Test worker,5,main])--The alias name for the entity class [class com.app.shared.organizationboundedcontext.contacts.Title] is being defaulted to: Title.
[EL Config]: metadata: 2016-03-31 10:28:15.099--ServerSession(1444700183)--Thread(Thread[Test worker,5,main])--The alias name for the entity class [class com.app.shared.salesboundedcontext.sales.Channel] is being defaulted to: Channel.
[EL Config]: metadata: 2016-03-31 10:28:15.099--ServerSession(1444700183)--Thread(Thread[Test worker,5,main])--The alias name for the entity class [class com.app.shared.aaaboundedcontext.authentication.Question] is being defaulted to: Question.
[EL Config]: metadata: 2016-03-31 10:28:15.099--ServerSession(1444700183)--Thread(Thread[Test worker,5,main])--The alias name for the entity class [class com.app.shared.aaaboundedcontext.authentication.User] is being defaulted to: User.
[EL Config]: metadata: 2016-03-31 10:28:15.1--ServerSession(1444700183)--Thread(Thread[Test worker,5,main])--The alias name for the entity class [class com.spartan.healthmeter.entity.ZenHealthStatus] is being defaulted to: ZenHealthStatus.
[EL Config]: metadata: 2016-03-31 10:28:15.1--ServerSession(1444700183)--Thread(Thread[Test worker,5,main])--The alias name for the entity class [class com.app.shared.aaaboundedcontext.authentication.UserAccessDomain] is being defaulted to: UserAccessDomain.
[EL Config]: metadata: 2016-03-31 10:28:15.101--ServerSession(1444700183)--Thread(Thread[Test worker,5,main])--The alias name for the entity class [class com.app.shared.aaaboundedcontext.authorization.AppMenus] is being defaulted to: AppMenus.
[EL Config]: metadata: 2016-03-31 10:28:15.101--ServerSession(1444700183)--Thread(Thread[Test worker,5,main])--The alias name for the entity class [class com.spartan.healthmeter.entity.ZenRequestDetails] is being defaulted to: ZenRequestDetails.
[EL Config]: metadata: 2016-03-31 10:28:15.102--ServerSession(1444700183)--Thread(Thread[Test worker,5,main])--The alias name for the entity class [class com.spartan.healthmeter.entity.ArtHealthSchedulerConfiguration] is being defaulted to: ArtHealthSchedulerConfiguration.
[EL Config]: metadata: 2016-03-31 10:28:15.102--ServerSession(1444700183)--Thread(Thread[Test worker,5,main])--The alias name for the entity class [class com.athena.shared.entity.report.ArtReportBuilderDetails] is being defaulted to: ArtReportBuilderDetails.
[EL Config]: metadata: 2016-03-31 10:28:15.103--ServerSession(1444700183)--Thread(Thread[Test worker,5,main])--The alias name for the entity class [class com.app.shared.aaaboundedcontext.authorization.RoleMenuBridge] is being defaulted to: RoleMenuBridge.
[EL Config]: metadata: 2016-03-31 10:28:15.104--ServerSession(1444700183)--Thread(Thread[Test worker,5,main])--The alias name for the entity class [class com.app.shared.organizationboundedcontext.contacts.CommunicationGroup] is being defaulted to: CommunicationGroup.
[EL Config]: metadata: 2016-03-31 10:28:15.104--ServerSession(1444700183)--Thread(Thread[Test worker,5,main])--The alias name for the entity class [class com.app.shared.organizationboundedcontext.location.AddressType] is being defaulted to: AddressType.
[EL Config]: metadata: 2016-03-31 10:28:15.104--ServerSession(1444700183)--Thread(Thread[Test worker,5,main])--The alias name for the entity class [class com.spartan.healthmeter.entity.ZenHealthCounter] is being defaulted to: ZenHealthCounter.
[EL Config]: metadata: 2016-03-31 10:28:15.105--ServerSession(1444700183)--Thread(Thread[Test worker,5,main])--The alias name for the entity class [class com.app.shared.organizationboundedcontext.contacts.Gender] is being defaulted to: Gender.
[EL Config]: metadata: 2016-03-31 10:28:15.105--ServerSession(1444700183)--Thread(Thread[Test worker,5,main])--The alias name for the entity class [class com.spartan.healthmeter.entity.ZenHealth] is being defaulted to: ZenHealth.
[EL Config]: metadata: 2016-03-31 10:28:15.106--ServerSession(1444700183)--Thread(Thread[Test worker,5,main])--The alias name for the entity class [class com.app.shared.organizationboundedcontext.contacts.CoreContacts] is being defaulted to: CoreContacts.
[EL Config]: metadata: 2016-03-31 10:28:15.107--ServerSession(1444700183)--Thread(Thread[Test worker,5,main])--The alias name for the entity class [class com.athena.shared.entity.report.ArtChartDataFieldJson] is being defaulted to: ArtChartDataFieldJson.
[EL Config]: metadata: 2016-03-31 10:28:15.107--ServerSession(1444700183)--Thread(Thread[Test worker,5,main])--The alias name for the entity class [class com.athena.shared.entity.report.ArtReportUI] is being defaulted to: ArtReportUI.
[EL Config]: metadata: 2016-03-31 10:28:15.108--ServerSession(1444700183)--Thread(Thread[Test worker,5,main])--The alias name for the entity class [class com.athena.server.bean.EntityBean] is being defaulted to: EntityBean.
[EL Config]: metadata: 2016-03-31 10:28:15.108--ServerSession(1444700183)--Thread(Thread[Test worker,5,main])--The table name for entity [class com.athena.server.bean.EntityBean] is being defaulted to: ENTITYBEAN.
[EL Config]: metadata: 2016-03-31 10:28:15.108--ServerSession(1444700183)--Thread(Thread[Test worker,5,main])--The column name for element [id] is being defaulted to: ID.
[EL Config]: metadata: 2016-03-31 10:28:15.108--ServerSession(1444700183)--Thread(Thread[Test worker,5,main])--The column name for element [name] is being defaulted to: NAME.
[EL Config]: metadata: 2016-03-31 10:28:15.108--ServerSession(1444700183)--Thread(Thread[Test worker,5,main])--The column name for element [fields] is being defaulted to: FIELDS.
[EL Config]: metadata: 2016-03-31 10:28:15.11--ServerSession(1444700183)--Thread(Thread[Test worker,5,main])--The alias name for the entity class [class com.spartan.sprinkler.entity.ArtLogSeverity] is being defaulted to: ArtLogSeverity.
[EL Config]: metadata: 2016-03-31 10:28:15.11--ServerSession(1444700183)--Thread(Thread[Test worker,5,main])--The alias name for the entity class [class com.spartan.sprinkler.entity.ArtLogConnectorAttributes] is being defaulted to: ArtLogConnectorAttributes.
[EL Config]: metadata: 2016-03-31 10:28:15.111--ServerSession(1444700183)--Thread(Thread[Test worker,5,main])--The alias name for the entity class [class com.app.shared.aaaboundedcontext.authorization.UserRoleBridge] is being defaulted to: UserRoleBridge.
[EL Info]: 2016-03-31 10:28:15.751--ServerSession(1444700183)--Thread(Thread[Test worker,5,main])--EclipseLink, version: Eclipse Persistence Services - 2.5.1.v20130918-f2b9fc5
[EL Fine]: connection: 2016-03-31 10:28:15.883--Thread(Thread[Test worker,5,main])--Detected database platform: org.eclipse.persistence.platform.database.MySQLPlatform
[EL Config]: connection: 2016-03-31 10:28:15.892--ServerSession(1444700183)--Connection(783019814)--Thread(Thread[Test worker,5,main])--connecting(DatabaseLogin(
	platform=>MySQLPlatform
	user name=> "salesnew"
	datasource URL=> "jdbc:mysql://localhost-MYSQL:3306/salesnew"
))
[EL Config]: connection: 2016-03-31 10:28:15.898--ServerSession(1444700183)--Connection(308744979)--Thread(Thread[Test worker,5,main])--Connected: jdbc:mysql://localhost-MYSQL:3306/salesnew
	User: salesnew@172.17.0.5
	Database: MySQL  Version: 5.7.7-rc
	Driver: MySQL Connector Java  Version: mysql-connector-java-5.1.31 ( Revision: alexander.soklakov@oracle.com-20140520065950-groqzzbvxprqdmnz )
[EL Config]: connection: 2016-03-31 10:28:15.898--ServerSession(1444700183)--Connection(756370901)--Thread(Thread[Test worker,5,main])--connecting(DatabaseLogin(
	platform=>MySQLPlatform
	user name=> "salesnew"
	datasource URL=> "jdbc:mysql://localhost-MYSQL:3306/salesnew"
))
[EL Config]: connection: 2016-03-31 10:28:15.905--ServerSession(1444700183)--Connection(826187085)--Thread(Thread[Test worker,5,main])--Connected: jdbc:mysql://localhost-MYSQL:3306/salesnew
	User: salesnew@172.17.0.5
	Database: MySQL  Version: 5.7.7-rc
	Driver: MySQL Connector Java  Version: mysql-connector-java-5.1.31 ( Revision: alexander.soklakov@oracle.com-20140520065950-groqzzbvxprqdmnz )
[EL Config]: connection: 2016-03-31 10:28:15.905--ServerSession(1444700183)--Connection(97076093)--Thread(Thread[Test worker,5,main])--connecting(DatabaseLogin(
	platform=>MySQLPlatform
	user name=> "salesnew"
	datasource URL=> "jdbc:mysql://localhost-MYSQL:3306/salesnew"
))
[EL Config]: connection: 2016-03-31 10:28:15.912--ServerSession(1444700183)--Connection(1903479723)--Thread(Thread[Test worker,5,main])--Connected: jdbc:mysql://localhost-MYSQL:3306/salesnew
	User: salesnew@172.17.0.5
	Database: MySQL  Version: 5.7.7-rc
	Driver: MySQL Connector Java  Version: mysql-connector-java-5.1.31 ( Revision: alexander.soklakov@oracle.com-20140520065950-groqzzbvxprqdmnz )
[EL Config]: connection: 2016-03-31 10:28:15.912--ServerSession(1444700183)--Connection(719815102)--Thread(Thread[Test worker,5,main])--connecting(DatabaseLogin(
	platform=>MySQLPlatform
	user name=> "salesnew"
	datasource URL=> "jdbc:mysql://localhost-MYSQL:3306/salesnew"
))
[EL Config]: connection: 2016-03-31 10:28:15.919--ServerSession(1444700183)--Connection(470258513)--Thread(Thread[Test worker,5,main])--Connected: jdbc:mysql://localhost-MYSQL:3306/salesnew
	User: salesnew@172.17.0.5
	Database: MySQL  Version: 5.7.7-rc
	Driver: MySQL Connector Java  Version: mysql-connector-java-5.1.31 ( Revision: alexander.soklakov@oracle.com-20140520065950-groqzzbvxprqdmnz )
[EL Config]: connection: 2016-03-31 10:28:15.92--ServerSession(1444700183)--Connection(895007031)--Thread(Thread[Test worker,5,main])--connecting(DatabaseLogin(
	platform=>MySQLPlatform
	user name=> "salesnew"
	datasource URL=> "jdbc:mysql://localhost-MYSQL:3306/salesnew"
))
[EL Config]: connection: 2016-03-31 10:28:15.942--ServerSession(1444700183)--Connection(607011350)--Thread(Thread[Test worker,5,main])--Connected: jdbc:mysql://localhost-MYSQL:3306/salesnew
	User: salesnew@172.17.0.5
	Database: MySQL  Version: 5.7.7-rc
	Driver: MySQL Connector Java  Version: mysql-connector-java-5.1.31 ( Revision: alexander.soklakov@oracle.com-20140520065950-groqzzbvxprqdmnz )
[EL Config]: connection: 2016-03-31 10:28:15.942--ServerSession(1444700183)--Connection(1492436200)--Thread(Thread[Test worker,5,main])--connecting(DatabaseLogin(
	platform=>MySQLPlatform
	user name=> "salesnew"
	datasource URL=> "jdbc:mysql://localhost-MYSQL:3306/salesnew"
))
[EL Config]: connection: 2016-03-31 10:28:15.949--ServerSession(1444700183)--Connection(544614864)--Thread(Thread[Test worker,5,main])--Connected: jdbc:mysql://localhost-MYSQL:3306/salesnew
	User: salesnew@172.17.0.5
	Database: MySQL  Version: 5.7.7-rc
	Driver: MySQL Connector Java  Version: mysql-connector-java-5.1.31 ( Revision: alexander.soklakov@oracle.com-20140520065950-groqzzbvxprqdmnz )
[EL Config]: connection: 2016-03-31 10:28:15.95--ServerSession(1444700183)--Connection(766715734)--Thread(Thread[Test worker,5,main])--connecting(DatabaseLogin(
	platform=>MySQLPlatform
	user name=> "salesnew"
	datasource URL=> "jdbc:mysql://localhost-MYSQL:3306/salesnew"
))
[EL Config]: connection: 2016-03-31 10:28:15.957--ServerSession(1444700183)--Connection(969885287)--Thread(Thread[Test worker,5,main])--Connected: jdbc:mysql://localhost-MYSQL:3306/salesnew
	User: salesnew@172.17.0.5
	Database: MySQL  Version: 5.7.7-rc
	Driver: MySQL Connector Java  Version: mysql-connector-java-5.1.31 ( Revision: alexander.soklakov@oracle.com-20140520065950-groqzzbvxprqdmnz )
[EL Config]: connection: 2016-03-31 10:28:15.957--ServerSession(1444700183)--Connection(1461137879)--Thread(Thread[Test worker,5,main])--connecting(DatabaseLogin(
	platform=>MySQLPlatform
	user name=> "salesnew"
	datasource URL=> "jdbc:mysql://localhost-MYSQL:3306/salesnew"
))
[EL Config]: connection: 2016-03-31 10:28:15.963--ServerSession(1444700183)--Connection(586491493)--Thread(Thread[Test worker,5,main])--Connected: jdbc:mysql://localhost-MYSQL:3306/salesnew
	User: salesnew@172.17.0.5
	Database: MySQL  Version: 5.7.7-rc
	Driver: MySQL Connector Java  Version: mysql-connector-java-5.1.31 ( Revision: alexander.soklakov@oracle.com-20140520065950-groqzzbvxprqdmnz )
[EL Config]: connection: 2016-03-31 10:28:15.963--ServerSession(1444700183)--Connection(212583121)--Thread(Thread[Test worker,5,main])--connecting(DatabaseLogin(
	platform=>MySQLPlatform
	user name=> "salesnew"
	datasource URL=> "jdbc:mysql://localhost-MYSQL:3306/salesnew"
))
[EL Config]: connection: 2016-03-31 10:28:15.969--ServerSession(1444700183)--Connection(205357196)--Thread(Thread[Test worker,5,main])--Connected: jdbc:mysql://localhost-MYSQL:3306/salesnew
	User: salesnew@172.17.0.5
	Database: MySQL  Version: 5.7.7-rc
	Driver: MySQL Connector Java  Version: mysql-connector-java-5.1.31 ( Revision: alexander.soklakov@oracle.com-20140520065950-groqzzbvxprqdmnz )
[EL Config]: connection: 2016-03-31 10:28:15.969--ServerSession(1444700183)--Connection(432172443)--Thread(Thread[Test worker,5,main])--connecting(DatabaseLogin(
	platform=>MySQLPlatform
	user name=> "salesnew"
	datasource URL=> "jdbc:mysql://localhost-MYSQL:3306/salesnew"
))
[EL Config]: connection: 2016-03-31 10:28:15.976--ServerSession(1444700183)--Connection(1165607244)--Thread(Thread[Test worker,5,main])--Connected: jdbc:mysql://localhost-MYSQL:3306/salesnew
	User: salesnew@172.17.0.5
	Database: MySQL  Version: 5.7.7-rc
	Driver: MySQL Connector Java  Version: mysql-connector-java-5.1.31 ( Revision: alexander.soklakov@oracle.com-20140520065950-groqzzbvxprqdmnz )
[EL Config]: connection: 2016-03-31 10:28:15.976--ServerSession(1444700183)--Connection(1015121974)--Thread(Thread[Test worker,5,main])--connecting(DatabaseLogin(
	platform=>MySQLPlatform
	user name=> "salesnew"
	datasource URL=> "jdbc:mysql://localhost-MYSQL:3306/salesnew"
))
[EL Config]: connection: 2016-03-31 10:28:15.981--ServerSession(1444700183)--Connection(1555568157)--Thread(Thread[Test worker,5,main])--Connected: jdbc:mysql://localhost-MYSQL:3306/salesnew
	User: salesnew@172.17.0.5
	Database: MySQL  Version: 5.7.7-rc
	Driver: MySQL Connector Java  Version: mysql-connector-java-5.1.31 ( Revision: alexander.soklakov@oracle.com-20140520065950-groqzzbvxprqdmnz )
[EL Config]: connection: 2016-03-31 10:28:15.982--ServerSession(1444700183)--Connection(968096121)--Thread(Thread[Test worker,5,main])--connecting(DatabaseLogin(
	platform=>MySQLPlatform
	user name=> "salesnew"
	datasource URL=> "jdbc:mysql://localhost-MYSQL:3306/salesnew"
))
[EL Config]: connection: 2016-03-31 10:28:15.987--ServerSession(1444700183)--Connection(2007053465)--Thread(Thread[Test worker,5,main])--Connected: jdbc:mysql://localhost-MYSQL:3306/salesnew
	User: salesnew@172.17.0.5
	Database: MySQL  Version: 5.7.7-rc
	Driver: MySQL Connector Java  Version: mysql-connector-java-5.1.31 ( Revision: alexander.soklakov@oracle.com-20140520065950-groqzzbvxprqdmnz )
[EL Config]: connection: 2016-03-31 10:28:15.987--ServerSession(1444700183)--Connection(2021942826)--Thread(Thread[Test worker,5,main])--connecting(DatabaseLogin(
	platform=>MySQLPlatform
	user name=> "salesnew"
	datasource URL=> "jdbc:mysql://localhost-MYSQL:3306/salesnew"
))
[EL Config]: connection: 2016-03-31 10:28:15.992--ServerSession(1444700183)--Connection(1317211409)--Thread(Thread[Test worker,5,main])--Connected: jdbc:mysql://localhost-MYSQL:3306/salesnew
	User: salesnew@172.17.0.5
	Database: MySQL  Version: 5.7.7-rc
	Driver: MySQL Connector Java  Version: mysql-connector-java-5.1.31 ( Revision: alexander.soklakov@oracle.com-20140520065950-groqzzbvxprqdmnz )
[EL Config]: connection: 2016-03-31 10:28:15.993--ServerSession(1444700183)--Connection(2110717787)--Thread(Thread[Test worker,5,main])--connecting(DatabaseLogin(
	platform=>MySQLPlatform
	user name=> "salesnew"
	datasource URL=> "jdbc:mysql://localhost-MYSQL:3306/salesnew"
))
[EL Config]: connection: 2016-03-31 10:28:15.999--ServerSession(1444700183)--Connection(723095162)--Thread(Thread[Test worker,5,main])--Connected: jdbc:mysql://localhost-MYSQL:3306/salesnew
	User: salesnew@172.17.0.5
	Database: MySQL  Version: 5.7.7-rc
	Driver: MySQL Connector Java  Version: mysql-connector-java-5.1.31 ( Revision: alexander.soklakov@oracle.com-20140520065950-groqzzbvxprqdmnz )
[EL Config]: connection: 2016-03-31 10:28:16.0--ServerSession(1444700183)--Connection(450429361)--Thread(Thread[Test worker,5,main])--connecting(DatabaseLogin(
	platform=>MySQLPlatform
	user name=> "salesnew"
	datasource URL=> "jdbc:mysql://localhost-MYSQL:3306/salesnew"
))
[EL Config]: connection: 2016-03-31 10:28:16.006--ServerSession(1444700183)--Connection(22724441)--Thread(Thread[Test worker,5,main])--Connected: jdbc:mysql://localhost-MYSQL:3306/salesnew
	User: salesnew@172.17.0.5
	Database: MySQL  Version: 5.7.7-rc
	Driver: MySQL Connector Java  Version: mysql-connector-java-5.1.31 ( Revision: alexander.soklakov@oracle.com-20140520065950-groqzzbvxprqdmnz )
[EL Config]: connection: 2016-03-31 10:28:16.007--ServerSession(1444700183)--Connection(22724441)--Thread(Thread[Test worker,5,main])--disconnect
[EL Warning]: metadata: 2016-03-31 10:28:16.015--ServerSession(1444700183)--Thread(Thread[Test worker,5,main])--Reverting the lazy setting on the OneToOne or ManyToOne attribute [user] for the entity class [class com.app.shared.aaaboundedcontext.authentication.UserData] since weaving was not enabled or did not occur.
[EL Warning]: metadata: 2016-03-31 10:28:16.016--ServerSession(1444700183)--Thread(Thread[Test worker,5,main])--Reverting the lazy setting on the OneToOne or ManyToOne attribute [userData] for the entity class [class com.app.shared.aaaboundedcontext.authentication.User] since weaving was not enabled or did not occur.
[EL Warning]: metadata: 2016-03-31 10:28:16.02--ServerSession(1444700183)--Thread(Thread[Test worker,5,main])--Reverting the lazy setting on the OneToOne or ManyToOne attribute [timezone] for the entity class [class com.app.shared.organizationboundedcontext.contacts.CoreContacts] since weaving was not enabled or did not occur.
[EL Warning]: metadata: 2016-03-31 10:28:16.021--ServerSession(1444700183)--Thread(Thread[Test worker,5,main])--Reverting the lazy setting on the OneToOne or ManyToOne attribute [coreContacts] for the entity class [class com.app.shared.aaaboundedcontext.authentication.Login] since weaving was not enabled or did not occur.
[EL Warning]: metadata: 2016-03-31 10:28:16.022--ServerSession(1444700183)--Thread(Thread[Test worker,5,main])--Reverting the lazy setting on the OneToOne or ManyToOne attribute [user] for the entity class [class com.app.shared.aaaboundedcontext.authentication.Login] since weaving was not enabled or did not occur.
[EL Warning]: metadata: 2016-03-31 10:28:16.023--ServerSession(1444700183)--Thread(Thread[Test worker,5,main])--Reverting the lazy setting on the OneToOne or ManyToOne attribute [user] for the entity class [class com.app.shared.aaaboundedcontext.authentication.PassRecovery] since weaving was not enabled or did not occur.
[EL Info]: connection: 2016-03-31 10:28:16.226--ServerSession(1444700183)--Thread(Thread[Test worker,5,main])--file:/home/applifire/workspace/salesnew/build/resources/main_salesnew login successful
[EL Fine]: sql: 2016-03-31 10:28:21.701--ClientSession(1522557581)--Connection(723095162)--Thread(Thread[Test worker,5,main])--SELECT query_id, active_status, app_creator_id, created_by, created_date, hidden_name, jpql_query, name, project_id, project_version_id, query_json, query_type, sql_query, updated_by, updated_date, user_access, version_id FROM art_query WHERE ((active_status = ?) AND (sql_query IS NULL))
	bind => [true]
[EL Config]: connection: 2016-03-31 10:28:21.718--ServerSession(1444700183)--Connection(723095162)--Thread(Thread[Test worker,5,main])--disconnect
[EL Fine]: sql: 2016-03-31 10:28:21.723--ClientSession(1125611486)--Connection(1317211409)--Thread(Thread[Test worker,5,main])--SELECT query_id, active_status, app_creator_id, created_by, created_date, hidden_name, jpql_query, name, project_id, project_version_id, query_json, query_type, sql_query, updated_by, updated_date, user_access, version_id FROM art_query WHERE (query_id = ?)
	bind => [017FE5A6-C7C1-40E2-A4E2-090D95B1CF1F]
[EL Fine]: sql: 2016-03-31 10:28:21.726--ClientSession(1125611486)--Connection(1317211409)--Thread(Thread[Test worker,5,main])--UPDATE art_query SET sql_query = ? WHERE (query_id = ?)
	bind => [DELETE FROM ast_SessionData_T WHERE ((activeStatus = ?) AND (appSessionId = ?)), 017FE5A6-C7C1-40E2-A4E2-090D95B1CF1F]
[EL Config]: connection: 2016-03-31 10:28:21.754--ServerSession(1444700183)--Connection(1317211409)--Thread(Thread[Test worker,5,main])--disconnect
[EL Fine]: sql: 2016-03-31 10:28:21.76--ClientSession(1254078747)--Connection(2007053465)--Thread(Thread[Test worker,5,main])--SELECT query_id, active_status, app_creator_id, created_by, created_date, hidden_name, jpql_query, name, project_id, project_version_id, query_json, query_type, sql_query, updated_by, updated_date, user_access, version_id FROM art_query WHERE (query_id = ?)
	bind => [0A326ADD-8D6A-49D0-8285-AB65D997F1B2]
[EL Fine]: sql: 2016-03-31 10:28:21.761--ClientSession(1254078747)--Connection(2007053465)--Thread(Thread[Test worker,5,main])--UPDATE art_query SET sql_query = ? WHERE (query_id = ?)
	bind => [SELECT t0.regionname FROM ast_SalesRegion_M t0, ast_UserAccess_M t1 WHERE ((t1.region = t0.regioncode) AND (t1.userId = ?)), 0A326ADD-8D6A-49D0-8285-AB65D997F1B2]
[EL Config]: connection: 2016-03-31 10:28:21.796--ServerSession(1444700183)--Connection(2007053465)--Thread(Thread[Test worker,5,main])--disconnect
[EL Fine]: sql: 2016-03-31 10:28:21.806--ClientSession(1213757949)--Connection(1555568157)--Thread(Thread[Test worker,5,main])--SELECT query_id, active_status, app_creator_id, created_by, created_date, hidden_name, jpql_query, name, project_id, project_version_id, query_json, query_type, sql_query, updated_by, updated_date, user_access, version_id FROM art_query WHERE (query_id = ?)
	bind => [17D79AC6-3169-4CAE-80F6-CDFBA37D739B]
[EL Fine]: sql: 2016-03-31 10:28:21.809--ClientSession(1213757949)--Connection(1555568157)--Thread(Thread[Test worker,5,main])--UPDATE art_query SET sql_query = ? WHERE (query_id = ?)
	bind => [SELECT t0.channel, t1.category, t2.branddesc, t3.materialdesc, t4.regionname, t5.distributorname, t5.longitude, t5.lattitude, t6.updatedDate, t6.salesdate, t6.salesyear, t6.salesinvoicenbr, t6.salesqty, t6.netsalesamt, t6.grosssalesamt, t7.monthname, t7.monthid, t8.retailername FROM ast_Retailer_M t8, ast_CurrentMonth_M t7, ast_SalesData_T t6, ast_Distributor_M t5, ast_SalesRegion_M t4, ast_Material_M t3, ast_Brand_M t2, ast_Category_M t1, ast_Channel_M t0 WHERE (((((((((t4.regioncode = t5.regioncode) AND (t5.distributorcode = t8.distributorcode)) AND (t1.categoryId = t2.categoryId)) AND (t8.retailercode = t6.reatilercode)) AND (t2.brandcode = t3.brandcode)) AND (t0.channelId = t6.channelId)) AND (t7.monthid = t6.salesmonth)) AND (t1.categoryId = t6.category)) AND (t3.materialcode = t6.materialcode)) ORDER BY t7.monthid, 17D79AC6-3169-4CAE-80F6-CDFBA37D739B]
[EL Config]: connection: 2016-03-31 10:28:21.846--ServerSession(1444700183)--Connection(1555568157)--Thread(Thread[Test worker,5,main])--disconnect
[EL Fine]: sql: 2016-03-31 10:28:21.858--ClientSession(580783095)--Connection(1165607244)--Thread(Thread[Test worker,5,main])--SELECT query_id, active_status, app_creator_id, created_by, created_date, hidden_name, jpql_query, name, project_id, project_version_id, query_json, query_type, sql_query, updated_by, updated_date, user_access, version_id FROM art_query WHERE (query_id = ?)
	bind => [505F6272-C2D2-4CB8-B3F8-1659F83080FD]
[EL Fine]: sql: 2016-03-31 10:28:21.86--ClientSession(580783095)--Connection(1165607244)--Thread(Thread[Test worker,5,main])--UPDATE art_query SET sql_query = ? WHERE (query_id = ?)
	bind => [SELECT CONCAT(CONCAT(CONCAT(CONCAT(CONCAT(CONCAT(t0.firstName, ?), t2.ipAddress), ?), t2.requestId), ?), t2.appSessionId), t2.requestId, t2.className, t2.requestTime, t2.requestMethod, t2.httpStatus, t2.returnStatus, t2.executionTime, t2.methodName, t2.startTime, t2.endTime, t2.typeofClass, t2.callSeqId, t2.exceptionId, t2.userId, t2.appSessionId FROM ast_User_T t3, zen_request_details t2, ast_Login_T t1, ast_CoreContacts_T t0 WHERE ((((t3.userId = t2.userId) AND (t2.requestTime >= ?)) AND (t2.requestTime <= ?)) AND ((t3.userId = t1.userId) AND (t0.contactId = t1.contactId))) ORDER BY t2.requestTime DESC, t2.requestId, t2.callSeqId ASC, 505F6272-C2D2-4CB8-B3F8-1659F83080FD]
[EL Config]: connection: 2016-03-31 10:28:21.897--ServerSession(1444700183)--Connection(1165607244)--Thread(Thread[Test worker,5,main])--disconnect
[EL Fine]: sql: 2016-03-31 10:28:21.904--ClientSession(1020263922)--Connection(205357196)--Thread(Thread[Test worker,5,main])--SELECT query_id, active_status, app_creator_id, created_by, created_date, hidden_name, jpql_query, name, project_id, project_version_id, query_json, query_type, sql_query, updated_by, updated_date, user_access, version_id FROM art_query WHERE (query_id = ?)
	bind => [68CB3DA2-31FF-415A-9024-9D4DB4C0982C]
[EL Fine]: sql: 2016-03-31 10:28:21.906--ClientSession(1020263922)--Connection(205357196)--Thread(Thread[Test worker,5,main])--UPDATE art_query SET sql_query = ? WHERE (query_id = ?)
	bind => [SELECT t0.regionname, t1.monthid, t1.monthname, t2.distributorname, t2.longitude, t2.lattitude, t3.retailername, t4.autoid, t4.channelId, t4.salesdate, t4.salesmonth, t4.salesyear, t4.salesinvoicenbr, t4.branddesc, t4.salesqty, t4.netsalesamt, t4.grosssalesamt, t4.materialcode, t4.brandcode, t4.category, t4.updatedDate FROM ast_SalesData_T t4, ast_Retailer_M t3, ast_Distributor_M t2, ast_CurrentMonth_M t1, ast_SalesRegion_M t0 WHERE ((((((t4.salesmonth = t1.monthid) AND (t3.distributorcode = t2.distributorcode)) AND (t2.regioncode = t0.regioncode)) AND (t4.reatilercode = t3.retailercode)) AND (t4.salesdate >= ?)) AND (t4.salesdate <= ?)) ORDER BY t1.monthid, 68CB3DA2-31FF-415A-9024-9D4DB4C0982C]
[EL Config]: connection: 2016-03-31 10:28:21.939--ServerSession(1444700183)--Connection(205357196)--Thread(Thread[Test worker,5,main])--disconnect
[EL Fine]: sql: 2016-03-31 10:28:21.949--ClientSession(576541626)--Connection(586491493)--Thread(Thread[Test worker,5,main])--SELECT query_id, active_status, app_creator_id, created_by, created_date, hidden_name, jpql_query, name, project_id, project_version_id, query_json, query_type, sql_query, updated_by, updated_date, user_access, version_id FROM art_query WHERE (query_id = ?)
	bind => [79D9BFE3-0437-4803-A5EC-59AA40047885]
[EL Fine]: sql: 2016-03-31 10:28:21.952--ClientSession(576541626)--Connection(586491493)--Thread(Thread[Test worker,5,main])--UPDATE art_query SET sql_query = ? WHERE (query_id = ?)
	bind => [SELECT healthId, scheduledDateTime, serverInstanceId, serverIpAddress, ROUND((? - ((usedSpace / totalSpace) * ?))), ROUND(((usedSpace / totalSpace) * ?)), ROUND(((totalSpace / ?) / ?)), status FROM zen_health_status ORDER BY scheduledDateTime DESC, 79D9BFE3-0437-4803-A5EC-59AA40047885]
[EL Config]: connection: 2016-03-31 10:28:21.989--ServerSession(1444700183)--Connection(586491493)--Thread(Thread[Test worker,5,main])--disconnect
[EL Fine]: sql: 2016-03-31 10:28:21.992--ClientSession(1172737504)--Connection(969885287)--Thread(Thread[Test worker,5,main])--SELECT query_id, active_status, app_creator_id, created_by, created_date, hidden_name, jpql_query, name, project_id, project_version_id, query_json, query_type, sql_query, updated_by, updated_date, user_access, version_id FROM art_query WHERE (query_id = ?)
	bind => [A76607B7-DA02-4F7B-824B-5B673CE88D39]
[EL Fine]: sql: 2016-03-31 10:28:21.994--ClientSession(1172737504)--Connection(969885287)--Thread(Thread[Test worker,5,main])--UPDATE art_query SET sql_query = ? WHERE (query_id = ?)
	bind => [SELECT t0.loginPk, t0.failedLoginAttempts, t0.loginId, t0.serverAuthImage, t0.serverAuthText, t0.versionId, t0.createdBy, t0.createdDate, t0.updatedBy, t0.updatedDate, t0.activeStatus, t0.txnAccessCode, t0.contactId, t0.userId FROM ast_Login_T t0, ast_User_T t1 WHERE (((t0.activeStatus = ?) AND t1.userId IN (SELECT t2.userId FROM ast_UserRoleBridge_T t2)) AND (t1.userId = t0.userId)), A76607B7-DA02-4F7B-824B-5B673CE88D39]
[EL Config]: connection: 2016-03-31 10:28:22.039--ServerSession(1444700183)--Connection(969885287)--Thread(Thread[Test worker,5,main])--disconnect
[EL Fine]: sql: 2016-03-31 10:28:22.043--ClientSession(1375798739)--Connection(544614864)--Thread(Thread[Test worker,5,main])--SELECT query_id, active_status, app_creator_id, created_by, created_date, hidden_name, jpql_query, name, project_id, project_version_id, query_json, query_type, sql_query, updated_by, updated_date, user_access, version_id FROM art_query WHERE (query_id = ?)
	bind => [AA319F98-0AAA-4562-BEB7-AA4766E3C990]
[EL Fine]: sql: 2016-03-31 10:28:22.046--ClientSession(1375798739)--Connection(544614864)--Thread(Thread[Test worker,5,main])--UPDATE art_query SET sql_query = ? WHERE (query_id = ?)
	bind => [SELECT t0.loginPk, t0.failedLoginAttempts, t0.loginId, t0.serverAuthImage, t0.serverAuthText, t0.versionId, t0.createdBy, t0.createdDate, t0.updatedBy, t0.updatedDate, t0.activeStatus, t0.txnAccessCode, t0.contactId, t0.userId FROM ast_Login_T t0, ast_User_T t1 WHERE (((t0.activeStatus = ?) AND t1.userId NOT IN (SELECT t2.userId FROM ast_UserRoleBridge_T t2)) AND (t1.userId = t0.userId)), AA319F98-0AAA-4562-BEB7-AA4766E3C990]
[EL Fine]: sql: 2016-03-31 10:28:22.132--ClientSession(647669486)--Connection(544614864)--Thread(Thread[Test worker,5,main])--SELECT query_id, active_status, app_creator_id, created_by, created_date, hidden_name, jpql_query, name, project_id, project_version_id, query_json, query_type, sql_query, updated_by, updated_date, user_access, version_id FROM art_query WHERE (query_id = ?)
	bind => [AFC2D0F3-0674-49AE-B36C-14690F7FF79B]
[EL Fine]: sql: 2016-03-31 10:28:22.134--ClientSession(647669486)--Connection(544614864)--Thread(Thread[Test worker,5,main])--UPDATE art_query SET sql_query = ? WHERE (query_id = ?)
	bind => [SELECT t0.regionname, t1.retailername, t2.distributorname, t2.longitude, t2.lattitude, t3.monthid, t3.monthname, t4.autoid, t4.channelId, t4.salesdate, t4.salesyear, t4.salesinvoicenbr, t4.materialdesc, t4.branddesc, t4.salesqty, t4.netsalesamt, t4.grosssalesamt, t4.materialcode, t4.brandcode, t4.category, t4.updatedDate FROM ast_SalesData_T t4, ast_CurrentMonth_M t3, ast_Distributor_M t2, ast_Retailer_M t1, ast_SalesRegion_M t0 WHERE (((((((((t4.reatilercode = t1.retailercode) AND (t1.distributorcode = t2.distributorcode)) AND (t2.regioncode = t0.regioncode)) AND (t4.salesmonth = t3.monthid)) AND t0.regionname LIKE ?) AND t1.retailername LIKE ?) AND t2.distributorname LIKE ?) AND (t4.salesyear = ?)) AND t3.monthname LIKE ?) ORDER BY t3.monthid, AFC2D0F3-0674-49AE-B36C-14690F7FF79B]
[EL Fine]: sql: 2016-03-31 10:28:22.214--ClientSession(567239306)--Connection(544614864)--Thread(Thread[Test worker,5,main])--SELECT query_id, active_status, app_creator_id, created_by, created_date, hidden_name, jpql_query, name, project_id, project_version_id, query_json, query_type, sql_query, updated_by, updated_date, user_access, version_id FROM art_query WHERE (query_id = ?)
	bind => [C50EA8A7-6C2C-4647-809C-2726F6627942]
[EL Fine]: sql: 2016-03-31 10:28:22.215--ClientSession(567239306)--Connection(544614864)--Thread(Thread[Test worker,5,main])--UPDATE art_query SET sql_query = ? WHERE (query_id = ?)
	bind => [SELECT monitorId, scheduledDateTime, serverInstanceId, serverIpAddress, totalClass, classLoaded, classUnloaded, gcCollectionTime, gcMemoryName, ((nonHeapCommitted / ?) / ?), ((nonHeapUsed / ?) / ?), ((heapCommitted / ?) / ?), ((maxMemory / ?) / ?), (? - ((usedMemory / totalMemory) * ?)), ((heapUsed / ?) / ?), ((totalMemory / ?) / ?), startTime, upTime, cpuTime, ((freePhysicalSize / ?) / ?), ((totalPhysicalMemorySize / ?) / ?), cpuLoadTime, ROUND(((freeSwapSize / ?) / ?)), systemLoadAverage, ROUND(((totalSwapSize / ?) / ?)), availableProcessor, totalThread, threadPeakCount, threadStartedCount, threadDaemonCount, threadCpuTime, threadUserTime, cpuLoad, ((usedMemory / totalMemory) * ?), ((usedSwapSize / ?) / ?), ((usedPhysicalMemory / ?) / ?) FROM zen_health ORDER BY scheduledDateTime DESC, C50EA8A7-6C2C-4647-809C-2726F6627942]
[EL Fine]: sql: 2016-03-31 10:28:22.35--ClientSession(905198304)--Connection(544614864)--Thread(Thread[Test worker,5,main])--SELECT query_id, active_status, app_creator_id, created_by, created_date, hidden_name, jpql_query, name, project_id, project_version_id, query_json, query_type, sql_query, updated_by, updated_date, user_access, version_id FROM art_query WHERE (query_id = ?)
	bind => [D7786A73-5349-4277-8E1C-E43390B75AC1]
[EL Fine]: sql: 2016-03-31 10:28:22.351--ClientSession(905198304)--Connection(544614864)--Thread(Thread[Test worker,5,main])--UPDATE art_query SET sql_query = ? WHERE (query_id = ?)
	bind => [SELECT dataId, appSessionId, booleanValue, customerId, dataType, dateTimeValue, jsonValue, numberValue, sessionKey, stringValue, userId, versionId, createdBy, createdDate, updatedBy, updatedDate, activeStatus, txnAccessCode FROM ast_SessionData_T WHERE ((activeStatus = ?) AND (appSessionId = ?)), D7786A73-5349-4277-8E1C-E43390B75AC1]
[EL Fine]: sql: 2016-03-31 10:28:22.391--ClientSession(1717544987)--Connection(544614864)--Thread(Thread[Test worker,5,main])--SELECT query_id, active_status, app_creator_id, created_by, created_date, hidden_name, jpql_query, name, project_id, project_version_id, query_json, query_type, sql_query, updated_by, updated_date, user_access, version_id FROM art_query WHERE (query_id = ?)
	bind => [F08E51FE-D498-4789-A3D7-6628ABD3207B]
[EL Fine]: sql: 2016-03-31 10:28:22.393--ClientSession(1717544987)--Connection(544614864)--Thread(Thread[Test worker,5,main])--UPDATE art_query SET sql_query = ? WHERE (query_id = ?)
	bind => [SELECT dataId, appSessionId, booleanValue, customerId, dataType, dateTimeValue, jsonValue, numberValue, sessionKey, stringValue, userId, versionId, createdBy, createdDate, updatedBy, updatedDate, activeStatus, txnAccessCode FROM ast_SessionData_T WHERE (((activeStatus = ?) AND (appSessionId = ?)) AND (sessionKey = ?)), F08E51FE-D498-4789-A3D7-6628ABD3207B]
[EL Fine]: sql: 2016-03-31 10:28:26.838--ClientSession(269474932)--Connection(544614864)--Thread(Thread[Test worker,5,main])--INSERT INTO ast_Category_M (categoryId, category, versionId, createdBy, createdDate, updatedBy, updatedDate, activeStatus, txnAccessCode) VALUES (?, ?, ?, ?, ?, ?, ?, ?, ?)
	bind => [DF55F725-B635-490F-B838-F5E13BC3EFE4, P5U4eigwKuLjOISb3Y9A3v3lUE8mjGv9yLzUnCeel4cvPvvJtW, 1, AAAAA, 2016-03-31 10:28:26.825, null, 2016-03-31 10:28:26.825, 1, 51000]
Setting logged in user info for ADD
[EL Fine]: sql: 2016-03-31 10:28:26.884--ClientSession(1333262390)--Connection(544614864)--Thread(Thread[Test worker,5,main])--INSERT INTO ast_Brand_M (brandcode, branddesc, categoryId, versionId, createdBy, createdDate, updatedBy, updatedDate, activeStatus, txnAccessCode) VALUES (?, ?, ?, ?, ?, ?, ?, ?, ?, ?)
	bind => [985FA9CF-8814-4298-AA26-AA999E418602, 2NdSA3DvFYV5JLgjUZ3eEVG9J19tENzkP8APK6D20i5aOqXC3H, DF55F725-B635-490F-B838-F5E13BC3EFE4, 1, AAAAA, 2016-03-31 10:28:26.881, null, 2016-03-31 10:28:26.881, 1, 51000]
[EL Fine]: sql: 2016-03-31 10:28:26.938--ClientSession(2117543580)--Connection(544614864)--Thread(Thread[Test worker,5,main])--SELECT brandcode, branddesc, categoryId, versionId, createdBy, createdDate, updatedBy, updatedDate, activeStatus, txnAccessCode FROM ast_Brand_M WHERE ((activeStatus = ?) AND (brandcode = ?))
	bind => [1, 985FA9CF-8814-4298-AA26-AA999E418602]
Setting logged in user info for UPDATE
[EL Fine]: sql: 2016-03-31 10:28:26.947--ClientSession(596942274)--Connection(544614864)--Thread(Thread[Test worker,5,main])--SELECT brandcode, branddesc, categoryId, versionId, createdBy, createdDate, updatedBy, updatedDate, activeStatus, txnAccessCode FROM ast_Brand_M WHERE (brandcode = ?)
	bind => [985FA9CF-8814-4298-AA26-AA999E418602]
[EL Fine]: sql: 2016-03-31 10:28:26.949--ClientSession(596942274)--Connection(544614864)--Thread(Thread[Test worker,5,main])--UPDATE ast_Brand_M SET branddesc = ?, updatedBy = ?, versionId = ? WHERE ((brandcode = ?) AND (versionId = ?))
	bind => [pTgN0Jda8zgx3Punbf58hA2PINOicr6abkFPVbaUAErLD25FeB, AAAAA, 2, 985FA9CF-8814-4298-AA26-AA999E418602, 1]
[EL Fine]: sql: 2016-03-31 10:28:26.992--ClientSession(1680530062)--Connection(544614864)--Thread(Thread[Test worker,5,main])--SELECT brandcode, branddesc, categoryId, versionId, createdBy, createdDate, updatedBy, updatedDate, activeStatus, txnAccessCode FROM ast_Brand_M WHERE ((activeStatus = ?) AND (brandcode = ?))
	bind => [1, 985FA9CF-8814-4298-AA26-AA999E418602]
[EL Fine]: sql: 2016-03-31 10:28:26.998--ClientSession(1896426842)--Connection(544614864)--Thread(Thread[Test worker,5,main])--SELECT brandcode, branddesc, categoryId, versionId, createdBy, createdDate, updatedBy, updatedDate, activeStatus, txnAccessCode FROM ast_Brand_M WHERE ((activeStatus = ?) AND (categoryId = ?))
	bind => [1, DF55F725-B635-490F-B838-F5E13BC3EFE4]
[EL Fine]: sql: 2016-03-31 10:28:27.018--ClientSession(1893993458)--Connection(544614864)--Thread(Thread[Test worker,5,main])--SELECT brandcode, branddesc, categoryId, versionId, createdBy, createdDate, updatedBy, updatedDate, activeStatus, txnAccessCode FROM ast_Brand_M WHERE (brandcode = ?)
	bind => [985FA9CF-8814-4298-AA26-AA999E418602]
[EL Fine]: sql: 2016-03-31 10:28:27.02--ClientSession(1893993458)--Connection(544614864)--Thread(Thread[Test worker,5,main])--DELETE FROM ast_Brand_M WHERE ((brandcode = ?) AND (versionId = ?))
	bind => [985FA9CF-8814-4298-AA26-AA999E418602, 2]
[EL Fine]: sql: 2016-03-31 10:28:27.065--ClientSession(1681536092)--Connection(544614864)--Thread(Thread[Test worker,5,main])--SELECT categoryId, category, versionId, createdBy, createdDate, updatedBy, updatedDate, activeStatus, txnAccessCode FROM ast_Category_M WHERE (categoryId = ?)
	bind => [DF55F725-B635-490F-B838-F5E13BC3EFE4]
[EL Fine]: sql: 2016-03-31 10:28:27.066--ClientSession(1681536092)--Connection(544614864)--Thread(Thread[Test worker,5,main])--DELETE FROM ast_Category_M WHERE ((categoryId = ?) AND (versionId = ?))
	bind => [DF55F725-B635-490F-B838-F5E13BC3EFE4, 1]
]]></system-out>
  <system-err><![CDATA[log4j:WARN No appenders could be found for logger (org.springframework.test.context.junit4.SpringJUnit4ClassRunner).
log4j:WARN Please initialize the log4j system properly.
log4j:WARN See http://logging.apache.org/log4j/1.2/faq.html#noconfig for more info.
com.app.shared.salesboundedcontext.sales.Brand.branddesc may not be null
com.athena.framework.server.exception.biz.SpartanConstraintViolationException: Exception in validating entity /com.app.shared.salesboundedcontext.sales.Brand.branddesc may not be null

	at com.athena.framework.server.helper.EntityValidatorHelper.validateEntity(EntityValidatorHelper.java:28)
	at com.app.shared.salesboundedcontext.sales.Brand.isValid(Brand.java:150)
	at com.app.server.service.salesboundedcontext.sales.BrandTestCase.validateBrand(BrandTestCase.java:198)
	at com.app.server.service.salesboundedcontext.sales.BrandTestCase.test5NegativeTesting(BrandTestCase.java:229)
	at sun.reflect.NativeMethodAccessorImpl.invoke0(Native Method)
	at sun.reflect.NativeMethodAccessorImpl.invoke(NativeMethodAccessorImpl.java:57)
	at sun.reflect.DelegatingMethodAccessorImpl.invoke(DelegatingMethodAccessorImpl.java:43)
	at java.lang.reflect.Method.invoke(Method.java:606)
	at org.junit.runners.model.FrameworkMethod$1.runReflectiveCall(FrameworkMethod.java:47)
	at org.junit.internal.runners.model.ReflectiveCallable.run(ReflectiveCallable.java:12)
	at org.junit.runners.model.FrameworkMethod.invokeExplosively(FrameworkMethod.java:44)
	at org.junit.internal.runners.statements.InvokeMethod.evaluate(InvokeMethod.java:17)
	at org.junit.internal.runners.statements.RunBefores.evaluate(RunBefores.java:26)
	at org.springframework.test.context.junit4.statements.RunBeforeTestMethodCallbacks.evaluate(RunBeforeTestMethodCallbacks.java:74)
	at org.junit.internal.runners.statements.RunAfters.evaluate(RunAfters.java:27)
	at org.springframework.test.context.junit4.statements.RunAfterTestMethodCallbacks.evaluate(RunAfterTestMethodCallbacks.java:83)
	at org.springframework.test.context.junit4.statements.SpringRepeat.evaluate(SpringRepeat.java:72)
	at org.springframework.test.context.junit4.SpringJUnit4ClassRunner.runChild(SpringJUnit4ClassRunner.java:233)
	at org.springframework.test.context.junit4.SpringJUnit4ClassRunner.runChild(SpringJUnit4ClassRunner.java:87)
	at org.junit.runners.ParentRunner$3.run(ParentRunner.java:238)
	at org.junit.runners.ParentRunner$1.schedule(ParentRunner.java:63)
	at org.junit.runners.ParentRunner.runChildren(ParentRunner.java:236)
	at org.junit.runners.ParentRunner.access$000(ParentRunner.java:53)
	at org.junit.runners.ParentRunner$2.evaluate(ParentRunner.java:229)
	at org.springframework.test.context.junit4.statements.RunBeforeTestClassCallbacks.evaluate(RunBeforeTestClassCallbacks.java:61)
	at org.springframework.test.context.junit4.statements.RunAfterTestClassCallbacks.evaluate(RunAfterTestClassCallbacks.java:71)
	at org.junit.runners.ParentRunner.run(ParentRunner.java:309)
	at org.springframework.test.context.junit4.SpringJUnit4ClassRunner.run(SpringJUnit4ClassRunner.java:176)
	at org.gradle.api.internal.tasks.testing.junit.JUnitTestClassExecuter.runTestClass(JUnitTestClassExecuter.java:86)
	at org.gradle.api.internal.tasks.testing.junit.JUnitTestClassExecuter.execute(JUnitTestClassExecuter.java:49)
	at org.gradle.api.internal.tasks.testing.junit.JUnitTestClassProcessor.processTestClass(JUnitTestClassProcessor.java:64)
	at org.gradle.api.internal.tasks.testing.SuiteTestClassProcessor.processTestClass(SuiteTestClassProcessor.java:50)
	at sun.reflect.NativeMethodAccessorImpl.invoke0(Native Method)
	at sun.reflect.NativeMethodAccessorImpl.invoke(NativeMethodAccessorImpl.java:57)
	at sun.reflect.DelegatingMethodAccessorImpl.invoke(DelegatingMethodAccessorImpl.java:43)
	at java.lang.reflect.Method.invoke(Method.java:606)
	at org.gradle.messaging.dispatch.ReflectionDispatch.dispatch(ReflectionDispatch.java:35)
	at org.gradle.messaging.dispatch.ReflectionDispatch.dispatch(ReflectionDispatch.java:24)
	at org.gradle.messaging.dispatch.ContextClassLoaderDispatch.dispatch(ContextClassLoaderDispatch.java:32)
	at org.gradle.messaging.dispatch.ProxyDispatchAdapter$DispatchingInvocationHandler.invoke(ProxyDispatchAdapter.java:93)
	at com.sun.proxy.$Proxy2.processTestClass(Unknown Source)
	at org.gradle.api.internal.tasks.testing.worker.TestWorker.processTestClass(TestWorker.java:106)
	at sun.reflect.NativeMethodAccessorImpl.invoke0(Native Method)
	at sun.reflect.NativeMethodAccessorImpl.invoke(NativeMethodAccessorImpl.java:57)
	at sun.reflect.DelegatingMethodAccessorImpl.invoke(DelegatingMethodAccessorImpl.java:43)
	at java.lang.reflect.Method.invoke(Method.java:606)
	at org.gradle.messaging.dispatch.ReflectionDispatch.dispatch(ReflectionDispatch.java:35)
	at org.gradle.messaging.dispatch.ReflectionDispatch.dispatch(ReflectionDispatch.java:24)
	at org.gradle.messaging.remote.internal.hub.MessageHub$Handler.run(MessageHub.java:360)
	at org.gradle.internal.concurrent.DefaultExecutorFactory$StoppableExecutorImpl$1.run(DefaultExecutorFactory.java:64)
	at java.util.concurrent.ThreadPoolExecutor.runWorker(ThreadPoolExecutor.java:1145)
	at java.util.concurrent.ThreadPoolExecutor$Worker.run(ThreadPoolExecutor.java:615)
	at java.lang.Thread.run(Thread.java:745)
com.app.shared.salesboundedcontext.sales.Brand.branddesc size must be between 0 and 64
com.athena.framework.server.exception.biz.SpartanConstraintViolationException: Exception in validating entity /com.app.shared.salesboundedcontext.sales.Brand.branddesc size must be between 0 and 64

	at com.athena.framework.server.helper.EntityValidatorHelper.validateEntity(EntityValidatorHelper.java:28)
	at com.app.shared.salesboundedcontext.sales.Brand.isValid(Brand.java:150)
	at com.app.server.service.salesboundedcontext.sales.BrandTestCase.validateBrand(BrandTestCase.java:196)
	at com.app.server.service.salesboundedcontext.sales.BrandTestCase.test5NegativeTesting(BrandTestCase.java:234)
	at sun.reflect.NativeMethodAccessorImpl.invoke0(Native Method)
	at sun.reflect.NativeMethodAccessorImpl.invoke(NativeMethodAccessorImpl.java:57)
	at sun.reflect.DelegatingMethodAccessorImpl.invoke(DelegatingMethodAccessorImpl.java:43)
	at java.lang.reflect.Method.invoke(Method.java:606)
	at org.junit.runners.model.FrameworkMethod$1.runReflectiveCall(FrameworkMethod.java:47)
	at org.junit.internal.runners.model.ReflectiveCallable.run(ReflectiveCallable.java:12)
	at org.junit.runners.model.FrameworkMethod.invokeExplosively(FrameworkMethod.java:44)
	at org.junit.internal.runners.statements.InvokeMethod.evaluate(InvokeMethod.java:17)
	at org.junit.internal.runners.statements.RunBefores.evaluate(RunBefores.java:26)
	at org.springframework.test.context.junit4.statements.RunBeforeTestMethodCallbacks.evaluate(RunBeforeTestMethodCallbacks.java:74)
	at org.junit.internal.runners.statements.RunAfters.evaluate(RunAfters.java:27)
	at org.springframework.test.context.junit4.statements.RunAfterTestMethodCallbacks.evaluate(RunAfterTestMethodCallbacks.java:83)
	at org.springframework.test.context.junit4.statements.SpringRepeat.evaluate(SpringRepeat.java:72)
	at org.springframework.test.context.junit4.SpringJUnit4ClassRunner.runChild(SpringJUnit4ClassRunner.java:233)
	at org.springframework.test.context.junit4.SpringJUnit4ClassRunner.runChild(SpringJUnit4ClassRunner.java:87)
	at org.junit.runners.ParentRunner$3.run(ParentRunner.java:238)
	at org.junit.runners.ParentRunner$1.schedule(ParentRunner.java:63)
	at org.junit.runners.ParentRunner.runChildren(ParentRunner.java:236)
	at org.junit.runners.ParentRunner.access$000(ParentRunner.java:53)
	at org.junit.runners.ParentRunner$2.evaluate(ParentRunner.java:229)
	at org.springframework.test.context.junit4.statements.RunBeforeTestClassCallbacks.evaluate(RunBeforeTestClassCallbacks.java:61)
	at org.springframework.test.context.junit4.statements.RunAfterTestClassCallbacks.evaluate(RunAfterTestClassCallbacks.java:71)
	at org.junit.runners.ParentRunner.run(ParentRunner.java:309)
	at org.springframework.test.context.junit4.SpringJUnit4ClassRunner.run(SpringJUnit4ClassRunner.java:176)
	at org.gradle.api.internal.tasks.testing.junit.JUnitTestClassExecuter.runTestClass(JUnitTestClassExecuter.java:86)
	at org.gradle.api.internal.tasks.testing.junit.JUnitTestClassExecuter.execute(JUnitTestClassExecuter.java:49)
	at org.gradle.api.internal.tasks.testing.junit.JUnitTestClassProcessor.processTestClass(JUnitTestClassProcessor.java:64)
	at org.gradle.api.internal.tasks.testing.SuiteTestClassProcessor.processTestClass(SuiteTestClassProcessor.java:50)
	at sun.reflect.NativeMethodAccessorImpl.invoke0(Native Method)
	at sun.reflect.NativeMethodAccessorImpl.invoke(NativeMethodAccessorImpl.java:57)
	at sun.reflect.DelegatingMethodAccessorImpl.invoke(DelegatingMethodAccessorImpl.java:43)
	at java.lang.reflect.Method.invoke(Method.java:606)
	at org.gradle.messaging.dispatch.ReflectionDispatch.dispatch(ReflectionDispatch.java:35)
	at org.gradle.messaging.dispatch.ReflectionDispatch.dispatch(ReflectionDispatch.java:24)
	at org.gradle.messaging.dispatch.ContextClassLoaderDispatch.dispatch(ContextClassLoaderDispatch.java:32)
	at org.gradle.messaging.dispatch.ProxyDispatchAdapter$DispatchingInvocationHandler.invoke(ProxyDispatchAdapter.java:93)
	at com.sun.proxy.$Proxy2.processTestClass(Unknown Source)
	at org.gradle.api.internal.tasks.testing.worker.TestWorker.processTestClass(TestWorker.java:106)
	at sun.reflect.NativeMethodAccessorImpl.invoke0(Native Method)
	at sun.reflect.NativeMethodAccessorImpl.invoke(NativeMethodAccessorImpl.java:57)
	at sun.reflect.DelegatingMethodAccessorImpl.invoke(DelegatingMethodAccessorImpl.java:43)
	at java.lang.reflect.Method.invoke(Method.java:606)
	at org.gradle.messaging.dispatch.ReflectionDispatch.dispatch(ReflectionDispatch.java:35)
	at org.gradle.messaging.dispatch.ReflectionDispatch.dispatch(ReflectionDispatch.java:24)
	at org.gradle.messaging.remote.internal.hub.MessageHub$Handler.run(MessageHub.java:360)
	at org.gradle.internal.concurrent.DefaultExecutorFactory$StoppableExecutorImpl$1.run(DefaultExecutorFactory.java:64)
	at java.util.concurrent.ThreadPoolExecutor.runWorker(ThreadPoolExecutor.java:1145)
	at java.util.concurrent.ThreadPoolExecutor$Worker.run(ThreadPoolExecutor.java:615)
	at java.lang.Thread.run(Thread.java:745)
]]></system-err>
</testsuite>
